执行日期：2017-04-17-12：13：23
【接收到的notify通知】:
<xml><appid><![CDATA[wxc767748b8c5bfa4b]]></appid>
<bank_type><![CDATA[CFT]]></bank_type>
<cash_fee><![CDATA[1]]></cash_fee>
<fee_type><![CDATA[CNY]]></fee_type>
<is_subscribe><![CDATA[N]]></is_subscribe>
<mch_id><![CDATA[1460822502]]></mch_id>
<nonce_str><![CDATA[awwjh229p9ctqb3gw1y5cwzpqe5mqqts]]></nonce_str>
<openid><![CDATA[o8wkZ0T68cU8AjdqcbfpYZYaV1eI]]></openid>
<out_trade_no><![CDATA[fsfsdfdsds12345]]></out_trade_no>
<result_code><![CDATA[SUCCESS]]></result_code>
<return_code><![CDATA[SUCCESS]]></return_code>
<sign><![CDATA[15FCCF8D08FE63A2E19DFD327FF14E0C]]></sign>
<time_end><![CDATA[20170417121322]]></time_end>
<total_fee>1</total_fee>
<trade_type><![CDATA[JSAPI]]></trade_type>
<transaction_id><![CDATA[4007612001201704177312293022]]></transaction_id>
</xml>


执行日期：2017-04-17-12：13：23
【支付成功】:
<xml><appid><![CDATA[wxc767748b8c5bfa4b]]></appid>
<bank_type><![CDATA[CFT]]></bank_type>
<cash_fee><![CDATA[1]]></cash_fee>
<fee_type><![CDATA[CNY]]></fee_type>
<is_subscribe><![CDATA[N]]></is_subscribe>
<mch_id><![CDATA[1460822502]]></mch_id>
<nonce_str><![CDATA[awwjh229p9ctqb3gw1y5cwzpqe5mqqts]]></nonce_str>
<openid><![CDATA[o8wkZ0T68cU8AjdqcbfpYZYaV1eI]]></openid>
<out_trade_no><![CDATA[fsfsdfdsds12345]]></out_trade_no>
<result_code><![CDATA[SUCCESS]]></result_code>
<return_code><![CDATA[SUCCESS]]></return_code>
<sign><![CDATA[15FCCF8D08FE63A2E19DFD327FF14E0C]]></sign>
<time_end><![CDATA[20170417121322]]></time_end>
<total_fee>1</total_fee>
<trade_type><![CDATA[JSAPI]]></trade_type>
<transaction_id><![CDATA[4007612001201704177312293022]]></transaction_id>
</xml>


执行日期：2017-04-17-12：13：37
【接收到的notify通知】:
<xml><appid><![CDATA[wxc767748b8c5bfa4b]]></appid>
<bank_type><![CDATA[CFT]]></bank_type>
<cash_fee><![CDATA[1]]></cash_fee>
<fee_type><![CDATA[CNY]]></fee_type>
<is_subscribe><![CDATA[N]]></is_subscribe>
<mch_id><![CDATA[1460822502]]></mch_id>
<nonce_str><![CDATA[awwjh229p9ctqb3gw1y5cwzpqe5mqqts]]></nonce_str>
<openid><![CDATA[o8wkZ0T68cU8AjdqcbfpYZYaV1eI]]></openid>
<out_trade_no><![CDATA[fsfsdfdsds12345]]></out_trade_no>
<result_code><![CDATA[SUCCESS]]></result_code>
<return_code><![CDATA[SUCCESS]]></return_code>
<sign><![CDATA[15FCCF8D08FE63A2E19DFD327FF14E0C]]></sign>
<time_end><![CDATA[20170417121322]]></time_end>
<total_fee>1</total_fee>
<trade_type><![CDATA[JSAPI]]></trade_type>
<transaction_id><![CDATA[4007612001201704177312293022]]></transaction_id>
</xml>


执行日期：2017-04-17-12：13：37
【支付成功】:
<xml><appid><![CDATA[wxc767748b8c5bfa4b]]></appid>
<bank_type><![CDATA[CFT]]></bank_type>
<cash_fee><![CDATA[1]]></cash_fee>
<fee_type><![CDATA[CNY]]></fee_type>
<is_subscribe><![CDATA[N]]></is_subscribe>
<mch_id><![CDATA[1460822502]]></mch_id>
<nonce_str><![CDATA[awwjh229p9ctqb3gw1y5cwzpqe5mqqts]]></nonce_str>
<openid><![CDATA[o8wkZ0T68cU8AjdqcbfpYZYaV1eI]]></openid>
<out_trade_no><![CDATA[fsfsdfdsds12345]]></out_trade_no>
<result_code><![CDATA[SUCCESS]]></result_code>
<return_code><![CDATA[SUCCESS]]></return_code>
<sign><![CDATA[15FCCF8D08FE63A2E19DFD327FF14E0C]]></sign>
<time_end><![CDATA[20170417121322]]></time_end>
<total_fee>1</total_fee>
<trade_type><![CDATA[JSAPI]]></trade_type>
<transaction_id><![CDATA[4007612001201704177312293022]]></transaction_id>
</xml>


执行日期：2017-04-17-12：13：54
【接收到的notify通知】:
<xml><appid><![CDATA[wxc767748b8c5bfa4b]]></appid>
<bank_type><![CDATA[CFT]]></bank_type>
<cash_fee><![CDATA[1]]></cash_fee>
<fee_type><![CDATA[CNY]]></fee_type>
<is_subscribe><![CDATA[N]]></is_subscribe>
<mch_id><![CDATA[1460822502]]></mch_id>
<nonce_str><![CDATA[awwjh229p9ctqb3gw1y5cwzpqe5mqqts]]></nonce_str>
<openid><![CDATA[o8wkZ0T68cU8AjdqcbfpYZYaV1eI]]></openid>
<out_trade_no><![CDATA[fsfsdfdsds12345]]></out_trade_no>
<result_code><![CDATA[SUCCESS]]></result_code>
<return_code><![CDATA[SUCCESS]]></return_code>
<sign><![CDATA[15FCCF8D08FE63A2E19DFD327FF14E0C]]></sign>
<time_end><![CDATA[20170417121322]]></time_end>
<total_fee>1</total_fee>
<trade_type><![CDATA[JSAPI]]></trade_type>
<transaction_id><![CDATA[4007612001201704177312293022]]></transaction_id>
</xml>


执行日期：2017-04-17-12：13：54
【支付成功】:
<xml><appid><![CDATA[wxc767748b8c5bfa4b]]></appid>
<bank_type><![CDATA[CFT]]></bank_type>
<cash_fee><![CDATA[1]]></cash_fee>
<fee_type><![CDATA[CNY]]></fee_type>
<is_subscribe><![CDATA[N]]></is_subscribe>
<mch_id><![CDATA[1460822502]]></mch_id>
<nonce_str><![CDATA[awwjh229p9ctqb3gw1y5cwzpqe5mqqts]]></nonce_str>
<openid><![CDATA[o8wkZ0T68cU8AjdqcbfpYZYaV1eI]]></openid>
<out_trade_no><![CDATA[fsfsdfdsds12345]]></out_trade_no>
<result_code><![CDATA[SUCCESS]]></result_code>
<return_code><![CDATA[SUCCESS]]></return_code>
<sign><![CDATA[15FCCF8D08FE63A2E19DFD327FF14E0C]]></sign>
<time_end><![CDATA[20170417121322]]></time_end>
<total_fee>1</total_fee>
<trade_type><![CDATA[JSAPI]]></trade_type>
<transaction_id><![CDATA[4007612001201704177312293022]]></transaction_id>
</xml>


执行日期：2017-04-17-12：14：26
【接收到的notify通知】:
<xml><appid><![CDATA[wxc767748b8c5bfa4b]]></appid>
<bank_type><![CDATA[CFT]]></bank_type>
<cash_fee><![CDATA[1]]></cash_fee>
<fee_type><![CDATA[CNY]]></fee_type>
<is_subscribe><![CDATA[N]]></is_subscribe>
<mch_id><![CDATA[1460822502]]></mch_id>
<nonce_str><![CDATA[awwjh229p9ctqb3gw1y5cwzpqe5mqqts]]></nonce_str>
<openid><![CDATA[o8wkZ0T68cU8AjdqcbfpYZYaV1eI]]></openid>
<out_trade_no><![CDATA[fsfsdfdsds12345]]></out_trade_no>
<result_code><![CDATA[SUCCESS]]></result_code>
<return_code><![CDATA[SUCCESS]]></return_code>
<sign><![CDATA[15FCCF8D08FE63A2E19DFD327FF14E0C]]></sign>
<time_end><![CDATA[20170417121322]]></time_end>
<total_fee>1</total_fee>
<trade_type><![CDATA[JSAPI]]></trade_type>
<transaction_id><![CDATA[4007612001201704177312293022]]></transaction_id>
</xml>


执行日期：2017-04-17-12：14：26
【支付成功】:
<xml><appid><![CDATA[wxc767748b8c5bfa4b]]></appid>
<bank_type><![CDATA[CFT]]></bank_type>
<cash_fee><![CDATA[1]]></cash_fee>
<fee_type><![CDATA[CNY]]></fee_type>
<is_subscribe><![CDATA[N]]></is_subscribe>
<mch_id><![CDATA[1460822502]]></mch_id>
<nonce_str><![CDATA[awwjh229p9ctqb3gw1y5cwzpqe5mqqts]]></nonce_str>
<openid><![CDATA[o8wkZ0T68cU8AjdqcbfpYZYaV1eI]]></openid>
<out_trade_no><![CDATA[fsfsdfdsds12345]]></out_trade_no>
<result_code><![CDATA[SUCCESS]]></result_code>
<return_code><![CDATA[SUCCESS]]></return_code>
<sign><![CDATA[15FCCF8D08FE63A2E19DFD327FF14E0C]]></sign>
<time_end><![CDATA[20170417121322]]></time_end>
<total_fee>1</total_fee>
<trade_type><![CDATA[JSAPI]]></trade_type>
<transaction_id><![CDATA[4007612001201704177312293022]]></transaction_id>
</xml>


