[ 2017-04-30T00:53:30+08:00 ] 113.46.178.69 /index.php/Index/get_user
INFO: [ app_begin ] --START--
INFO: Run Behavior\ReadHtmlCache [ RunTime:0.000370s ]
INFO: Run Behavior\CronRun [ RunTime:0.000197s ]
INFO: [ app_begin ] --END-- [ RunTime:0.000876s ]
NOTIC: [8192] mysql_connect(): The mysql extension is deprecated and will be removed in the future: use mysqli or PDO instead /home/wwwroot/oho.oxygenhoop.com/ThinkPHP/Library/Think/Db/Driver/Mysql.class.php 第 52 行.
SQL: SHOW COLUMNS FROM `beidou_member` [ RunTime:0.000496s ]
SQL: SELECT `logo`,`name`,`id` FROM `beidou_member` WHERE ( `openid` = 'o8wkZ0T68cU8AjdqcbfpYZYaV1eI' ) LIMIT 1   [ RunTime:0.000053s ]
SQL: SHOW COLUMNS FROM `beidou_active` [ RunTime:0.000395s ]
SQL: SELECT `tname`,`is_pay`,`id` FROM `beidou_active` WHERE ( `member_id` = 7 ) ORDER BY id desc LIMIT 3   [ RunTime:0.000145s ]
SQL: SHOW COLUMNS FROM `beidou_order` [ RunTime:0.000330s ]
SQL: SELECT a.id,a.is_comment,a.pay_status,b.tname,b.start_time,a.ordernum,a.active_id,a.member_id FROM beidou_order a left join beidou_active b on a.active_id=b.id  WHERE ( a.member_id = '7' ) ORDER BY a.addtime desc LIMIT 3   [ RunTime:0.000061s ]
INFO: [ app_end ] --START--
INFO: Run Behavior\ShowPageTrace [ RunTime:0.000401s ]
INFO: [ app_end ] --END-- [ RunTime:0.000442s ]

[ 2017-04-30T00:55:29+08:00 ] 113.46.178.69 /index.php/Index/get_user
INFO: [ app_begin ] --START--
INFO: Run Behavior\ReadHtmlCache [ RunTime:0.000353s ]
INFO: Run Behavior\CronRun [ RunTime:0.000193s ]
INFO: [ app_begin ] --END-- [ RunTime:0.000887s ]
NOTIC: [8192] mysql_connect(): The mysql extension is deprecated and will be removed in the future: use mysqli or PDO instead /home/wwwroot/oho.oxygenhoop.com/ThinkPHP/Library/Think/Db/Driver/Mysql.class.php 第 52 行.
SQL: SHOW COLUMNS FROM `beidou_member` [ RunTime:0.000435s ]
SQL: SELECT `logo`,`name`,`id` FROM `beidou_member` WHERE ( `openid` = 'o8wkZ0T68cU8AjdqcbfpYZYaV1eI' ) LIMIT 1   [ RunTime:0.000049s ]
SQL: SHOW COLUMNS FROM `beidou_active` [ RunTime:0.000378s ]
SQL: SELECT `tname`,`is_pay`,`id` FROM `beidou_active` WHERE ( `member_id` = 7 ) ORDER BY id desc LIMIT 3   [ RunTime:0.000056s ]
SQL: SHOW COLUMNS FROM `beidou_order` [ RunTime:0.000313s ]
SQL: SELECT a.id,a.is_comment,a.pay_status,b.tname,b.start_time,a.ordernum,a.active_id,a.member_id FROM beidou_order a left join beidou_active b on a.active_id=b.id  WHERE ( a.member_id = '7' ) ORDER BY a.addtime desc LIMIT 3   [ RunTime:0.000058s ]
INFO: [ app_end ] --START--
INFO: Run Behavior\ShowPageTrace [ RunTime:0.000387s ]
INFO: [ app_end ] --END-- [ RunTime:0.000427s ]

[ 2017-04-30T13:54:57+08:00 ] 208.93.152.92 /
INFO: [ app_begin ] --START--
INFO: Run Behavior\ReadHtmlCache [ RunTime:0.000357s ]
INFO: Run Behavior\CronRun [ RunTime:0.000198s ]
INFO: [ app_begin ] --END-- [ RunTime:0.000881s ]
INFO: [ app_end ] --START--
INFO: Run Behavior\ShowPageTrace [ RunTime:0.000461s ]
INFO: [ app_end ] --END-- [ RunTime:0.000535s ]

[ 2017-04-30T17:56:53+08:00 ] 47.63.17.19 /
INFO: [ app_begin ] --START--
INFO: Run Behavior\ReadHtmlCache [ RunTime:0.000380s ]
INFO: Run Behavior\CronRun [ RunTime:0.000197s ]
INFO: [ app_begin ] --END-- [ RunTime:0.000873s ]
INFO: [ app_end ] --START--
INFO: Run Behavior\ShowPageTrace [ RunTime:0.000416s ]
INFO: [ app_end ] --END-- [ RunTime:0.000464s ]

[ 2017-04-30T17:58:56+08:00 ] 47.63.17.19 /
INFO: [ app_begin ] --START--
INFO: Run Behavior\ReadHtmlCache [ RunTime:0.000345s ]
INFO: Run Behavior\CronRun [ RunTime:0.000205s ]
INFO: [ app_begin ] --END-- [ RunTime:0.000834s ]
INFO: [ app_end ] --START--
INFO: Run Behavior\ShowPageTrace [ RunTime:0.000384s ]
INFO: [ app_end ] --END-- [ RunTime:0.000432s ]

[ 2017-04-30T18:00:58+08:00 ] 47.63.17.19 /
INFO: [ app_begin ] --START--
INFO: Run Behavior\ReadHtmlCache [ RunTime:0.000388s ]
INFO: Run Behavior\CronRun [ RunTime:0.000197s ]
INFO: [ app_begin ] --END-- [ RunTime:0.000965s ]
INFO: [ app_end ] --START--
INFO: Run Behavior\ShowPageTrace [ RunTime:0.000429s ]
INFO: [ app_end ] --END-- [ RunTime:0.000505s ]

[ 2017-04-30T18:03:02+08:00 ] 47.63.17.19 /
INFO: [ app_begin ] --START--
INFO: Run Behavior\ReadHtmlCache [ RunTime:0.000385s ]
INFO: Run Behavior\CronRun [ RunTime:0.000201s ]
INFO: [ app_begin ] --END-- [ RunTime:0.000881s ]
INFO: [ app_end ] --START--
INFO: Run Behavior\ShowPageTrace [ RunTime:0.000421s ]
INFO: [ app_end ] --END-- [ RunTime:0.000473s ]

[ 2017-04-30T18:05:04+08:00 ] 47.63.17.19 /
INFO: [ app_begin ] --START--
INFO: Run Behavior\ReadHtmlCache [ RunTime:0.000397s ]
INFO: Run Behavior\CronRun [ RunTime:0.000196s ]
INFO: [ app_begin ] --END-- [ RunTime:0.000939s ]
INFO: [ app_end ] --START--
INFO: Run Behavior\ShowPageTrace [ RunTime:0.000394s ]
INFO: [ app_end ] --END-- [ RunTime:0.000443s ]

[ 2017-04-30T18:07:07+08:00 ] 47.63.17.19 /
INFO: [ app_begin ] --START--
INFO: Run Behavior\ReadHtmlCache [ RunTime:0.000350s ]
INFO: Run Behavior\CronRun [ RunTime:0.000210s ]
INFO: [ app_begin ] --END-- [ RunTime:0.000856s ]
INFO: [ app_end ] --START--
INFO: Run Behavior\ShowPageTrace [ RunTime:0.000390s ]
INFO: [ app_end ] --END-- [ RunTime:0.000438s ]

[ 2017-04-30T18:09:09+08:00 ] 47.63.17.19 /
INFO: [ app_begin ] --START--
INFO: Run Behavior\ReadHtmlCache [ RunTime:0.000386s ]
INFO: Run Behavior\CronRun [ RunTime:0.000198s ]
INFO: [ app_begin ] --END-- [ RunTime:0.000875s ]
INFO: [ app_end ] --START--
INFO: Run Behavior\ShowPageTrace [ RunTime:0.000422s ]
INFO: [ app_end ] --END-- [ RunTime:0.000472s ]

[ 2017-04-30T18:11:12+08:00 ] 47.63.17.19 /
INFO: [ app_begin ] --START--
INFO: Run Behavior\ReadHtmlCache [ RunTime:0.000363s ]
INFO: Run Behavior\CronRun [ RunTime:0.000211s ]
INFO: [ app_begin ] --END-- [ RunTime:0.000859s ]
INFO: [ app_end ] --START--
INFO: Run Behavior\ShowPageTrace [ RunTime:0.000400s ]
INFO: [ app_end ] --END-- [ RunTime:0.000448s ]

[ 2017-04-30T18:13:14+08:00 ] 47.63.17.19 /
INFO: [ app_begin ] --START--
INFO: Run Behavior\ReadHtmlCache [ RunTime:0.000397s ]
INFO: Run Behavior\CronRun [ RunTime:0.000209s ]
INFO: [ app_begin ] --END-- [ RunTime:0.000893s ]
INFO: [ app_end ] --START--
INFO: Run Behavior\ShowPageTrace [ RunTime:0.000399s ]
INFO: [ app_end ] --END-- [ RunTime:0.000447s ]

[ 2017-04-30T18:15:17+08:00 ] 47.63.17.19 /
INFO: [ app_begin ] --START--
INFO: Run Behavior\ReadHtmlCache [ RunTime:0.000353s ]
INFO: Run Behavior\CronRun [ RunTime:0.000238s ]
INFO: [ app_begin ] --END-- [ RunTime:0.000899s ]
INFO: [ app_end ] --START--
INFO: Run Behavior\ShowPageTrace [ RunTime:0.000390s ]
INFO: [ app_end ] --END-- [ RunTime:0.000439s ]

[ 2017-04-30T18:17:20+08:00 ] 47.63.17.19 /
INFO: [ app_begin ] --START--
INFO: Run Behavior\ReadHtmlCache [ RunTime:0.000384s ]
INFO: Run Behavior\CronRun [ RunTime:0.000199s ]
INFO: [ app_begin ] --END-- [ RunTime:0.000910s ]
INFO: [ app_end ] --START--
INFO: Run Behavior\ShowPageTrace [ RunTime:0.000430s ]
INFO: [ app_end ] --END-- [ RunTime:0.000486s ]

[ 2017-04-30T18:19:22+08:00 ] 47.63.17.19 /
INFO: [ app_begin ] --START--
INFO: Run Behavior\ReadHtmlCache [ RunTime:0.000356s ]
INFO: Run Behavior\CronRun [ RunTime:0.000216s ]
INFO: [ app_begin ] --END-- [ RunTime:0.000887s ]
INFO: [ app_end ] --START--
INFO: Run Behavior\ShowPageTrace [ RunTime:0.000444s ]
INFO: [ app_end ] --END-- [ RunTime:0.000495s ]

[ 2017-04-30T18:21:25+08:00 ] 47.63.17.19 /
INFO: [ app_begin ] --START--
INFO: Run Behavior\ReadHtmlCache [ RunTime:0.000403s ]
INFO: Run Behavior\CronRun [ RunTime:0.000226s ]
INFO: [ app_begin ] --END-- [ RunTime:0.000921s ]
INFO: [ app_end ] --START--
INFO: Run Behavior\ShowPageTrace [ RunTime:0.000419s ]
INFO: [ app_end ] --END-- [ RunTime:0.000475s ]

[ 2017-04-30T18:23:27+08:00 ] 47.63.17.19 /
INFO: [ app_begin ] --START--
INFO: Run Behavior\ReadHtmlCache [ RunTime:0.000367s ]
INFO: Run Behavior\CronRun [ RunTime:0.000193s ]
INFO: [ app_begin ] --END-- [ RunTime:0.000849s ]
INFO: [ app_end ] --START--
INFO: Run Behavior\ShowPageTrace [ RunTime:0.000405s ]
INFO: [ app_end ] --END-- [ RunTime:0.000452s ]

[ 2017-04-30T18:25:30+08:00 ] 47.63.17.19 /
INFO: [ app_begin ] --START--
INFO: Run Behavior\ReadHtmlCache [ RunTime:0.000343s ]
INFO: Run Behavior\CronRun [ RunTime:0.000206s ]
INFO: [ app_begin ] --END-- [ RunTime:0.000844s ]
INFO: [ app_end ] --START--
INFO: Run Behavior\ShowPageTrace [ RunTime:0.000381s ]
INFO: [ app_end ] --END-- [ RunTime:0.000429s ]

[ 2017-04-30T18:27:33+08:00 ] 47.63.17.19 /
INFO: [ app_begin ] --START--
INFO: Run Behavior\ReadHtmlCache [ RunTime:0.000366s ]
INFO: Run Behavior\CronRun [ RunTime:0.000194s ]
INFO: [ app_begin ] --END-- [ RunTime:0.000850s ]
INFO: [ app_end ] --START--
INFO: Run Behavior\ShowPageTrace [ RunTime:0.000390s ]
INFO: [ app_end ] --END-- [ RunTime:0.000455s ]

[ 2017-04-30T18:29:35+08:00 ] 47.63.17.19 /
INFO: [ app_begin ] --START--
INFO: Run Behavior\ReadHtmlCache [ RunTime:0.000360s ]
INFO: Run Behavior\CronRun [ RunTime:0.000193s ]
INFO: [ app_begin ] --END-- [ RunTime:0.000837s ]
INFO: [ app_end ] --START--
INFO: Run Behavior\ShowPageTrace [ RunTime:0.000385s ]
INFO: [ app_end ] --END-- [ RunTime:0.000433s ]

[ 2017-04-30T18:31:38+08:00 ] 47.63.17.19 /
INFO: [ app_begin ] --START--
INFO: Run Behavior\ReadHtmlCache [ RunTime:0.000447s ]
INFO: Run Behavior\CronRun [ RunTime:0.000212s ]
INFO: [ app_begin ] --END-- [ RunTime:0.001031s ]
INFO: [ app_end ] --START--
INFO: Run Behavior\ShowPageTrace [ RunTime:0.000526s ]
INFO: [ app_end ] --END-- [ RunTime:0.000603s ]

[ 2017-04-30T18:33:41+08:00 ] 47.63.17.19 /
INFO: [ app_begin ] --START--
INFO: Run Behavior\ReadHtmlCache [ RunTime:0.000343s ]
INFO: Run Behavior\CronRun [ RunTime:0.000207s ]
INFO: [ app_begin ] --END-- [ RunTime:0.000843s ]
INFO: [ app_end ] --START--
INFO: Run Behavior\ShowPageTrace [ RunTime:0.000381s ]
INFO: [ app_end ] --END-- [ RunTime:0.000429s ]

[ 2017-04-30T18:35:43+08:00 ] 47.63.17.19 /
INFO: [ app_begin ] --START--
INFO: Run Behavior\ReadHtmlCache [ RunTime:0.000471s ]
INFO: Run Behavior\CronRun [ RunTime:0.000194s ]
INFO: [ app_begin ] --END-- [ RunTime:0.000963s ]
INFO: [ app_end ] --START--
INFO: Run Behavior\ShowPageTrace [ RunTime:0.000399s ]
INFO: [ app_end ] --END-- [ RunTime:0.000447s ]

[ 2017-04-30T18:37:47+08:00 ] 47.63.17.19 /
INFO: [ app_begin ] --START--
INFO: Run Behavior\ReadHtmlCache [ RunTime:0.000360s ]
INFO: Run Behavior\CronRun [ RunTime:0.000194s ]
INFO: [ app_begin ] --END-- [ RunTime:0.000840s ]
INFO: [ app_end ] --START--
INFO: Run Behavior\ShowPageTrace [ RunTime:0.000422s ]
INFO: [ app_end ] --END-- [ RunTime:0.000471s ]

[ 2017-04-30T18:39:51+08:00 ] 47.63.17.19 /
INFO: [ app_begin ] --START--
INFO: Run Behavior\ReadHtmlCache [ RunTime:0.000370s ]
INFO: Run Behavior\CronRun [ RunTime:0.000213s ]
INFO: [ app_begin ] --END-- [ RunTime:0.000883s ]
INFO: [ app_end ] --START--
INFO: Run Behavior\ShowPageTrace [ RunTime:0.000480s ]
INFO: [ app_end ] --END-- [ RunTime:0.000568s ]

[ 2017-04-30T18:41:53+08:00 ] 47.63.17.19 /
INFO: [ app_begin ] --START--
INFO: Run Behavior\ReadHtmlCache [ RunTime:0.000405s ]
INFO: Run Behavior\CronRun [ RunTime:0.000216s ]
INFO: [ app_begin ] --END-- [ RunTime:0.000934s ]
INFO: [ app_end ] --START--
INFO: Run Behavior\ShowPageTrace [ RunTime:0.000459s ]
INFO: [ app_end ] --END-- [ RunTime:0.000531s ]

[ 2017-04-30T18:43:55+08:00 ] 47.63.17.19 /
INFO: [ app_begin ] --START--
INFO: Run Behavior\ReadHtmlCache [ RunTime:0.000398s ]
INFO: Run Behavior\CronRun [ RunTime:0.000206s ]
INFO: [ app_begin ] --END-- [ RunTime:0.000929s ]
INFO: [ app_end ] --START--
INFO: Run Behavior\ShowPageTrace [ RunTime:0.000471s ]
INFO: [ app_end ] --END-- [ RunTime:0.000538s ]

[ 2017-04-30T18:45:58+08:00 ] 47.63.17.19 /
INFO: [ app_begin ] --START--
INFO: Run Behavior\ReadHtmlCache [ RunTime:0.000365s ]
INFO: Run Behavior\CronRun [ RunTime:0.000203s ]
INFO: [ app_begin ] --END-- [ RunTime:0.000870s ]
INFO: [ app_end ] --START--
INFO: Run Behavior\ShowPageTrace [ RunTime:0.000388s ]
INFO: [ app_end ] --END-- [ RunTime:0.000450s ]

[ 2017-04-30T18:48:01+08:00 ] 47.63.17.19 /
INFO: [ app_begin ] --START--
INFO: Run Behavior\ReadHtmlCache [ RunTime:0.000364s ]
INFO: Run Behavior\CronRun [ RunTime:0.000194s ]
INFO: [ app_begin ] --END-- [ RunTime:0.000852s ]
INFO: [ app_end ] --START--
INFO: Run Behavior\ShowPageTrace [ RunTime:0.000424s ]
INFO: [ app_end ] --END-- [ RunTime:0.000486s ]

[ 2017-04-30T18:50:03+08:00 ] 47.63.17.19 /
INFO: [ app_begin ] --START--
INFO: Run Behavior\ReadHtmlCache [ RunTime:0.000380s ]
INFO: Run Behavior\CronRun [ RunTime:0.000203s ]
INFO: [ app_begin ] --END-- [ RunTime:0.000894s ]
INFO: [ app_end ] --START--
INFO: Run Behavior\ShowPageTrace [ RunTime:0.000667s ]
INFO: [ app_end ] --END-- [ RunTime:0.000775s ]

[ 2017-04-30T18:52:08+08:00 ] 47.63.17.19 /
INFO: [ app_begin ] --START--
INFO: Run Behavior\ReadHtmlCache [ RunTime:0.000381s ]
INFO: Run Behavior\CronRun [ RunTime:0.000322s ]
INFO: [ app_begin ] --END-- [ RunTime:0.001019s ]
INFO: [ app_end ] --START--
INFO: Run Behavior\ShowPageTrace [ RunTime:0.000430s ]
INFO: [ app_end ] --END-- [ RunTime:0.000488s ]

[ 2017-04-30T18:54:10+08:00 ] 47.63.17.19 /
INFO: [ app_begin ] --START--
INFO: Run Behavior\ReadHtmlCache [ RunTime:0.000353s ]
INFO: Run Behavior\CronRun [ RunTime:0.000202s ]
INFO: [ app_begin ] --END-- [ RunTime:0.000874s ]
INFO: [ app_end ] --START--
INFO: Run Behavior\ShowPageTrace [ RunTime:0.000406s ]
INFO: [ app_end ] --END-- [ RunTime:0.000466s ]

[ 2017-04-30T18:56:13+08:00 ] 47.63.17.19 /
INFO: [ app_begin ] --START--
INFO: Run Behavior\ReadHtmlCache [ RunTime:0.000394s ]
INFO: Run Behavior\CronRun [ RunTime:0.000197s ]
INFO: [ app_begin ] --END-- [ RunTime:0.000919s ]
INFO: [ app_end ] --START--
INFO: Run Behavior\ShowPageTrace [ RunTime:0.000412s ]
INFO: [ app_end ] --END-- [ RunTime:0.000485s ]

[ 2017-04-30T18:58:16+08:00 ] 47.63.17.19 /
INFO: [ app_begin ] --START--
INFO: Run Behavior\ReadHtmlCache [ RunTime:0.000360s ]
INFO: Run Behavior\CronRun [ RunTime:0.000196s ]
INFO: [ app_begin ] --END-- [ RunTime:0.000873s ]
INFO: [ app_end ] --START--
INFO: Run Behavior\ShowPageTrace [ RunTime:0.000427s ]
INFO: [ app_end ] --END-- [ RunTime:0.000498s ]

[ 2017-04-30T19:00:19+08:00 ] 47.63.17.19 /
INFO: [ app_begin ] --START--
INFO: Run Behavior\ReadHtmlCache [ RunTime:0.000355s ]
INFO: Run Behavior\CronRun [ RunTime:0.000201s ]
INFO: [ app_begin ] --END-- [ RunTime:0.000866s ]
INFO: [ app_end ] --START--
INFO: Run Behavior\ShowPageTrace [ RunTime:0.000396s ]
INFO: [ app_end ] --END-- [ RunTime:0.000444s ]

[ 2017-04-30T19:02:21+08:00 ] 47.63.17.19 /
INFO: [ app_begin ] --START--
INFO: Run Behavior\ReadHtmlCache [ RunTime:0.000406s ]
INFO: Run Behavior\CronRun [ RunTime:0.000199s ]
INFO: [ app_begin ] --END-- [ RunTime:0.000956s ]
INFO: [ app_end ] --START--
INFO: Run Behavior\ShowPageTrace [ RunTime:0.000452s ]
INFO: [ app_end ] --END-- [ RunTime:0.000541s ]

[ 2017-04-30T19:03:31+08:00 ] 139.162.113.204 /
INFO: [ app_begin ] --START--
INFO: Run Behavior\ReadHtmlCache [ RunTime:0.000366s ]
INFO: Run Behavior\CronRun [ RunTime:0.000234s ]
INFO: [ app_begin ] --END-- [ RunTime:0.000887s ]
INFO: [ app_end ] --START--
INFO: Run Behavior\ShowPageTrace [ RunTime:0.000503s ]
INFO: [ app_end ] --END-- [ RunTime:0.000551s ]

[ 2017-04-30T19:04:24+08:00 ] 47.63.17.19 /
INFO: [ app_begin ] --START--
INFO: Run Behavior\ReadHtmlCache [ RunTime:0.000376s ]
INFO: Run Behavior\CronRun [ RunTime:0.000193s ]
INFO: [ app_begin ] --END-- [ RunTime:0.000868s ]
INFO: [ app_end ] --START--
INFO: Run Behavior\ShowPageTrace [ RunTime:0.000432s ]
INFO: [ app_end ] --END-- [ RunTime:0.000481s ]

[ 2017-04-30T19:06:26+08:00 ] 47.63.17.19 /
INFO: [ app_begin ] --START--
INFO: Run Behavior\ReadHtmlCache [ RunTime:0.000627s ]
INFO: Run Behavior\CronRun [ RunTime:0.000220s ]
INFO: [ app_begin ] --END-- [ RunTime:0.001322s ]
INFO: [ app_end ] --START--
INFO: Run Behavior\ShowPageTrace [ RunTime:0.000670s ]
INFO: [ app_end ] --END-- [ RunTime:0.000786s ]

[ 2017-04-30T19:08:28+08:00 ] 47.63.17.19 /
INFO: [ app_begin ] --START--
INFO: Run Behavior\ReadHtmlCache [ RunTime:0.000382s ]
INFO: Run Behavior\CronRun [ RunTime:0.000197s ]
INFO: [ app_begin ] --END-- [ RunTime:0.000902s ]
INFO: [ app_end ] --START--
INFO: Run Behavior\ShowPageTrace [ RunTime:0.000430s ]
INFO: [ app_end ] --END-- [ RunTime:0.000494s ]

[ 2017-04-30T19:10:31+08:00 ] 47.63.17.19 /
INFO: [ app_begin ] --START--
INFO: Run Behavior\ReadHtmlCache [ RunTime:0.000510s ]
INFO: Run Behavior\CronRun [ RunTime:0.000272s ]
INFO: [ app_begin ] --END-- [ RunTime:0.001167s ]
INFO: [ app_end ] --START--
INFO: Run Behavior\ShowPageTrace [ RunTime:0.000638s ]
INFO: [ app_end ] --END-- [ RunTime:0.000739s ]

[ 2017-04-30T19:12:33+08:00 ] 47.63.17.19 /
INFO: [ app_begin ] --START--
INFO: Run Behavior\ReadHtmlCache [ RunTime:0.000389s ]
INFO: Run Behavior\CronRun [ RunTime:0.000197s ]
INFO: [ app_begin ] --END-- [ RunTime:0.000941s ]
INFO: [ app_end ] --START--
INFO: Run Behavior\ShowPageTrace [ RunTime:0.000448s ]
INFO: [ app_end ] --END-- [ RunTime:0.000507s ]

[ 2017-04-30T19:14:36+08:00 ] 47.63.17.19 /
INFO: [ app_begin ] --START--
INFO: Run Behavior\ReadHtmlCache [ RunTime:0.000559s ]
INFO: Run Behavior\CronRun [ RunTime:0.000315s ]
INFO: [ app_begin ] --END-- [ RunTime:0.001325s ]
INFO: [ app_end ] --START--
INFO: Run Behavior\ShowPageTrace [ RunTime:0.000652s ]
INFO: [ app_end ] --END-- [ RunTime:0.000765s ]

[ 2017-04-30T19:16:39+08:00 ] 47.63.17.19 /
INFO: [ app_begin ] --START--
INFO: Run Behavior\ReadHtmlCache [ RunTime:0.000398s ]
INFO: Run Behavior\CronRun [ RunTime:0.000204s ]
INFO: [ app_begin ] --END-- [ RunTime:0.000964s ]
INFO: [ app_end ] --START--
INFO: Run Behavior\ShowPageTrace [ RunTime:0.000441s ]
INFO: [ app_end ] --END-- [ RunTime:0.000520s ]

[ 2017-04-30T19:18:42+08:00 ] 47.63.17.19 /
INFO: [ app_begin ] --START--
INFO: Run Behavior\ReadHtmlCache [ RunTime:0.000380s ]
INFO: Run Behavior\CronRun [ RunTime:0.000195s ]
INFO: [ app_begin ] --END-- [ RunTime:0.000910s ]
INFO: [ app_end ] --START--
INFO: Run Behavior\ShowPageTrace [ RunTime:0.000435s ]
INFO: [ app_end ] --END-- [ RunTime:0.000497s ]

[ 2017-04-30T19:20:44+08:00 ] 47.63.17.19 /
INFO: [ app_begin ] --START--
INFO: Run Behavior\ReadHtmlCache [ RunTime:0.000368s ]
INFO: Run Behavior\CronRun [ RunTime:0.000199s ]
INFO: [ app_begin ] --END-- [ RunTime:0.000881s ]
INFO: [ app_end ] --START--
INFO: Run Behavior\ShowPageTrace [ RunTime:0.000407s ]
INFO: [ app_end ] --END-- [ RunTime:0.000458s ]

[ 2017-04-30T19:22:47+08:00 ] 47.63.17.19 /
INFO: [ app_begin ] --START--
INFO: Run Behavior\ReadHtmlCache [ RunTime:0.000366s ]
INFO: Run Behavior\CronRun [ RunTime:0.000234s ]
INFO: [ app_begin ] --END-- [ RunTime:0.000895s ]
INFO: [ app_end ] --START--
INFO: Run Behavior\ShowPageTrace [ RunTime:0.000409s ]
INFO: [ app_end ] --END-- [ RunTime:0.000459s ]

[ 2017-04-30T19:24:50+08:00 ] 47.63.17.19 /
INFO: [ app_begin ] --START--
INFO: Run Behavior\ReadHtmlCache [ RunTime:0.000351s ]
INFO: Run Behavior\CronRun [ RunTime:0.000197s ]
INFO: [ app_begin ] --END-- [ RunTime:0.000861s ]
INFO: [ app_end ] --START--
INFO: Run Behavior\ShowPageTrace [ RunTime:0.000388s ]
INFO: [ app_end ] --END-- [ RunTime:0.000449s ]

[ 2017-04-30T19:26:52+08:00 ] 47.63.17.19 /
INFO: [ app_begin ] --START--
INFO: Run Behavior\ReadHtmlCache [ RunTime:0.000377s ]
INFO: Run Behavior\CronRun [ RunTime:0.000201s ]
INFO: [ app_begin ] --END-- [ RunTime:0.000898s ]
INFO: [ app_end ] --START--
INFO: Run Behavior\ShowPageTrace [ RunTime:0.000414s ]
INFO: [ app_end ] --END-- [ RunTime:0.000464s ]

[ 2017-04-30T19:28:55+08:00 ] 47.63.17.19 /
INFO: [ app_begin ] --START--
INFO: Run Behavior\ReadHtmlCache [ RunTime:0.000348s ]
INFO: Run Behavior\CronRun [ RunTime:0.000208s ]
INFO: [ app_begin ] --END-- [ RunTime:0.000851s ]
INFO: [ app_end ] --START--
INFO: Run Behavior\ShowPageTrace [ RunTime:0.000427s ]
INFO: [ app_end ] --END-- [ RunTime:0.000476s ]

[ 2017-04-30T19:30:59+08:00 ] 47.63.17.19 /
INFO: [ app_begin ] --START--
INFO: Run Behavior\ReadHtmlCache [ RunTime:0.000375s ]
INFO: Run Behavior\CronRun [ RunTime:0.000197s ]
INFO: [ app_begin ] --END-- [ RunTime:0.000869s ]
INFO: [ app_end ] --START--
INFO: Run Behavior\ShowPageTrace [ RunTime:0.000411s ]
INFO: [ app_end ] --END-- [ RunTime:0.000461s ]

[ 2017-04-30T19:33:01+08:00 ] 47.63.17.19 /
INFO: [ app_begin ] --START--
INFO: Run Behavior\ReadHtmlCache [ RunTime:0.000372s ]
INFO: Run Behavior\CronRun [ RunTime:0.000194s ]
INFO: [ app_begin ] --END-- [ RunTime:0.001013s ]
INFO: [ app_end ] --START--
INFO: Run Behavior\ShowPageTrace [ RunTime:0.000408s ]
INFO: [ app_end ] --END-- [ RunTime:0.000457s ]

[ 2017-04-30T19:35:13+08:00 ] 47.63.17.19 /
INFO: [ app_begin ] --START--
INFO: Run Behavior\ReadHtmlCache [ RunTime:0.000377s ]
INFO: Run Behavior\CronRun [ RunTime:0.000201s ]
INFO: [ app_begin ] --END-- [ RunTime:0.000895s ]
INFO: [ app_end ] --START--
INFO: Run Behavior\ShowPageTrace [ RunTime:0.000644s ]
INFO: [ app_end ] --END-- [ RunTime:0.000714s ]

[ 2017-04-30T19:37:20+08:00 ] 47.63.17.19 /
INFO: [ app_begin ] --START--
INFO: Run Behavior\ReadHtmlCache [ RunTime:0.000383s ]
INFO: Run Behavior\CronRun [ RunTime:0.000197s ]
INFO: [ app_begin ] --END-- [ RunTime:0.000926s ]
INFO: [ app_end ] --START--
INFO: Run Behavior\ShowPageTrace [ RunTime:0.000421s ]
INFO: [ app_end ] --END-- [ RunTime:0.000484s ]

[ 2017-04-30T19:39:25+08:00 ] 47.63.17.19 /
INFO: [ app_begin ] --START--
INFO: Run Behavior\ReadHtmlCache [ RunTime:0.000416s ]
INFO: Run Behavior\CronRun [ RunTime:0.000202s ]
INFO: [ app_begin ] --END-- [ RunTime:0.000977s ]
INFO: [ app_end ] --START--
INFO: Run Behavior\ShowPageTrace [ RunTime:0.000437s ]
INFO: [ app_end ] --END-- [ RunTime:0.000499s ]

[ 2017-04-30T19:41:28+08:00 ] 47.63.17.19 /
INFO: [ app_begin ] --START--
INFO: Run Behavior\ReadHtmlCache [ RunTime:0.000386s ]
INFO: Run Behavior\CronRun [ RunTime:0.000195s ]
INFO: [ app_begin ] --END-- [ RunTime:0.000945s ]
INFO: [ app_end ] --START--
INFO: Run Behavior\ShowPageTrace [ RunTime:0.000408s ]
INFO: [ app_end ] --END-- [ RunTime:0.000457s ]

[ 2017-04-30T19:43:30+08:00 ] 47.63.17.19 /
INFO: [ app_begin ] --START--
INFO: Run Behavior\ReadHtmlCache [ RunTime:0.000599s ]
INFO: Run Behavior\CronRun [ RunTime:0.000324s ]
INFO: [ app_begin ] --END-- [ RunTime:0.001421s ]
INFO: [ app_end ] --START--
INFO: Run Behavior\ShowPageTrace [ RunTime:0.000433s ]
INFO: [ app_end ] --END-- [ RunTime:0.000491s ]

[ 2017-04-30T19:45:34+08:00 ] 47.63.17.19 /
INFO: [ app_begin ] --START--
INFO: Run Behavior\ReadHtmlCache [ RunTime:0.000392s ]
INFO: Run Behavior\CronRun [ RunTime:0.000192s ]
INFO: [ app_begin ] --END-- [ RunTime:0.000894s ]
INFO: [ app_end ] --START--
INFO: Run Behavior\ShowPageTrace [ RunTime:0.000418s ]
INFO: [ app_end ] --END-- [ RunTime:0.000470s ]

[ 2017-04-30T19:47:40+08:00 ] 47.63.17.19 /
INFO: [ app_begin ] --START--
INFO: Run Behavior\ReadHtmlCache [ RunTime:0.000395s ]
INFO: Run Behavior\CronRun [ RunTime:0.000206s ]
INFO: [ app_begin ] --END-- [ RunTime:0.000912s ]
INFO: [ app_end ] --START--
INFO: Run Behavior\ShowPageTrace [ RunTime:0.000404s ]
INFO: [ app_end ] --END-- [ RunTime:0.000453s ]

[ 2017-04-30T19:49:43+08:00 ] 47.63.17.19 /
INFO: [ app_begin ] --START--
INFO: Run Behavior\ReadHtmlCache [ RunTime:0.000370s ]
INFO: Run Behavior\CronRun [ RunTime:0.000191s ]
INFO: [ app_begin ] --END-- [ RunTime:0.000856s ]
INFO: [ app_end ] --START--
INFO: Run Behavior\ShowPageTrace [ RunTime:0.000423s ]
INFO: [ app_end ] --END-- [ RunTime:0.000507s ]

[ 2017-04-30T19:51:46+08:00 ] 47.63.17.19 /
INFO: [ app_begin ] --START--
INFO: Run Behavior\ReadHtmlCache [ RunTime:0.000365s ]
INFO: Run Behavior\CronRun [ RunTime:0.000210s ]
INFO: [ app_begin ] --END-- [ RunTime:0.000902s ]
INFO: [ app_end ] --START--
INFO: Run Behavior\ShowPageTrace [ RunTime:0.000417s ]
INFO: [ app_end ] --END-- [ RunTime:0.000471s ]

[ 2017-04-30T19:53:49+08:00 ] 47.63.17.19 /
INFO: [ app_begin ] --START--
INFO: Run Behavior\ReadHtmlCache [ RunTime:0.000390s ]
INFO: Run Behavior\CronRun [ RunTime:0.000194s ]
INFO: [ app_begin ] --END-- [ RunTime:0.000905s ]
INFO: [ app_end ] --START--
INFO: Run Behavior\ShowPageTrace [ RunTime:0.000457s ]
INFO: [ app_end ] --END-- [ RunTime:0.000506s ]

[ 2017-04-30T19:55:51+08:00 ] 47.63.17.19 /
INFO: [ app_begin ] --START--
INFO: Run Behavior\ReadHtmlCache [ RunTime:0.000432s ]
INFO: Run Behavior\CronRun [ RunTime:0.000209s ]
INFO: [ app_begin ] --END-- [ RunTime:0.000953s ]
INFO: [ app_end ] --START--
INFO: Run Behavior\ShowPageTrace [ RunTime:0.000430s ]
INFO: [ app_end ] --END-- [ RunTime:0.000497s ]

[ 2017-04-30T19:57:53+08:00 ] 47.63.17.19 /
INFO: [ app_begin ] --START--
INFO: Run Behavior\ReadHtmlCache [ RunTime:0.000363s ]
INFO: Run Behavior\CronRun [ RunTime:0.000197s ]
INFO: [ app_begin ] --END-- [ RunTime:0.000887s ]
INFO: [ app_end ] --START--
INFO: Run Behavior\ShowPageTrace [ RunTime:0.000424s ]
INFO: [ app_end ] --END-- [ RunTime:0.000491s ]

[ 2017-04-30T19:59:56+08:00 ] 47.63.17.19 /
INFO: [ app_begin ] --START--
INFO: Run Behavior\ReadHtmlCache [ RunTime:0.000360s ]
INFO: Run Behavior\CronRun [ RunTime:0.000277s ]
INFO: [ app_begin ] --END-- [ RunTime:0.000952s ]
INFO: [ app_end ] --START--
INFO: Run Behavior\ShowPageTrace [ RunTime:0.000404s ]
INFO: [ app_end ] --END-- [ RunTime:0.000452s ]

[ 2017-04-30T20:01:58+08:00 ] 47.63.17.19 /
INFO: [ app_begin ] --START--
INFO: Run Behavior\ReadHtmlCache [ RunTime:0.000625s ]
INFO: Run Behavior\CronRun [ RunTime:0.000210s ]
INFO: [ app_begin ] --END-- [ RunTime:0.001301s ]
INFO: [ app_end ] --START--
INFO: Run Behavior\ShowPageTrace [ RunTime:0.000739s ]
INFO: [ app_end ] --END-- [ RunTime:0.000859s ]

[ 2017-04-30T20:04:05+08:00 ] 47.63.17.19 /
INFO: [ app_begin ] --START--
INFO: Run Behavior\ReadHtmlCache [ RunTime:0.000396s ]
INFO: Run Behavior\CronRun [ RunTime:0.000228s ]
INFO: [ app_begin ] --END-- [ RunTime:0.000949s ]
INFO: [ app_end ] --START--
INFO: Run Behavior\ShowPageTrace [ RunTime:0.000440s ]
INFO: [ app_end ] --END-- [ RunTime:0.000503s ]

[ 2017-04-30T20:06:11+08:00 ] 47.63.17.19 /
INFO: [ app_begin ] --START--
INFO: Run Behavior\ReadHtmlCache [ RunTime:0.000401s ]
INFO: Run Behavior\CronRun [ RunTime:0.000192s ]
INFO: [ app_begin ] --END-- [ RunTime:0.000898s ]
INFO: [ app_end ] --START--
INFO: Run Behavior\ShowPageTrace [ RunTime:0.000434s ]
INFO: [ app_end ] --END-- [ RunTime:0.000509s ]

[ 2017-04-30T20:08:16+08:00 ] 47.63.17.19 /
INFO: [ app_begin ] --START--
INFO: Run Behavior\ReadHtmlCache [ RunTime:0.000408s ]
INFO: Run Behavior\CronRun [ RunTime:0.000237s ]
INFO: [ app_begin ] --END-- [ RunTime:0.000960s ]
INFO: [ app_end ] --START--
INFO: Run Behavior\ShowPageTrace [ RunTime:0.000445s ]
INFO: [ app_end ] --END-- [ RunTime:0.000498s ]

[ 2017-04-30T20:10:19+08:00 ] 47.63.17.19 /
INFO: [ app_begin ] --START--
INFO: Run Behavior\ReadHtmlCache [ RunTime:0.000591s ]
INFO: Run Behavior\CronRun [ RunTime:0.000330s ]
INFO: [ app_begin ] --END-- [ RunTime:0.001406s ]
INFO: [ app_end ] --START--
INFO: Run Behavior\ShowPageTrace [ RunTime:0.000607s ]
INFO: [ app_end ] --END-- [ RunTime:0.000712s ]

[ 2017-04-30T20:12:25+08:00 ] 47.63.17.19 /
INFO: [ app_begin ] --START--
INFO: Run Behavior\ReadHtmlCache [ RunTime:0.000402s ]
INFO: Run Behavior\CronRun [ RunTime:0.000201s ]
INFO: [ app_begin ] --END-- [ RunTime:0.000922s ]
INFO: [ app_end ] --START--
INFO: Run Behavior\ShowPageTrace [ RunTime:0.000421s ]
INFO: [ app_end ] --END-- [ RunTime:0.000488s ]

[ 2017-04-30T20:14:28+08:00 ] 47.63.17.19 /
INFO: [ app_begin ] --START--
INFO: Run Behavior\ReadHtmlCache [ RunTime:0.000392s ]
INFO: Run Behavior\CronRun [ RunTime:0.000199s ]
INFO: [ app_begin ] --END-- [ RunTime:0.000903s ]
INFO: [ app_end ] --START--
INFO: Run Behavior\ShowPageTrace [ RunTime:0.000403s ]
INFO: [ app_end ] --END-- [ RunTime:0.000454s ]

[ 2017-04-30T20:16:30+08:00 ] 47.63.17.19 /
INFO: [ app_begin ] --START--
INFO: Run Behavior\ReadHtmlCache [ RunTime:0.000366s ]
INFO: Run Behavior\CronRun [ RunTime:0.000215s ]
INFO: [ app_begin ] --END-- [ RunTime:0.000873s ]
INFO: [ app_end ] --START--
INFO: Run Behavior\ShowPageTrace [ RunTime:0.000408s ]
INFO: [ app_end ] --END-- [ RunTime:0.000457s ]

[ 2017-04-30T20:18:34+08:00 ] 47.63.17.19 /
INFO: [ app_begin ] --START--
INFO: Run Behavior\ReadHtmlCache [ RunTime:0.000365s ]
INFO: Run Behavior\CronRun [ RunTime:0.000212s ]
INFO: [ app_begin ] --END-- [ RunTime:0.000863s ]
INFO: [ app_end ] --START--
INFO: Run Behavior\ShowPageTrace [ RunTime:0.000399s ]
INFO: [ app_end ] --END-- [ RunTime:0.000450s ]

[ 2017-04-30T20:20:37+08:00 ] 47.63.17.19 /
INFO: [ app_begin ] --START--
INFO: Run Behavior\ReadHtmlCache [ RunTime:0.000378s ]
INFO: Run Behavior\CronRun [ RunTime:0.000199s ]
INFO: [ app_begin ] --END-- [ RunTime:0.000880s ]
INFO: [ app_end ] --START--
INFO: Run Behavior\ShowPageTrace [ RunTime:0.000407s ]
INFO: [ app_end ] --END-- [ RunTime:0.000456s ]

[ 2017-04-30T20:22:39+08:00 ] 47.63.17.19 /
INFO: [ app_begin ] --START--
INFO: Run Behavior\ReadHtmlCache [ RunTime:0.000410s ]
INFO: Run Behavior\CronRun [ RunTime:0.000210s ]
INFO: [ app_begin ] --END-- [ RunTime:0.000904s ]
INFO: [ app_end ] --START--
INFO: Run Behavior\ShowPageTrace [ RunTime:0.000395s ]
INFO: [ app_end ] --END-- [ RunTime:0.000443s ]

[ 2017-04-30T20:24:42+08:00 ] 47.63.17.19 /
INFO: [ app_begin ] --START--
INFO: Run Behavior\ReadHtmlCache [ RunTime:0.000370s ]
INFO: Run Behavior\CronRun [ RunTime:0.000194s ]
INFO: [ app_begin ] --END-- [ RunTime:0.000867s ]
INFO: [ app_end ] --START--
INFO: Run Behavior\ShowPageTrace [ RunTime:0.000406s ]
INFO: [ app_end ] --END-- [ RunTime:0.000454s ]

[ 2017-04-30T20:26:45+08:00 ] 47.63.17.19 /
INFO: [ app_begin ] --START--
INFO: Run Behavior\ReadHtmlCache [ RunTime:0.000366s ]
INFO: Run Behavior\CronRun [ RunTime:0.000192s ]
INFO: [ app_begin ] --END-- [ RunTime:0.000850s ]
INFO: [ app_end ] --START--
INFO: Run Behavior\ShowPageTrace [ RunTime:0.000416s ]
INFO: [ app_end ] --END-- [ RunTime:0.000465s ]

[ 2017-04-30T20:28:47+08:00 ] 47.63.17.19 /
INFO: [ app_begin ] --START--
INFO: Run Behavior\ReadHtmlCache [ RunTime:0.000348s ]
INFO: Run Behavior\CronRun [ RunTime:0.000195s ]
INFO: [ app_begin ] --END-- [ RunTime:0.000854s ]
INFO: [ app_end ] --START--
INFO: Run Behavior\ShowPageTrace [ RunTime:0.000416s ]
INFO: [ app_end ] --END-- [ RunTime:0.000464s ]

[ 2017-04-30T20:30:54+08:00 ] 47.63.17.19 /
INFO: [ app_begin ] --START--
INFO: Run Behavior\ReadHtmlCache [ RunTime:0.000370s ]
INFO: Run Behavior\CronRun [ RunTime:0.000202s ]
INFO: [ app_begin ] --END-- [ RunTime:0.000880s ]
INFO: [ app_end ] --START--
INFO: Run Behavior\ShowPageTrace [ RunTime:0.000417s ]
INFO: [ app_end ] --END-- [ RunTime:0.000468s ]

[ 2017-04-30T20:32:59+08:00 ] 47.63.17.19 /
INFO: [ app_begin ] --START--
INFO: Run Behavior\ReadHtmlCache [ RunTime:0.000361s ]
INFO: Run Behavior\CronRun [ RunTime:0.000193s ]
INFO: [ app_begin ] --END-- [ RunTime:0.000838s ]
INFO: [ app_end ] --START--
INFO: Run Behavior\ShowPageTrace [ RunTime:0.000385s ]
INFO: [ app_end ] --END-- [ RunTime:0.000432s ]

[ 2017-04-30T20:35:02+08:00 ] 47.63.17.19 /
INFO: [ app_begin ] --START--
INFO: Run Behavior\ReadHtmlCache [ RunTime:0.000350s ]
INFO: Run Behavior\CronRun [ RunTime:0.000203s ]
INFO: [ app_begin ] --END-- [ RunTime:0.000854s ]
INFO: [ app_end ] --START--
INFO: Run Behavior\ShowPageTrace [ RunTime:0.000397s ]
INFO: [ app_end ] --END-- [ RunTime:0.000446s ]

[ 2017-04-30T20:37:05+08:00 ] 47.63.17.19 /
INFO: [ app_begin ] --START--
INFO: Run Behavior\ReadHtmlCache [ RunTime:0.000366s ]
INFO: Run Behavior\CronRun [ RunTime:0.000195s ]
INFO: [ app_begin ] --END-- [ RunTime:0.000853s ]
INFO: [ app_end ] --START--
INFO: Run Behavior\ShowPageTrace [ RunTime:0.000404s ]
INFO: [ app_end ] --END-- [ RunTime:0.000451s ]

[ 2017-04-30T20:39:08+08:00 ] 47.63.17.19 /
INFO: [ app_begin ] --START--
INFO: Run Behavior\ReadHtmlCache [ RunTime:0.000371s ]
INFO: Run Behavior\CronRun [ RunTime:0.000201s ]
INFO: [ app_begin ] --END-- [ RunTime:0.000877s ]
INFO: [ app_end ] --START--
INFO: Run Behavior\ShowPageTrace [ RunTime:0.000407s ]
INFO: [ app_end ] --END-- [ RunTime:0.000458s ]

[ 2017-04-30T20:41:11+08:00 ] 47.63.17.19 /
INFO: [ app_begin ] --START--
INFO: Run Behavior\ReadHtmlCache [ RunTime:0.000365s ]
INFO: Run Behavior\CronRun [ RunTime:0.000214s ]
INFO: [ app_begin ] --END-- [ RunTime:0.000872s ]
INFO: [ app_end ] --START--
INFO: Run Behavior\ShowPageTrace [ RunTime:0.000407s ]
INFO: [ app_end ] --END-- [ RunTime:0.000458s ]

[ 2017-04-30T20:43:14+08:00 ] 47.63.17.19 /
INFO: [ app_begin ] --START--
INFO: Run Behavior\ReadHtmlCache [ RunTime:0.000353s ]
INFO: Run Behavior\CronRun [ RunTime:0.000209s ]
INFO: [ app_begin ] --END-- [ RunTime:0.000859s ]
INFO: [ app_end ] --START--
INFO: Run Behavior\ShowPageTrace [ RunTime:0.000405s ]
INFO: [ app_end ] --END-- [ RunTime:0.000455s ]

[ 2017-04-30T20:45:20+08:00 ] 47.63.17.19 /
INFO: [ app_begin ] --START--
INFO: Run Behavior\ReadHtmlCache [ RunTime:0.000380s ]
INFO: Run Behavior\CronRun [ RunTime:0.000198s ]
INFO: [ app_begin ] --END-- [ RunTime:0.000863s ]
INFO: [ app_end ] --START--
INFO: Run Behavior\ShowPageTrace [ RunTime:0.000398s ]
INFO: [ app_end ] --END-- [ RunTime:0.000460s ]

[ 2017-04-30T20:47:22+08:00 ] 47.63.17.19 /
INFO: [ app_begin ] --START--
INFO: Run Behavior\ReadHtmlCache [ RunTime:0.000389s ]
INFO: Run Behavior\CronRun [ RunTime:0.000195s ]
INFO: [ app_begin ] --END-- [ RunTime:0.000882s ]
INFO: [ app_end ] --START--
INFO: Run Behavior\ShowPageTrace [ RunTime:0.000404s ]
INFO: [ app_end ] --END-- [ RunTime:0.000452s ]

[ 2017-04-30T20:49:25+08:00 ] 47.63.17.19 /
INFO: [ app_begin ] --START--
INFO: Run Behavior\ReadHtmlCache [ RunTime:0.000374s ]
INFO: Run Behavior\CronRun [ RunTime:0.000214s ]
INFO: [ app_begin ] --END-- [ RunTime:0.000879s ]
INFO: [ app_end ] --START--
INFO: Run Behavior\ShowPageTrace [ RunTime:0.000406s ]
INFO: [ app_end ] --END-- [ RunTime:0.000470s ]

[ 2017-04-30T20:51:30+08:00 ] 47.63.17.19 /
INFO: [ app_begin ] --START--
INFO: Run Behavior\ReadHtmlCache [ RunTime:0.000556s ]
INFO: Run Behavior\CronRun [ RunTime:0.000258s ]
INFO: [ app_begin ] --END-- [ RunTime:0.001279s ]
INFO: [ app_end ] --START--
INFO: Run Behavior\ShowPageTrace [ RunTime:0.000451s ]
INFO: [ app_end ] --END-- [ RunTime:0.000502s ]

[ 2017-04-30T20:53:32+08:00 ] 47.63.17.19 /
INFO: [ app_begin ] --START--
INFO: Run Behavior\ReadHtmlCache [ RunTime:0.000353s ]
INFO: Run Behavior\CronRun [ RunTime:0.000192s ]
INFO: [ app_begin ] --END-- [ RunTime:0.000870s ]
INFO: [ app_end ] --START--
INFO: Run Behavior\ShowPageTrace [ RunTime:0.000392s ]
INFO: [ app_end ] --END-- [ RunTime:0.000441s ]

[ 2017-04-30T20:55:35+08:00 ] 47.63.17.19 /
INFO: [ app_begin ] --START--
INFO: Run Behavior\ReadHtmlCache [ RunTime:0.000416s ]
INFO: Run Behavior\CronRun [ RunTime:0.000213s ]
INFO: [ app_begin ] --END-- [ RunTime:0.000958s ]
INFO: [ app_end ] --START--
INFO: Run Behavior\ShowPageTrace [ RunTime:0.000459s ]
INFO: [ app_end ] --END-- [ RunTime:0.000513s ]

[ 2017-04-30T20:57:38+08:00 ] 47.63.17.19 /
INFO: [ app_begin ] --START--
INFO: Run Behavior\ReadHtmlCache [ RunTime:0.000408s ]
INFO: Run Behavior\CronRun [ RunTime:0.000204s ]
INFO: [ app_begin ] --END-- [ RunTime:0.001035s ]
INFO: [ app_end ] --START--
INFO: Run Behavior\ShowPageTrace [ RunTime:0.000442s ]
INFO: [ app_end ] --END-- [ RunTime:0.000494s ]

[ 2017-04-30T20:59:44+08:00 ] 47.63.17.19 /
INFO: [ app_begin ] --START--
INFO: Run Behavior\ReadHtmlCache [ RunTime:0.000366s ]
INFO: Run Behavior\CronRun [ RunTime:0.000191s ]
INFO: [ app_begin ] --END-- [ RunTime:0.000855s ]
INFO: [ app_end ] --START--
INFO: Run Behavior\ShowPageTrace [ RunTime:0.000401s ]
INFO: [ app_end ] --END-- [ RunTime:0.000449s ]

[ 2017-04-30T21:01:48+08:00 ] 47.63.17.19 /
INFO: [ app_begin ] --START--
INFO: Run Behavior\ReadHtmlCache [ RunTime:0.000358s ]
INFO: Run Behavior\CronRun [ RunTime:0.000195s ]
INFO: [ app_begin ] --END-- [ RunTime:0.000867s ]
INFO: [ app_end ] --START--
INFO: Run Behavior\ShowPageTrace [ RunTime:0.000395s ]
INFO: [ app_end ] --END-- [ RunTime:0.000443s ]

[ 2017-04-30T21:03:51+08:00 ] 47.63.17.19 /
INFO: [ app_begin ] --START--
INFO: Run Behavior\ReadHtmlCache [ RunTime:0.000374s ]
INFO: Run Behavior\CronRun [ RunTime:0.000198s ]
INFO: [ app_begin ] --END-- [ RunTime:0.000901s ]
INFO: [ app_end ] --START--
INFO: Run Behavior\ShowPageTrace [ RunTime:0.000434s ]
INFO: [ app_end ] --END-- [ RunTime:0.000510s ]

[ 2017-04-30T21:05:55+08:00 ] 47.63.17.19 /
INFO: [ app_begin ] --START--
INFO: Run Behavior\ReadHtmlCache [ RunTime:0.000352s ]
INFO: Run Behavior\CronRun [ RunTime:0.000196s ]
INFO: [ app_begin ] --END-- [ RunTime:0.000861s ]
INFO: [ app_end ] --START--
INFO: Run Behavior\ShowPageTrace [ RunTime:0.000435s ]
INFO: [ app_end ] --END-- [ RunTime:0.000500s ]

[ 2017-04-30T21:07:59+08:00 ] 47.63.17.19 /
INFO: [ app_begin ] --START--
INFO: Run Behavior\ReadHtmlCache [ RunTime:0.000385s ]
INFO: Run Behavior\CronRun [ RunTime:0.000195s ]
INFO: [ app_begin ] --END-- [ RunTime:0.000881s ]
INFO: [ app_end ] --START--
INFO: Run Behavior\ShowPageTrace [ RunTime:0.000422s ]
INFO: [ app_end ] --END-- [ RunTime:0.000496s ]

[ 2017-04-30T21:10:06+08:00 ] 47.63.17.19 /
INFO: [ app_begin ] --START--
INFO: Run Behavior\ReadHtmlCache [ RunTime:0.000345s ]
INFO: Run Behavior\CronRun [ RunTime:0.000218s ]
INFO: [ app_begin ] --END-- [ RunTime:0.000850s ]
INFO: [ app_end ] --START--
INFO: Run Behavior\ShowPageTrace [ RunTime:0.000385s ]
INFO: [ app_end ] --END-- [ RunTime:0.000433s ]

[ 2017-04-30T21:12:09+08:00 ] 47.63.17.19 /
INFO: [ app_begin ] --START--
INFO: Run Behavior\ReadHtmlCache [ RunTime:0.000391s ]
INFO: Run Behavior\CronRun [ RunTime:0.000223s ]
INFO: [ app_begin ] --END-- [ RunTime:0.000927s ]
INFO: [ app_end ] --START--
INFO: Run Behavior\ShowPageTrace [ RunTime:0.000464s ]
INFO: [ app_end ] --END-- [ RunTime:0.000556s ]

[ 2017-04-30T21:14:16+08:00 ] 47.63.17.19 /
INFO: [ app_begin ] --START--
INFO: Run Behavior\ReadHtmlCache [ RunTime:0.000540s ]
INFO: Run Behavior\CronRun [ RunTime:0.000355s ]
INFO: [ app_begin ] --END-- [ RunTime:0.001299s ]
INFO: [ app_end ] --START--
INFO: Run Behavior\ShowPageTrace [ RunTime:0.000686s ]
INFO: [ app_end ] --END-- [ RunTime:0.000793s ]

[ 2017-04-30T21:16:18+08:00 ] 47.63.17.19 /
INFO: [ app_begin ] --START--
INFO: Run Behavior\ReadHtmlCache [ RunTime:0.000355s ]
INFO: Run Behavior\CronRun [ RunTime:0.000208s ]
INFO: [ app_begin ] --END-- [ RunTime:0.000858s ]
INFO: [ app_end ] --START--
INFO: Run Behavior\ShowPageTrace [ RunTime:0.000390s ]
INFO: [ app_end ] --END-- [ RunTime:0.000441s ]

[ 2017-04-30T21:18:21+08:00 ] 47.63.17.19 /
INFO: [ app_begin ] --START--
INFO: Run Behavior\ReadHtmlCache [ RunTime:0.000365s ]
INFO: Run Behavior\CronRun [ RunTime:0.000213s ]
INFO: [ app_begin ] --END-- [ RunTime:0.000866s ]
INFO: [ app_end ] --START--
INFO: Run Behavior\ShowPageTrace [ RunTime:0.000414s ]
INFO: [ app_end ] --END-- [ RunTime:0.000463s ]

[ 2017-04-30T21:20:24+08:00 ] 47.63.17.19 /
INFO: [ app_begin ] --START--
INFO: Run Behavior\ReadHtmlCache [ RunTime:0.000591s ]
INFO: Run Behavior\CronRun [ RunTime:0.000310s ]
INFO: [ app_begin ] --END-- [ RunTime:0.001344s ]
INFO: [ app_end ] --START--
INFO: Run Behavior\ShowPageTrace [ RunTime:0.000418s ]
INFO: [ app_end ] --END-- [ RunTime:0.000468s ]

[ 2017-04-30T21:22:26+08:00 ] 47.63.17.19 /
INFO: [ app_begin ] --START--
INFO: Run Behavior\ReadHtmlCache [ RunTime:0.000348s ]
INFO: Run Behavior\CronRun [ RunTime:0.000204s ]
INFO: [ app_begin ] --END-- [ RunTime:0.000854s ]
INFO: [ app_end ] --START--
INFO: Run Behavior\ShowPageTrace [ RunTime:0.000387s ]
INFO: [ app_end ] --END-- [ RunTime:0.000435s ]

[ 2017-04-30T21:24:29+08:00 ] 47.63.17.19 /
INFO: [ app_begin ] --START--
INFO: Run Behavior\ReadHtmlCache [ RunTime:0.000369s ]
INFO: Run Behavior\CronRun [ RunTime:0.000194s ]
INFO: [ app_begin ] --END-- [ RunTime:0.000857s ]
INFO: [ app_end ] --START--
INFO: Run Behavior\ShowPageTrace [ RunTime:0.000408s ]
INFO: [ app_end ] --END-- [ RunTime:0.000457s ]

[ 2017-04-30T21:26:32+08:00 ] 47.63.17.19 /
INFO: [ app_begin ] --START--
INFO: Run Behavior\ReadHtmlCache [ RunTime:0.000348s ]
INFO: Run Behavior\CronRun [ RunTime:0.000208s ]
INFO: [ app_begin ] --END-- [ RunTime:0.000849s ]
INFO: [ app_end ] --START--
INFO: Run Behavior\ShowPageTrace [ RunTime:0.000458s ]
INFO: [ app_end ] --END-- [ RunTime:0.000523s ]

[ 2017-04-30T21:28:35+08:00 ] 47.63.17.19 /
INFO: [ app_begin ] --START--
INFO: Run Behavior\ReadHtmlCache [ RunTime:0.000376s ]
INFO: Run Behavior\CronRun [ RunTime:0.000198s ]
INFO: [ app_begin ] --END-- [ RunTime:0.000867s ]
INFO: [ app_end ] --START--
INFO: Run Behavior\ShowPageTrace [ RunTime:0.000414s ]
INFO: [ app_end ] --END-- [ RunTime:0.000463s ]

[ 2017-04-30T21:30:37+08:00 ] 47.63.17.19 /
INFO: [ app_begin ] --START--
INFO: Run Behavior\ReadHtmlCache [ RunTime:0.000372s ]
INFO: Run Behavior\CronRun [ RunTime:0.000202s ]
INFO: [ app_begin ] --END-- [ RunTime:0.000888s ]
INFO: [ app_end ] --START--
INFO: Run Behavior\ShowPageTrace [ RunTime:0.000516s ]
INFO: [ app_end ] --END-- [ RunTime:0.000568s ]

[ 2017-04-30T21:32:43+08:00 ] 47.63.17.19 /
INFO: [ app_begin ] --START--
INFO: Run Behavior\ReadHtmlCache [ RunTime:0.000368s ]
INFO: Run Behavior\CronRun [ RunTime:0.000193s ]
INFO: [ app_begin ] --END-- [ RunTime:0.000849s ]
INFO: [ app_end ] --START--
INFO: Run Behavior\ShowPageTrace [ RunTime:0.000407s ]
INFO: [ app_end ] --END-- [ RunTime:0.000455s ]

[ 2017-04-30T21:34:46+08:00 ] 47.63.17.19 /
INFO: [ app_begin ] --START--
INFO: Run Behavior\ReadHtmlCache [ RunTime:0.000458s ]
INFO: Run Behavior\CronRun [ RunTime:0.000242s ]
INFO: [ app_begin ] --END-- [ RunTime:0.001095s ]
INFO: [ app_end ] --START--
INFO: Run Behavior\ShowPageTrace [ RunTime:0.000404s ]
INFO: [ app_end ] --END-- [ RunTime:0.000454s ]

[ 2017-04-30T21:36:49+08:00 ] 47.63.17.19 /
INFO: [ app_begin ] --START--
INFO: Run Behavior\ReadHtmlCache [ RunTime:0.000349s ]
INFO: Run Behavior\CronRun [ RunTime:0.000205s ]
INFO: [ app_begin ] --END-- [ RunTime:0.000865s ]
INFO: [ app_end ] --START--
INFO: Run Behavior\ShowPageTrace [ RunTime:0.000399s ]
INFO: [ app_end ] --END-- [ RunTime:0.000447s ]

[ 2017-04-30T21:38:52+08:00 ] 47.63.17.19 /
INFO: [ app_begin ] --START--
INFO: Run Behavior\ReadHtmlCache [ RunTime:0.000401s ]
INFO: Run Behavior\CronRun [ RunTime:0.000239s ]
INFO: [ app_begin ] --END-- [ RunTime:0.000935s ]
INFO: [ app_end ] --START--
INFO: Run Behavior\ShowPageTrace [ RunTime:0.000553s ]
INFO: [ app_end ] --END-- [ RunTime:0.000604s ]

[ 2017-04-30T21:40:55+08:00 ] 47.63.17.19 /
INFO: [ app_begin ] --START--
INFO: Run Behavior\ReadHtmlCache [ RunTime:0.000371s ]
INFO: Run Behavior\CronRun [ RunTime:0.000215s ]
INFO: [ app_begin ] --END-- [ RunTime:0.000922s ]
INFO: [ app_end ] --START--
INFO: Run Behavior\ShowPageTrace [ RunTime:0.000424s ]
INFO: [ app_end ] --END-- [ RunTime:0.000479s ]

[ 2017-04-30T21:43:00+08:00 ] 47.63.17.19 /
INFO: [ app_begin ] --START--
INFO: Run Behavior\ReadHtmlCache [ RunTime:0.000363s ]
INFO: Run Behavior\CronRun [ RunTime:0.000218s ]
INFO: [ app_begin ] --END-- [ RunTime:0.000886s ]
INFO: [ app_end ] --START--
INFO: Run Behavior\ShowPageTrace [ RunTime:0.000395s ]
INFO: [ app_end ] --END-- [ RunTime:0.000443s ]

[ 2017-04-30T21:45:03+08:00 ] 47.63.17.19 /
INFO: [ app_begin ] --START--
INFO: Run Behavior\ReadHtmlCache [ RunTime:0.000350s ]
INFO: Run Behavior\CronRun [ RunTime:0.000203s ]
INFO: [ app_begin ] --END-- [ RunTime:0.000854s ]
INFO: [ app_end ] --START--
INFO: Run Behavior\ShowPageTrace [ RunTime:0.000385s ]
INFO: [ app_end ] --END-- [ RunTime:0.000433s ]

[ 2017-04-30T21:47:09+08:00 ] 47.63.17.19 /
INFO: [ app_begin ] --START--
INFO: Run Behavior\ReadHtmlCache [ RunTime:0.000378s ]
INFO: Run Behavior\CronRun [ RunTime:0.000214s ]
INFO: [ app_begin ] --END-- [ RunTime:0.000920s ]
INFO: [ app_end ] --START--
INFO: Run Behavior\ShowPageTrace [ RunTime:0.000497s ]
INFO: [ app_end ] --END-- [ RunTime:0.000546s ]

[ 2017-04-30T21:49:12+08:00 ] 47.63.17.19 /
INFO: [ app_begin ] --START--
INFO: Run Behavior\ReadHtmlCache [ RunTime:0.000371s ]
INFO: Run Behavior\CronRun [ RunTime:0.000211s ]
INFO: [ app_begin ] --END-- [ RunTime:0.000868s ]
INFO: [ app_end ] --START--
INFO: Run Behavior\ShowPageTrace [ RunTime:0.000396s ]
INFO: [ app_end ] --END-- [ RunTime:0.000444s ]

[ 2017-04-30T21:51:15+08:00 ] 47.63.17.19 /
INFO: [ app_begin ] --START--
INFO: Run Behavior\ReadHtmlCache [ RunTime:0.000560s ]
INFO: Run Behavior\CronRun [ RunTime:0.000327s ]
INFO: [ app_begin ] --END-- [ RunTime:0.001221s ]
INFO: [ app_end ] --START--
INFO: Run Behavior\ShowPageTrace [ RunTime:0.000663s ]
INFO: [ app_end ] --END-- [ RunTime:0.000782s ]

[ 2017-04-30T21:53:17+08:00 ] 47.63.17.19 /
INFO: [ app_begin ] --START--
INFO: Run Behavior\ReadHtmlCache [ RunTime:0.000398s ]
INFO: Run Behavior\CronRun [ RunTime:0.000210s ]
INFO: [ app_begin ] --END-- [ RunTime:0.000933s ]
INFO: [ app_end ] --START--
INFO: Run Behavior\ShowPageTrace [ RunTime:0.000431s ]
INFO: [ app_end ] --END-- [ RunTime:0.000498s ]

[ 2017-04-30T21:55:21+08:00 ] 47.63.17.19 /
INFO: [ app_begin ] --START--
INFO: Run Behavior\ReadHtmlCache [ RunTime:0.000360s ]
INFO: Run Behavior\CronRun [ RunTime:0.000192s ]
INFO: [ app_begin ] --END-- [ RunTime:0.000861s ]
INFO: [ app_end ] --START--
INFO: Run Behavior\ShowPageTrace [ RunTime:0.000411s ]
INFO: [ app_end ] --END-- [ RunTime:0.000464s ]

[ 2017-04-30T21:57:40+08:00 ] 47.63.17.19 /
INFO: [ app_begin ] --START--
INFO: Run Behavior\ReadHtmlCache [ RunTime:0.000375s ]
INFO: Run Behavior\CronRun [ RunTime:0.000198s ]
INFO: [ app_begin ] --END-- [ RunTime:0.000870s ]
INFO: [ app_end ] --START--
INFO: Run Behavior\ShowPageTrace [ RunTime:0.000406s ]
INFO: [ app_end ] --END-- [ RunTime:0.000455s ]

[ 2017-04-30T21:59:42+08:00 ] 47.63.17.19 /
INFO: [ app_begin ] --START--
INFO: Run Behavior\ReadHtmlCache [ RunTime:0.000370s ]
INFO: Run Behavior\CronRun [ RunTime:0.000199s ]
INFO: [ app_begin ] --END-- [ RunTime:0.000876s ]
INFO: [ app_end ] --START--
INFO: Run Behavior\ShowPageTrace [ RunTime:0.000419s ]
INFO: [ app_end ] --END-- [ RunTime:0.000468s ]

[ 2017-04-30T22:01:44+08:00 ] 47.63.17.19 /
INFO: [ app_begin ] --START--
INFO: Run Behavior\ReadHtmlCache [ RunTime:0.000378s ]
INFO: Run Behavior\CronRun [ RunTime:0.000194s ]
INFO: [ app_begin ] --END-- [ RunTime:0.000854s ]
INFO: [ app_end ] --START--
INFO: Run Behavior\ShowPageTrace [ RunTime:0.000414s ]
INFO: [ app_end ] --END-- [ RunTime:0.000462s ]

[ 2017-04-30T22:03:48+08:00 ] 47.63.17.19 /
INFO: [ app_begin ] --START--
INFO: Run Behavior\ReadHtmlCache [ RunTime:0.000377s ]
INFO: Run Behavior\CronRun [ RunTime:0.000195s ]
INFO: [ app_begin ] --END-- [ RunTime:0.000902s ]
INFO: [ app_end ] --START--
INFO: Run Behavior\ShowPageTrace [ RunTime:0.000401s ]
INFO: [ app_end ] --END-- [ RunTime:0.000449s ]

[ 2017-04-30T22:06:02+08:00 ] 47.63.17.19 /
INFO: [ app_begin ] --START--
INFO: Run Behavior\ReadHtmlCache [ RunTime:0.000390s ]
INFO: Run Behavior\CronRun [ RunTime:0.000203s ]
INFO: [ app_begin ] --END-- [ RunTime:0.000884s ]
INFO: [ app_end ] --START--
INFO: Run Behavior\ShowPageTrace [ RunTime:0.000430s ]
INFO: [ app_end ] --END-- [ RunTime:0.000481s ]

[ 2017-04-30T22:08:05+08:00 ] 47.63.17.19 /
INFO: [ app_begin ] --START--
INFO: Run Behavior\ReadHtmlCache [ RunTime:0.000387s ]
INFO: Run Behavior\CronRun [ RunTime:0.000201s ]
INFO: [ app_begin ] --END-- [ RunTime:0.000898s ]
INFO: [ app_end ] --START--
INFO: Run Behavior\ShowPageTrace [ RunTime:0.000414s ]
INFO: [ app_end ] --END-- [ RunTime:0.000464s ]

[ 2017-04-30T22:10:09+08:00 ] 47.63.17.19 /
INFO: [ app_begin ] --START--
INFO: Run Behavior\ReadHtmlCache [ RunTime:0.000391s ]
INFO: Run Behavior\CronRun [ RunTime:0.000200s ]
INFO: [ app_begin ] --END-- [ RunTime:0.000882s ]
INFO: [ app_end ] --START--
INFO: Run Behavior\ShowPageTrace [ RunTime:0.000426s ]
INFO: [ app_end ] --END-- [ RunTime:0.000475s ]

[ 2017-04-30T22:12:12+08:00 ] 47.63.17.19 /
INFO: [ app_begin ] --START--
INFO: Run Behavior\ReadHtmlCache [ RunTime:0.000378s ]
INFO: Run Behavior\CronRun [ RunTime:0.000194s ]
INFO: [ app_begin ] --END-- [ RunTime:0.000904s ]
INFO: [ app_end ] --START--
INFO: Run Behavior\ShowPageTrace [ RunTime:0.000388s ]
INFO: [ app_end ] --END-- [ RunTime:0.000437s ]

[ 2017-04-30T22:14:14+08:00 ] 47.63.17.19 /
INFO: [ app_begin ] --START--
INFO: Run Behavior\ReadHtmlCache [ RunTime:0.000371s ]
INFO: Run Behavior\CronRun [ RunTime:0.000193s ]
INFO: [ app_begin ] --END-- [ RunTime:0.000862s ]
INFO: [ app_end ] --START--
INFO: Run Behavior\ShowPageTrace [ RunTime:0.000407s ]
INFO: [ app_end ] --END-- [ RunTime:0.000455s ]

[ 2017-04-30T22:16:17+08:00 ] 47.63.17.19 /
INFO: [ app_begin ] --START--
INFO: Run Behavior\ReadHtmlCache [ RunTime:0.000372s ]
INFO: Run Behavior\CronRun [ RunTime:0.000201s ]
INFO: [ app_begin ] --END-- [ RunTime:0.000872s ]
INFO: [ app_end ] --START--
INFO: Run Behavior\ShowPageTrace [ RunTime:0.000413s ]
INFO: [ app_end ] --END-- [ RunTime:0.000462s ]

[ 2017-04-30T22:18:24+08:00 ] 47.63.17.19 /
INFO: [ app_begin ] --START--
INFO: Run Behavior\ReadHtmlCache [ RunTime:0.000422s ]
INFO: Run Behavior\CronRun [ RunTime:0.000198s ]
INFO: [ app_begin ] --END-- [ RunTime:0.000912s ]
INFO: [ app_end ] --START--
INFO: Run Behavior\ShowPageTrace [ RunTime:0.000396s ]
INFO: [ app_end ] --END-- [ RunTime:0.000447s ]

[ 2017-04-30T22:20:30+08:00 ] 47.63.17.19 /
INFO: [ app_begin ] --START--
INFO: Run Behavior\ReadHtmlCache [ RunTime:0.000357s ]
INFO: Run Behavior\CronRun [ RunTime:0.000204s ]
INFO: [ app_begin ] --END-- [ RunTime:0.000867s ]
INFO: [ app_end ] --START--
INFO: Run Behavior\ShowPageTrace [ RunTime:0.000411s ]
INFO: [ app_end ] --END-- [ RunTime:0.000460s ]

[ 2017-04-30T22:22:33+08:00 ] 47.63.17.19 /
INFO: [ app_begin ] --START--
INFO: Run Behavior\ReadHtmlCache [ RunTime:0.000585s ]
INFO: Run Behavior\CronRun [ RunTime:0.000322s ]
INFO: [ app_begin ] --END-- [ RunTime:0.001386s ]
INFO: [ app_end ] --START--
INFO: Run Behavior\ShowPageTrace [ RunTime:0.000647s ]
INFO: [ app_end ] --END-- [ RunTime:0.000741s ]

[ 2017-04-30T22:24:44+08:00 ] 47.63.17.19 /
INFO: [ app_begin ] --START--
INFO: Run Behavior\ReadHtmlCache [ RunTime:0.000405s ]
INFO: Run Behavior\CronRun [ RunTime:0.000225s ]
INFO: [ app_begin ] --END-- [ RunTime:0.000918s ]
INFO: [ app_end ] --START--
INFO: Run Behavior\ShowPageTrace [ RunTime:0.000396s ]
INFO: [ app_end ] --END-- [ RunTime:0.000445s ]

[ 2017-04-30T22:26:46+08:00 ] 47.63.17.19 /
INFO: [ app_begin ] --START--
INFO: Run Behavior\ReadHtmlCache [ RunTime:0.000357s ]
INFO: Run Behavior\CronRun [ RunTime:0.000256s ]
INFO: [ app_begin ] --END-- [ RunTime:0.000900s ]
INFO: [ app_end ] --START--
INFO: Run Behavior\ShowPageTrace [ RunTime:0.000394s ]
INFO: [ app_end ] --END-- [ RunTime:0.000443s ]

[ 2017-04-30T22:28:50+08:00 ] 47.63.17.19 /
INFO: [ app_begin ] --START--
INFO: Run Behavior\ReadHtmlCache [ RunTime:0.000356s ]
INFO: Run Behavior\CronRun [ RunTime:0.000192s ]
INFO: [ app_begin ] --END-- [ RunTime:0.000835s ]
INFO: [ app_end ] --START--
INFO: Run Behavior\ShowPageTrace [ RunTime:0.000400s ]
INFO: [ app_end ] --END-- [ RunTime:0.000448s ]

[ 2017-04-30T22:30:52+08:00 ] 47.63.17.19 /
INFO: [ app_begin ] --START--
INFO: Run Behavior\ReadHtmlCache [ RunTime:0.000352s ]
INFO: Run Behavior\CronRun [ RunTime:0.000195s ]
INFO: [ app_begin ] --END-- [ RunTime:0.000860s ]
INFO: [ app_end ] --START--
INFO: Run Behavior\ShowPageTrace [ RunTime:0.000386s ]
INFO: [ app_end ] --END-- [ RunTime:0.000449s ]

[ 2017-04-30T22:32:58+08:00 ] 47.63.17.19 /
INFO: [ app_begin ] --START--
INFO: Run Behavior\ReadHtmlCache [ RunTime:0.000380s ]
INFO: Run Behavior\CronRun [ RunTime:0.000197s ]
INFO: [ app_begin ] --END-- [ RunTime:0.000868s ]
INFO: [ app_end ] --START--
INFO: Run Behavior\ShowPageTrace [ RunTime:0.000410s ]
INFO: [ app_end ] --END-- [ RunTime:0.000459s ]

[ 2017-04-30T22:35:02+08:00 ] 47.63.17.19 /
INFO: [ app_begin ] --START--
INFO: Run Behavior\ReadHtmlCache [ RunTime:0.000383s ]
INFO: Run Behavior\CronRun [ RunTime:0.000195s ]
INFO: [ app_begin ] --END-- [ RunTime:0.000875s ]
INFO: [ app_end ] --START--
INFO: Run Behavior\ShowPageTrace [ RunTime:0.000395s ]
INFO: [ app_end ] --END-- [ RunTime:0.000442s ]

[ 2017-04-30T22:37:04+08:00 ] 47.63.17.19 /
INFO: [ app_begin ] --START--
INFO: Run Behavior\ReadHtmlCache [ RunTime:0.000364s ]
INFO: Run Behavior\CronRun [ RunTime:0.000194s ]
INFO: [ app_begin ] --END-- [ RunTime:0.000844s ]
INFO: [ app_end ] --START--
INFO: Run Behavior\ShowPageTrace [ RunTime:0.000408s ]
INFO: [ app_end ] --END-- [ RunTime:0.000455s ]

[ 2017-04-30T22:39:07+08:00 ] 47.63.17.19 /
INFO: [ app_begin ] --START--
INFO: Run Behavior\ReadHtmlCache [ RunTime:0.000362s ]
INFO: Run Behavior\CronRun [ RunTime:0.000196s ]
INFO: [ app_begin ] --END-- [ RunTime:0.000843s ]
INFO: [ app_end ] --START--
INFO: Run Behavior\ShowPageTrace [ RunTime:0.000397s ]
INFO: [ app_end ] --END-- [ RunTime:0.000445s ]

[ 2017-04-30T22:41:10+08:00 ] 47.63.17.19 /
INFO: [ app_begin ] --START--
INFO: Run Behavior\ReadHtmlCache [ RunTime:0.000366s ]
INFO: Run Behavior\CronRun [ RunTime:0.000198s ]
INFO: [ app_begin ] --END-- [ RunTime:0.000860s ]
INFO: [ app_end ] --START--
INFO: Run Behavior\ShowPageTrace [ RunTime:0.000410s ]
INFO: [ app_end ] --END-- [ RunTime:0.000461s ]

[ 2017-04-30T22:43:13+08:00 ] 47.63.17.19 /
INFO: [ app_begin ] --START--
INFO: Run Behavior\ReadHtmlCache [ RunTime:0.000368s ]
INFO: Run Behavior\CronRun [ RunTime:0.000192s ]
INFO: [ app_begin ] --END-- [ RunTime:0.000872s ]
INFO: [ app_end ] --START--
INFO: Run Behavior\ShowPageTrace [ RunTime:0.000415s ]
INFO: [ app_end ] --END-- [ RunTime:0.000464s ]

[ 2017-04-30T22:45:18+08:00 ] 47.63.17.19 /
INFO: [ app_begin ] --START--
INFO: Run Behavior\ReadHtmlCache [ RunTime:0.000373s ]
INFO: Run Behavior\CronRun [ RunTime:0.000196s ]
INFO: [ app_begin ] --END-- [ RunTime:0.000867s ]
INFO: [ app_end ] --START--
INFO: Run Behavior\ShowPageTrace [ RunTime:0.000397s ]
INFO: [ app_end ] --END-- [ RunTime:0.000447s ]

[ 2017-04-30T22:47:24+08:00 ] 47.63.17.19 /
INFO: [ app_begin ] --START--
INFO: Run Behavior\ReadHtmlCache [ RunTime:0.000352s ]
INFO: Run Behavior\CronRun [ RunTime:0.000196s ]
INFO: [ app_begin ] --END-- [ RunTime:0.000859s ]
INFO: [ app_end ] --START--
INFO: Run Behavior\ShowPageTrace [ RunTime:0.000403s ]
INFO: [ app_end ] --END-- [ RunTime:0.000451s ]

[ 2017-04-30T22:49:27+08:00 ] 47.63.17.19 /
INFO: [ app_begin ] --START--
INFO: Run Behavior\ReadHtmlCache [ RunTime:0.000355s ]
INFO: Run Behavior\CronRun [ RunTime:0.000210s ]
INFO: [ app_begin ] --END-- [ RunTime:0.000877s ]
INFO: [ app_end ] --START--
INFO: Run Behavior\ShowPageTrace [ RunTime:0.000395s ]
INFO: [ app_end ] --END-- [ RunTime:0.000446s ]

[ 2017-04-30T22:51:32+08:00 ] 47.63.17.19 /
INFO: [ app_begin ] --START--
INFO: Run Behavior\ReadHtmlCache [ RunTime:0.000369s ]
INFO: Run Behavior\CronRun [ RunTime:0.000195s ]
INFO: [ app_begin ] --END-- [ RunTime:0.000858s ]
INFO: [ app_end ] --START--
INFO: Run Behavior\ShowPageTrace [ RunTime:0.000399s ]
INFO: [ app_end ] --END-- [ RunTime:0.000469s ]

[ 2017-04-30T22:53:36+08:00 ] 47.63.17.19 /
INFO: [ app_begin ] --START--
INFO: Run Behavior\ReadHtmlCache [ RunTime:0.000362s ]
INFO: Run Behavior\CronRun [ RunTime:0.000210s ]
INFO: [ app_begin ] --END-- [ RunTime:0.000867s ]
INFO: [ app_end ] --START--
INFO: Run Behavior\ShowPageTrace [ RunTime:0.000419s ]
INFO: [ app_end ] --END-- [ RunTime:0.000471s ]

[ 2017-04-30T22:55:39+08:00 ] 47.63.17.19 /
INFO: [ app_begin ] --START--
INFO: Run Behavior\ReadHtmlCache [ RunTime:0.000411s ]
INFO: Run Behavior\CronRun [ RunTime:0.000211s ]
INFO: [ app_begin ] --END-- [ RunTime:0.000939s ]
INFO: [ app_end ] --START--
INFO: Run Behavior\ShowPageTrace [ RunTime:0.000445s ]
INFO: [ app_end ] --END-- [ RunTime:0.000519s ]

[ 2017-04-30T22:57:41+08:00 ] 47.63.17.19 /
INFO: [ app_begin ] --START--
INFO: Run Behavior\ReadHtmlCache [ RunTime:0.000363s ]
INFO: Run Behavior\CronRun [ RunTime:0.000193s ]
INFO: [ app_begin ] --END-- [ RunTime:0.000854s ]
INFO: [ app_end ] --START--
INFO: Run Behavior\ShowPageTrace [ RunTime:0.000398s ]
INFO: [ app_end ] --END-- [ RunTime:0.000447s ]

[ 2017-04-30T22:59:46+08:00 ] 47.63.17.19 /
INFO: [ app_begin ] --START--
INFO: Run Behavior\ReadHtmlCache [ RunTime:0.000381s ]
INFO: Run Behavior\CronRun [ RunTime:0.000198s ]
INFO: [ app_begin ] --END-- [ RunTime:0.000893s ]
INFO: [ app_end ] --START--
INFO: Run Behavior\ShowPageTrace [ RunTime:0.000401s ]
INFO: [ app_end ] --END-- [ RunTime:0.000453s ]

[ 2017-04-30T23:01:49+08:00 ] 47.63.17.19 /
INFO: [ app_begin ] --START--
INFO: Run Behavior\ReadHtmlCache [ RunTime:0.000354s ]
INFO: Run Behavior\CronRun [ RunTime:0.000197s ]
INFO: [ app_begin ] --END-- [ RunTime:0.000871s ]
INFO: [ app_end ] --START--
INFO: Run Behavior\ShowPageTrace [ RunTime:0.000396s ]
INFO: [ app_end ] --END-- [ RunTime:0.000445s ]

[ 2017-04-30T23:03:52+08:00 ] 47.63.17.19 /
INFO: [ app_begin ] --START--
INFO: Run Behavior\ReadHtmlCache [ RunTime:0.000369s ]
INFO: Run Behavior\CronRun [ RunTime:0.000201s ]
INFO: [ app_begin ] --END-- [ RunTime:0.000887s ]
INFO: [ app_end ] --START--
INFO: Run Behavior\ShowPageTrace [ RunTime:0.000427s ]
INFO: [ app_end ] --END-- [ RunTime:0.000478s ]

[ 2017-04-30T23:05:55+08:00 ] 47.63.17.19 /
INFO: [ app_begin ] --START--
INFO: Run Behavior\ReadHtmlCache [ RunTime:0.000369s ]
INFO: Run Behavior\CronRun [ RunTime:0.000195s ]
INFO: [ app_begin ] --END-- [ RunTime:0.000865s ]
INFO: [ app_end ] --START--
INFO: Run Behavior\ShowPageTrace [ RunTime:0.000415s ]
INFO: [ app_end ] --END-- [ RunTime:0.000464s ]

[ 2017-04-30T23:07:58+08:00 ] 47.63.17.19 /
INFO: [ app_begin ] --START--
INFO: Run Behavior\ReadHtmlCache [ RunTime:0.000383s ]
INFO: Run Behavior\CronRun [ RunTime:0.000197s ]
INFO: [ app_begin ] --END-- [ RunTime:0.000874s ]
INFO: [ app_end ] --START--
INFO: Run Behavior\ShowPageTrace [ RunTime:0.000398s ]
INFO: [ app_end ] --END-- [ RunTime:0.000448s ]

[ 2017-04-30T23:10:03+08:00 ] 47.63.17.19 /
INFO: [ app_begin ] --START--
INFO: Run Behavior\ReadHtmlCache [ RunTime:0.000356s ]
INFO: Run Behavior\CronRun [ RunTime:0.000198s ]
INFO: [ app_begin ] --END-- [ RunTime:0.000864s ]
INFO: [ app_end ] --START--
INFO: Run Behavior\ShowPageTrace [ RunTime:0.000392s ]
INFO: [ app_end ] --END-- [ RunTime:0.000443s ]

[ 2017-04-30T23:12:10+08:00 ] 47.63.17.19 /
INFO: [ app_begin ] --START--
INFO: Run Behavior\ReadHtmlCache [ RunTime:0.000351s ]
INFO: Run Behavior\CronRun [ RunTime:0.000219s ]
INFO: [ app_begin ] --END-- [ RunTime:0.000899s ]
INFO: [ app_end ] --START--
INFO: Run Behavior\ShowPageTrace [ RunTime:0.000399s ]
INFO: [ app_end ] --END-- [ RunTime:0.000447s ]

[ 2017-04-30T23:14:15+08:00 ] 47.63.17.19 /
INFO: [ app_begin ] --START--
INFO: Run Behavior\ReadHtmlCache [ RunTime:0.000361s ]
INFO: Run Behavior\CronRun [ RunTime:0.000207s ]
INFO: [ app_begin ] --END-- [ RunTime:0.000855s ]
INFO: [ app_end ] --START--
INFO: Run Behavior\ShowPageTrace [ RunTime:0.000420s ]
INFO: [ app_end ] --END-- [ RunTime:0.000470s ]

[ 2017-04-30T23:16:17+08:00 ] 47.63.17.19 /
INFO: [ app_begin ] --START--
INFO: Run Behavior\ReadHtmlCache [ RunTime:0.000378s ]
INFO: Run Behavior\CronRun [ RunTime:0.000215s ]
INFO: [ app_begin ] --END-- [ RunTime:0.000901s ]
INFO: [ app_end ] --START--
INFO: Run Behavior\ShowPageTrace [ RunTime:0.000433s ]
INFO: [ app_end ] --END-- [ RunTime:0.000487s ]

[ 2017-04-30T23:18:21+08:00 ] 47.63.17.19 /
INFO: [ app_begin ] --START--
INFO: Run Behavior\ReadHtmlCache [ RunTime:0.000381s ]
INFO: Run Behavior\CronRun [ RunTime:0.000219s ]
INFO: [ app_begin ] --END-- [ RunTime:0.000907s ]
INFO: [ app_end ] --START--
INFO: Run Behavior\ShowPageTrace [ RunTime:0.000559s ]
INFO: [ app_end ] --END-- [ RunTime:0.000616s ]

[ 2017-04-30T23:20:27+08:00 ] 47.63.17.19 /
INFO: [ app_begin ] --START--
INFO: Run Behavior\ReadHtmlCache [ RunTime:0.000358s ]
INFO: Run Behavior\CronRun [ RunTime:0.000194s ]
INFO: [ app_begin ] --END-- [ RunTime:0.000838s ]
INFO: [ app_end ] --START--
INFO: Run Behavior\ShowPageTrace [ RunTime:0.000403s ]
INFO: [ app_end ] --END-- [ RunTime:0.000452s ]

[ 2017-04-30T23:22:29+08:00 ] 47.63.17.19 /
INFO: [ app_begin ] --START--
INFO: Run Behavior\ReadHtmlCache [ RunTime:0.000371s ]
INFO: Run Behavior\CronRun [ RunTime:0.000200s ]
INFO: [ app_begin ] --END-- [ RunTime:0.000880s ]
INFO: [ app_end ] --START--
INFO: Run Behavior\ShowPageTrace [ RunTime:0.000416s ]
INFO: [ app_end ] --END-- [ RunTime:0.000466s ]

[ 2017-04-30T23:24:32+08:00 ] 47.63.17.19 /
INFO: [ app_begin ] --START--
INFO: Run Behavior\ReadHtmlCache [ RunTime:0.000364s ]
INFO: Run Behavior\CronRun [ RunTime:0.000197s ]
INFO: [ app_begin ] --END-- [ RunTime:0.000864s ]
INFO: [ app_end ] --START--
INFO: Run Behavior\ShowPageTrace [ RunTime:0.000403s ]
INFO: [ app_end ] --END-- [ RunTime:0.000452s ]

[ 2017-04-30T23:26:38+08:00 ] 47.63.17.19 /
INFO: [ app_begin ] --START--
INFO: Run Behavior\ReadHtmlCache [ RunTime:0.000351s ]
INFO: Run Behavior\CronRun [ RunTime:0.000205s ]
INFO: [ app_begin ] --END-- [ RunTime:0.000857s ]
INFO: [ app_end ] --START--
INFO: Run Behavior\ShowPageTrace [ RunTime:0.000401s ]
INFO: [ app_end ] --END-- [ RunTime:0.000450s ]

[ 2017-04-30T23:28:40+08:00 ] 47.63.17.19 /
INFO: [ app_begin ] --START--
INFO: Run Behavior\ReadHtmlCache [ RunTime:0.000360s ]
INFO: Run Behavior\CronRun [ RunTime:0.000195s ]
INFO: [ app_begin ] --END-- [ RunTime:0.000849s ]
INFO: [ app_end ] --START--
INFO: Run Behavior\ShowPageTrace [ RunTime:0.000402s ]
INFO: [ app_end ] --END-- [ RunTime:0.000450s ]

[ 2017-04-30T23:30:44+08:00 ] 47.63.17.19 /
INFO: [ app_begin ] --START--
INFO: Run Behavior\ReadHtmlCache [ RunTime:0.000365s ]
INFO: Run Behavior\CronRun [ RunTime:0.000192s ]
INFO: [ app_begin ] --END-- [ RunTime:0.000850s ]
INFO: [ app_end ] --START--
INFO: Run Behavior\ShowPageTrace [ RunTime:0.000420s ]
INFO: [ app_end ] --END-- [ RunTime:0.000503s ]

[ 2017-04-30T23:32:47+08:00 ] 47.63.17.19 /
INFO: [ app_begin ] --START--
INFO: Run Behavior\ReadHtmlCache [ RunTime:0.000375s ]
INFO: Run Behavior\CronRun [ RunTime:0.000204s ]
INFO: [ app_begin ] --END-- [ RunTime:0.000968s ]
INFO: [ app_end ] --START--
INFO: Run Behavior\ShowPageTrace [ RunTime:0.000411s ]
INFO: [ app_end ] --END-- [ RunTime:0.000464s ]

[ 2017-04-30T23:34:51+08:00 ] 47.63.17.19 /
INFO: [ app_begin ] --START--
INFO: Run Behavior\ReadHtmlCache [ RunTime:0.000387s ]
INFO: Run Behavior\CronRun [ RunTime:0.000315s ]
INFO: [ app_begin ] --END-- [ RunTime:0.001038s ]
INFO: [ app_end ] --START--
INFO: Run Behavior\ShowPageTrace [ RunTime:0.000442s ]
INFO: [ app_end ] --END-- [ RunTime:0.000514s ]

[ 2017-04-30T23:36:55+08:00 ] 47.63.17.19 /
INFO: [ app_begin ] --START--
INFO: Run Behavior\ReadHtmlCache [ RunTime:0.000382s ]
INFO: Run Behavior\CronRun [ RunTime:0.000208s ]
INFO: [ app_begin ] --END-- [ RunTime:0.000906s ]
INFO: [ app_end ] --START--
INFO: Run Behavior\ShowPageTrace [ RunTime:0.000422s ]
INFO: [ app_end ] --END-- [ RunTime:0.000474s ]

[ 2017-04-30T23:39:01+08:00 ] 47.63.17.19 /
INFO: [ app_begin ] --START--
INFO: Run Behavior\ReadHtmlCache [ RunTime:0.000367s ]
INFO: Run Behavior\CronRun [ RunTime:0.000195s ]
INFO: [ app_begin ] --END-- [ RunTime:0.000842s ]
INFO: [ app_end ] --START--
INFO: Run Behavior\ShowPageTrace [ RunTime:0.000402s ]
INFO: [ app_end ] --END-- [ RunTime:0.000450s ]

[ 2017-04-30T23:41:13+08:00 ] 47.63.17.19 /
INFO: [ app_begin ] --START--
INFO: Run Behavior\ReadHtmlCache [ RunTime:0.000367s ]
INFO: Run Behavior\CronRun [ RunTime:0.000192s ]
INFO: [ app_begin ] --END-- [ RunTime:0.000871s ]
INFO: [ app_end ] --START--
INFO: Run Behavior\ShowPageTrace [ RunTime:0.000406s ]
INFO: [ app_end ] --END-- [ RunTime:0.000453s ]

[ 2017-04-30T23:43:16+08:00 ] 47.63.17.19 /
INFO: [ app_begin ] --START--
INFO: Run Behavior\ReadHtmlCache [ RunTime:0.000367s ]
INFO: Run Behavior\CronRun [ RunTime:0.000194s ]
INFO: [ app_begin ] --END-- [ RunTime:0.000854s ]
INFO: [ app_end ] --START--
INFO: Run Behavior\ShowPageTrace [ RunTime:0.000406s ]
INFO: [ app_end ] --END-- [ RunTime:0.000455s ]

[ 2017-04-30T23:45:22+08:00 ] 47.63.17.19 /
INFO: [ app_begin ] --START--
INFO: Run Behavior\ReadHtmlCache [ RunTime:0.000359s ]
INFO: Run Behavior\CronRun [ RunTime:0.000193s ]
INFO: [ app_begin ] --END-- [ RunTime:0.000833s ]
INFO: [ app_end ] --START--
INFO: Run Behavior\ShowPageTrace [ RunTime:0.000380s ]
INFO: [ app_end ] --END-- [ RunTime:0.000428s ]

[ 2017-04-30T23:47:25+08:00 ] 47.63.17.19 /
INFO: [ app_begin ] --START--
INFO: Run Behavior\ReadHtmlCache [ RunTime:0.000410s ]
INFO: Run Behavior\CronRun [ RunTime:0.000225s ]
INFO: [ app_begin ] --END-- [ RunTime:0.000973s ]
INFO: [ app_end ] --START--
INFO: Run Behavior\ShowPageTrace [ RunTime:0.000471s ]
INFO: [ app_end ] --END-- [ RunTime:0.000555s ]

[ 2017-04-30T23:49:31+08:00 ] 47.63.17.19 /
INFO: [ app_begin ] --START--
INFO: Run Behavior\ReadHtmlCache [ RunTime:0.000444s ]
INFO: Run Behavior\CronRun [ RunTime:0.000198s ]
INFO: [ app_begin ] --END-- [ RunTime:0.000950s ]
INFO: [ app_end ] --START--
INFO: Run Behavior\ShowPageTrace [ RunTime:0.000455s ]
INFO: [ app_end ] --END-- [ RunTime:0.000530s ]

[ 2017-04-30T23:51:34+08:00 ] 47.63.17.19 /
INFO: [ app_begin ] --START--
INFO: Run Behavior\ReadHtmlCache [ RunTime:0.000391s ]
INFO: Run Behavior\CronRun [ RunTime:0.000219s ]
INFO: [ app_begin ] --END-- [ RunTime:0.000904s ]
INFO: [ app_end ] --START--
INFO: Run Behavior\ShowPageTrace [ RunTime:0.000407s ]
INFO: [ app_end ] --END-- [ RunTime:0.000458s ]

[ 2017-04-30T23:53:37+08:00 ] 47.63.17.19 /
INFO: [ app_begin ] --START--
INFO: Run Behavior\ReadHtmlCache [ RunTime:0.000400s ]
INFO: Run Behavior\CronRun [ RunTime:0.000202s ]
INFO: [ app_begin ] --END-- [ RunTime:0.000950s ]
INFO: [ app_end ] --START--
INFO: Run Behavior\ShowPageTrace [ RunTime:0.000447s ]
INFO: [ app_end ] --END-- [ RunTime:0.000524s ]

[ 2017-04-30T23:55:41+08:00 ] 47.63.17.19 /
INFO: [ app_begin ] --START--
INFO: Run Behavior\ReadHtmlCache [ RunTime:0.000362s ]
INFO: Run Behavior\CronRun [ RunTime:0.000204s ]
INFO: [ app_begin ] --END-- [ RunTime:0.000871s ]
INFO: [ app_end ] --START--
INFO: Run Behavior\ShowPageTrace [ RunTime:0.000445s ]
INFO: [ app_end ] --END-- [ RunTime:0.000515s ]

[ 2017-04-30T23:57:45+08:00 ] 47.63.17.19 /
INFO: [ app_begin ] --START--
INFO: Run Behavior\ReadHtmlCache [ RunTime:0.000368s ]
INFO: Run Behavior\CronRun [ RunTime:0.000227s ]
INFO: [ app_begin ] --END-- [ RunTime:0.000901s ]
INFO: [ app_end ] --START--
INFO: Run Behavior\ShowPageTrace [ RunTime:0.000439s ]
INFO: [ app_end ] --END-- [ RunTime:0.000497s ]

[ 2017-04-30T23:59:48+08:00 ] 47.63.17.19 /
INFO: [ app_begin ] --START--
INFO: Run Behavior\ReadHtmlCache [ RunTime:0.000389s ]
INFO: Run Behavior\CronRun [ RunTime:0.000207s ]
INFO: [ app_begin ] --END-- [ RunTime:0.000930s ]
INFO: [ app_end ] --START--
INFO: Run Behavior\ShowPageTrace [ RunTime:0.000450s ]
INFO: [ app_end ] --END-- [ RunTime:0.000518s ]

