[ 2017-04-29T01:12:27+08:00 ] 107.77.244.96 /index.php/Home/Index/get_type
INFO: [ app_begin ] --START--
INFO: Run Behavior\ReadHtmlCache [ RunTime:0.000374s ]
INFO: Run Behavior\CronRun [ RunTime:0.000196s ]
INFO: [ app_begin ] --END-- [ RunTime:0.000841s ]
NOTIC: [8192] mysql_connect(): The mysql extension is deprecated and will be removed in the future: use mysqli or PDO instead /home/wwwroot/oho.oxygenhoop.com/ThinkPHP/Library/Think/Db/Driver/Mysql.class.php 第 52 行.
SQL: SHOW COLUMNS FROM `beidou_category` [ RunTime:0.000463s ]
SQL: SELECT `id`,`cate_name` FROM `beidou_category` WHERE ( `pid` = 0 )  [ RunTime:0.000053s ]

[ 2017-04-29T01:12:27+08:00 ] 107.77.244.96 /index.php/Home/Index/login?code=071cVxFd05xbyy1hYwDd0F1XFd0cVxFe
INFO: [ app_begin ] --START--
INFO: Run Behavior\ReadHtmlCache [ RunTime:0.000353s ]
INFO: Run Behavior\CronRun [ RunTime:0.000219s ]
INFO: [ app_begin ] --END-- [ RunTime:0.000857s ]
NOTIC: [8] Undefined index: errcode /home/wwwroot/oho.oxygenhoop.com/Application/Home/Controller/IndexController.class.php 第 464 行.

[ 2017-04-29T01:12:27+08:00 ] 107.77.244.96 /index.php/Home/Index/get_type_list?type_id=0&lat=32.24774&lng=-110.9601
INFO: [ app_begin ] --START--
INFO: Run Behavior\ReadHtmlCache [ RunTime:0.000370s ]
INFO: Run Behavior\CronRun [ RunTime:0.000210s ]
INFO: [ app_begin ] --END-- [ RunTime:0.000868s ]
NOTIC: [8192] mysql_connect(): The mysql extension is deprecated and will be removed in the future: use mysqli or PDO instead /home/wwwroot/oho.oxygenhoop.com/ThinkPHP/Library/Think/Db/Driver/Mysql.class.php 第 52 行.
SQL: SHOW COLUMNS FROM `beidou_active` [ RunTime:0.000509s ]
SQL: SELECT a.*,c.cate_name,CONCAT("https://oho.oxygenhoop.com/Public/Uploads/",a.pic) logo,FROM_UNIXTIME(start_time,"%Y-%m-%d %H:%i") starttime,ROUND(6378.138*2*ASIN(SQRT(POW(SIN((32.24774*PI()/180-a.lat*PI()/180)/2),2)+COS(32.24774*PI()/180)*COS(lat*PI()/180)*POW(SIN((-110.9601*PI()/180-lng*PI()/180)/2),2)))*1000) as jl FROM beidou_active a left join beidou_member b on a.member_id=b.id left join beidou_category c on a.type_id=c.id  WHERE ( b.type <> '2' ) AND ( a.is_pay = '1' ) AND ( a.start_time >= 1493399547 ) HAVING jl<=10000 ORDER BY jl asc  [ RunTime:0.000455s ]
INFO: [ app_end ] --START--
INFO: Run Behavior\ShowPageTrace [ RunTime:0.000424s ]
INFO: [ app_end ] --END-- [ RunTime:0.000465s ]

[ 2017-04-29T01:12:27+08:00 ] 107.77.244.96 /index.php/Home/Index/get_tj_list
INFO: [ app_begin ] --START--
INFO: Run Behavior\ReadHtmlCache [ RunTime:0.000358s ]
INFO: Run Behavior\CronRun [ RunTime:0.000194s ]
INFO: [ app_begin ] --END-- [ RunTime:0.000842s ]
NOTIC: [8192] mysql_connect(): The mysql extension is deprecated and will be removed in the future: use mysqli or PDO instead /home/wwwroot/oho.oxygenhoop.com/ThinkPHP/Library/Think/Db/Driver/Mysql.class.php 第 52 行.
SQL: SHOW COLUMNS FROM `beidou_active` [ RunTime:0.000441s ]
SQL: SELECT a.id,c.cate_name,CONCAT("https://oho.oxygenhoop.com/Public/Uploads/",a.pic) logo,FROM_UNIXTIME(start_time,"%Y-%m-%d %H:%i") starttime FROM beidou_active a left join beidou_member b on a.member_id=b.id left join beidou_category c on a.type_id=c.id  WHERE ( b.type = '2' ) LIMIT 5   [ RunTime:0.000066s ]
INFO: [ app_end ] --START--
INFO: Run Behavior\ShowPageTrace [ RunTime:0.000421s ]
INFO: [ app_end ] --END-- [ RunTime:0.000462s ]

[ 2017-04-29T01:12:28+08:00 ] 107.77.244.96 /index.php/Index/check_login
INFO: [ app_begin ] --START--
INFO: Run Behavior\ReadHtmlCache [ RunTime:0.000354s ]
INFO: Run Behavior\CronRun [ RunTime:0.000204s ]
INFO: [ app_begin ] --END-- [ RunTime:0.000862s ]
NOTIC: [8192] mysql_connect(): The mysql extension is deprecated and will be removed in the future: use mysqli or PDO instead /home/wwwroot/oho.oxygenhoop.com/ThinkPHP/Library/Think/Db/Driver/Mysql.class.php 第 52 行.
SQL: SHOW COLUMNS FROM `beidou_member` [ RunTime:0.000454s ]
SQL: SELECT * FROM `beidou_member` WHERE ( `openid` = 'o8wkZ0cd0QQun3fmmgvlnCQvWNQY' ) LIMIT 1   [ RunTime:0.000063s ]
INFO: [ app_end ] --START--
INFO: Run Behavior\ShowPageTrace [ RunTime:0.000424s ]
INFO: [ app_end ] --END-- [ RunTime:0.000465s ]

[ 2017-04-29T01:12:33+08:00 ] 107.77.244.96 /index.php/Home/Index/get_type_list?type_id=2&lat=32.24774&lng=-110.9601
INFO: [ app_begin ] --START--
INFO: Run Behavior\ReadHtmlCache [ RunTime:0.000352s ]
INFO: Run Behavior\CronRun [ RunTime:0.000193s ]
INFO: [ app_begin ] --END-- [ RunTime:0.000840s ]
NOTIC: [8192] mysql_connect(): The mysql extension is deprecated and will be removed in the future: use mysqli or PDO instead /home/wwwroot/oho.oxygenhoop.com/ThinkPHP/Library/Think/Db/Driver/Mysql.class.php 第 52 行.
SQL: SHOW COLUMNS FROM `beidou_active` [ RunTime:0.000512s ]
SQL: SELECT a.*,c.cate_name,CONCAT("https://oho.oxygenhoop.com/Public/Uploads/",a.pic) logo,FROM_UNIXTIME(start_time,"%Y-%m-%d %H:%i") starttime,ROUND(6378.138*2*ASIN(SQRT(POW(SIN((32.24774*PI()/180-a.lat*PI()/180)/2),2)+COS(32.24774*PI()/180)*COS(lat*PI()/180)*POW(SIN((-110.9601*PI()/180-lng*PI()/180)/2),2)))*1000) as jl FROM beidou_active a left join beidou_member b on a.member_id=b.id left join beidou_category c on a.type_id=c.id  WHERE ( b.type <> '2' ) AND ( a.is_pay = '1' ) AND ( a.start_time >= 1493399553 ) AND ( a.type_id = '2' ) HAVING jl<=10000 ORDER BY jl asc  [ RunTime:0.000448s ]
INFO: [ app_end ] --START--
INFO: Run Behavior\ShowPageTrace [ RunTime:0.000427s ]
INFO: [ app_end ] --END-- [ RunTime:0.000466s ]

[ 2017-04-29T01:12:39+08:00 ] 107.77.244.96 /index.php/Home/Index/get_type_list?type_id=3&lat=32.24774&lng=-110.9601
INFO: [ app_begin ] --START--
INFO: Run Behavior\ReadHtmlCache [ RunTime:0.000388s ]
INFO: Run Behavior\CronRun [ RunTime:0.000195s ]
INFO: [ app_begin ] --END-- [ RunTime:0.000866s ]
NOTIC: [8192] mysql_connect(): The mysql extension is deprecated and will be removed in the future: use mysqli or PDO instead /home/wwwroot/oho.oxygenhoop.com/ThinkPHP/Library/Think/Db/Driver/Mysql.class.php 第 52 行.
SQL: SHOW COLUMNS FROM `beidou_active` [ RunTime:0.000489s ]
SQL: SELECT a.*,c.cate_name,CONCAT("https://oho.oxygenhoop.com/Public/Uploads/",a.pic) logo,FROM_UNIXTIME(start_time,"%Y-%m-%d %H:%i") starttime,ROUND(6378.138*2*ASIN(SQRT(POW(SIN((32.24774*PI()/180-a.lat*PI()/180)/2),2)+COS(32.24774*PI()/180)*COS(lat*PI()/180)*POW(SIN((-110.9601*PI()/180-lng*PI()/180)/2),2)))*1000) as jl FROM beidou_active a left join beidou_member b on a.member_id=b.id left join beidou_category c on a.type_id=c.id  WHERE ( b.type <> '2' ) AND ( a.is_pay = '1' ) AND ( a.start_time >= 1493399559 ) AND ( a.type_id = '3' ) HAVING jl<=10000 ORDER BY jl asc  [ RunTime:0.000451s ]
INFO: [ app_end ] --START--
INFO: Run Behavior\ShowPageTrace [ RunTime:0.000395s ]
INFO: [ app_end ] --END-- [ RunTime:0.000434s ]

[ 2017-04-29T01:12:43+08:00 ] 107.77.244.96 /index.php/Home/Index/get_active_detial?aid=4
INFO: [ app_begin ] --START--
INFO: Run Behavior\ReadHtmlCache [ RunTime:0.000381s ]
INFO: Run Behavior\CronRun [ RunTime:0.000221s ]
INFO: [ app_begin ] --END-- [ RunTime:0.000891s ]
NOTIC: [8192] mysql_connect(): The mysql extension is deprecated and will be removed in the future: use mysqli or PDO instead /home/wwwroot/oho.oxygenhoop.com/ThinkPHP/Library/Think/Db/Driver/Mysql.class.php 第 52 行.
SQL: SHOW COLUMNS FROM `beidou_active` [ RunTime:0.000498s ]
SQL: SELECT a.*,b.name username,c.cate_name,CONCAT("https://oho.oxygenhoop.com/Public/Uploads/",a.pic) logo,FROM_UNIXTIME(start_time,"%Y-%m-%d %H:%i") starttime FROM beidou_active a left join beidou_member b on a.member_id=b.id left join beidou_category c on a.type_id=c.id  WHERE ( a.id = '4' ) LIMIT 1   [ RunTime:0.000377s ]
INFO: [ app_end ] --START--
INFO: Run Behavior\ShowPageTrace [ RunTime:0.000405s ]
INFO: [ app_end ] --END-- [ RunTime:0.000448s ]

[ 2017-04-29T14:19:28+08:00 ] 122.227.207.86 /index.php/Home/Index/get_type
INFO: [ app_begin ] --START--
INFO: Run Behavior\ReadHtmlCache [ RunTime:0.000344s ]
INFO: Run Behavior\CronRun [ RunTime:0.000199s ]
INFO: [ app_begin ] --END-- [ RunTime:0.000840s ]
NOTIC: [8192] mysql_connect(): The mysql extension is deprecated and will be removed in the future: use mysqli or PDO instead /home/wwwroot/oho.oxygenhoop.com/ThinkPHP/Library/Think/Db/Driver/Mysql.class.php 第 52 行.
SQL: SHOW COLUMNS FROM `beidou_category` [ RunTime:0.000561s ]
SQL: SELECT `id`,`cate_name` FROM `beidou_category` WHERE ( `pid` = 0 )  [ RunTime:0.000055s ]

[ 2017-04-29T14:19:29+08:00 ] 122.227.207.86 /index.php/Home/Index/login?code=021vTtV91zt1eS1EvnW91lCBV91vTtV4
INFO: [ app_begin ] --START--
INFO: Run Behavior\ReadHtmlCache [ RunTime:0.000364s ]
INFO: Run Behavior\CronRun [ RunTime:0.000199s ]
INFO: [ app_begin ] --END-- [ RunTime:0.003857s ]
NOTIC: [8] Undefined index: errcode /home/wwwroot/oho.oxygenhoop.com/Application/Home/Controller/IndexController.class.php 第 464 行.

[ 2017-04-29T14:19:29+08:00 ] 122.227.207.86 /index.php/Home/Index/get_tj_list
INFO: [ app_begin ] --START--
INFO: Run Behavior\ReadHtmlCache [ RunTime:0.000376s ]
INFO: Run Behavior\CronRun [ RunTime:0.000198s ]
INFO: [ app_begin ] --END-- [ RunTime:0.000858s ]
NOTIC: [8192] mysql_connect(): The mysql extension is deprecated and will be removed in the future: use mysqli or PDO instead /home/wwwroot/oho.oxygenhoop.com/ThinkPHP/Library/Think/Db/Driver/Mysql.class.php 第 52 行.
SQL: SHOW COLUMNS FROM `beidou_active` [ RunTime:0.000602s ]
SQL: SELECT a.id,c.cate_name,CONCAT("https://oho.oxygenhoop.com/Public/Uploads/",a.pic) logo,FROM_UNIXTIME(start_time,"%Y-%m-%d %H:%i") starttime FROM beidou_active a left join beidou_member b on a.member_id=b.id left join beidou_category c on a.type_id=c.id  WHERE ( b.type = '2' ) LIMIT 5   [ RunTime:0.000321s ]
INFO: [ app_end ] --START--
INFO: Run Behavior\ShowPageTrace [ RunTime:0.011654s ]
INFO: [ app_end ] --END-- [ RunTime:0.011705s ]

[ 2017-04-29T14:19:29+08:00 ] 122.227.207.86 /index.php/Home/Index/get_type_list?type_id=0&lat=29.90138&lng=121.5567
INFO: [ app_begin ] --START--
INFO: Run Behavior\ReadHtmlCache [ RunTime:0.000357s ]
INFO: Run Behavior\CronRun [ RunTime:0.003217s ]
INFO: [ app_begin ] --END-- [ RunTime:0.003882s ]
NOTIC: [8192] mysql_connect(): The mysql extension is deprecated and will be removed in the future: use mysqli or PDO instead /home/wwwroot/oho.oxygenhoop.com/ThinkPHP/Library/Think/Db/Driver/Mysql.class.php 第 52 行.
SQL: SHOW COLUMNS FROM `beidou_active` [ RunTime:0.009958s ]
SQL: SELECT a.*,c.cate_name,CONCAT("https://oho.oxygenhoop.com/Public/Uploads/",a.pic) logo,FROM_UNIXTIME(start_time,"%Y-%m-%d %H:%i") starttime,ROUND(6378.138*2*ASIN(SQRT(POW(SIN((29.90138*PI()/180-a.lat*PI()/180)/2),2)+COS(29.90138*PI()/180)*COS(lat*PI()/180)*POW(SIN((121.5567*PI()/180-lng*PI()/180)/2),2)))*1000) as jl FROM beidou_active a left join beidou_member b on a.member_id=b.id left join beidou_category c on a.type_id=c.id  WHERE ( b.type <> '2' ) AND ( a.is_pay = '1' ) AND ( a.start_time >= 1493446769 ) HAVING jl<=10000 ORDER BY jl asc  [ RunTime:0.001360s ]
INFO: [ app_end ] --START--
INFO: Run Behavior\ShowPageTrace [ RunTime:0.000454s ]
INFO: [ app_end ] --END-- [ RunTime:0.000499s ]

[ 2017-04-29T14:19:30+08:00 ] 122.227.207.86 /index.php/Index/check_login
INFO: [ app_begin ] --START--
INFO: Run Behavior\ReadHtmlCache [ RunTime:0.000367s ]
INFO: Run Behavior\CronRun [ RunTime:0.000192s ]
INFO: [ app_begin ] --END-- [ RunTime:0.000849s ]
NOTIC: [8192] mysql_connect(): The mysql extension is deprecated and will be removed in the future: use mysqli or PDO instead /home/wwwroot/oho.oxygenhoop.com/ThinkPHP/Library/Think/Db/Driver/Mysql.class.php 第 52 行.
SQL: SHOW COLUMNS FROM `beidou_member` [ RunTime:0.000459s ]
SQL: SELECT * FROM `beidou_member` WHERE ( `openid` = 'o8wkZ0SmTljar3r6KfCThextJBsc' ) LIMIT 1   [ RunTime:0.000062s ]
INFO: [ app_end ] --START--
INFO: Run Behavior\ShowPageTrace [ RunTime:0.000403s ]
INFO: [ app_end ] --END-- [ RunTime:0.000443s ]

[ 2017-04-29T14:19:45+08:00 ] 122.227.207.86 /index.php/Home/Index/get_type
INFO: [ app_begin ] --START--
INFO: Run Behavior\ReadHtmlCache [ RunTime:0.000352s ]
INFO: Run Behavior\CronRun [ RunTime:0.000211s ]
INFO: [ app_begin ] --END-- [ RunTime:0.000860s ]
NOTIC: [8192] mysql_connect(): The mysql extension is deprecated and will be removed in the future: use mysqli or PDO instead /home/wwwroot/oho.oxygenhoop.com/ThinkPHP/Library/Think/Db/Driver/Mysql.class.php 第 52 行.
SQL: SHOW COLUMNS FROM `beidou_category` [ RunTime:0.000489s ]
SQL: SELECT `id`,`cate_name` FROM `beidou_category` WHERE ( `pid` = 0 )  [ RunTime:0.000053s ]

[ 2017-04-29T14:19:46+08:00 ] 122.227.207.86 /index.php/Home/Index/get_tj_list
INFO: [ app_begin ] --START--
INFO: Run Behavior\ReadHtmlCache [ RunTime:0.000352s ]
INFO: Run Behavior\CronRun [ RunTime:0.000208s ]
INFO: [ app_begin ] --END-- [ RunTime:0.000856s ]
NOTIC: [8192] mysql_connect(): The mysql extension is deprecated and will be removed in the future: use mysqli or PDO instead /home/wwwroot/oho.oxygenhoop.com/ThinkPHP/Library/Think/Db/Driver/Mysql.class.php 第 52 行.
SQL: SHOW COLUMNS FROM `beidou_active` [ RunTime:0.000503s ]
SQL: SELECT a.id,c.cate_name,CONCAT("https://oho.oxygenhoop.com/Public/Uploads/",a.pic) logo,FROM_UNIXTIME(start_time,"%Y-%m-%d %H:%i") starttime FROM beidou_active a left join beidou_member b on a.member_id=b.id left join beidou_category c on a.type_id=c.id  WHERE ( b.type = '2' ) LIMIT 5   [ RunTime:0.001327s ]
INFO: [ app_end ] --START--
INFO: Run Behavior\ShowPageTrace [ RunTime:0.000425s ]
INFO: [ app_end ] --END-- [ RunTime:0.000467s ]

[ 2017-04-29T14:19:46+08:00 ] 122.227.207.86 /index.php/Home/Index/get_type_list?type_id=0&lat=29.90156&lng=121.5569
INFO: [ app_begin ] --START--
INFO: Run Behavior\ReadHtmlCache [ RunTime:0.000349s ]
INFO: Run Behavior\CronRun [ RunTime:0.000191s ]
INFO: [ app_begin ] --END-- [ RunTime:0.000837s ]
NOTIC: [8192] mysql_connect(): The mysql extension is deprecated and will be removed in the future: use mysqli or PDO instead /home/wwwroot/oho.oxygenhoop.com/ThinkPHP/Library/Think/Db/Driver/Mysql.class.php 第 52 行.
SQL: SHOW COLUMNS FROM `beidou_active` [ RunTime:0.000367s ]
SQL: SELECT a.*,c.cate_name,CONCAT("https://oho.oxygenhoop.com/Public/Uploads/",a.pic) logo,FROM_UNIXTIME(start_time,"%Y-%m-%d %H:%i") starttime,ROUND(6378.138*2*ASIN(SQRT(POW(SIN((29.90156*PI()/180-a.lat*PI()/180)/2),2)+COS(29.90156*PI()/180)*COS(lat*PI()/180)*POW(SIN((121.5569*PI()/180-lng*PI()/180)/2),2)))*1000) as jl FROM beidou_active a left join beidou_member b on a.member_id=b.id left join beidou_category c on a.type_id=c.id  WHERE ( b.type <> '2' ) AND ( a.is_pay = '1' ) AND ( a.start_time >= 1493446786 ) HAVING jl<=10000 ORDER BY jl asc  [ RunTime:0.001419s ]
INFO: [ app_end ] --START--
INFO: Run Behavior\ShowPageTrace [ RunTime:0.000406s ]
INFO: [ app_end ] --END-- [ RunTime:0.000445s ]

[ 2017-04-29T14:19:47+08:00 ] 122.227.207.86 /index.php/Home/Index/login?code=00168sSD1eZkQ00P4xRD1dDGSD168sSB
INFO: [ app_begin ] --START--
INFO: Run Behavior\ReadHtmlCache [ RunTime:0.000369s ]
INFO: Run Behavior\CronRun [ RunTime:0.000205s ]
INFO: [ app_begin ] --END-- [ RunTime:0.000858s ]
NOTIC: [8] Undefined index: errcode /home/wwwroot/oho.oxygenhoop.com/Application/Home/Controller/IndexController.class.php 第 464 行.

[ 2017-04-29T14:19:47+08:00 ] 122.227.207.86 /index.php/Index/check_login
INFO: [ app_begin ] --START--
INFO: Run Behavior\ReadHtmlCache [ RunTime:0.000372s ]
INFO: Run Behavior\CronRun [ RunTime:0.000212s ]
INFO: [ app_begin ] --END-- [ RunTime:0.000880s ]
NOTIC: [8192] mysql_connect(): The mysql extension is deprecated and will be removed in the future: use mysqli or PDO instead /home/wwwroot/oho.oxygenhoop.com/ThinkPHP/Library/Think/Db/Driver/Mysql.class.php 第 52 行.
SQL: SHOW COLUMNS FROM `beidou_member` [ RunTime:0.000485s ]
SQL: SELECT * FROM `beidou_member` WHERE ( `openid` = 'o8wkZ0SmTljar3r6KfCThextJBsc' ) LIMIT 1   [ RunTime:0.000062s ]
INFO: [ app_end ] --START--
INFO: Run Behavior\ShowPageTrace [ RunTime:0.000409s ]
INFO: [ app_end ] --END-- [ RunTime:0.000448s ]

[ 2017-04-29T14:19:49+08:00 ] 122.227.207.86 /index.php/Home/Index/get_type_list?type_id=1&lat=29.90156&lng=121.5569
INFO: [ app_begin ] --START--
INFO: Run Behavior\ReadHtmlCache [ RunTime:0.000381s ]
INFO: Run Behavior\CronRun [ RunTime:0.000214s ]
INFO: [ app_begin ] --END-- [ RunTime:0.000892s ]
NOTIC: [8192] mysql_connect(): The mysql extension is deprecated and will be removed in the future: use mysqli or PDO instead /home/wwwroot/oho.oxygenhoop.com/ThinkPHP/Library/Think/Db/Driver/Mysql.class.php 第 52 行.
SQL: SHOW COLUMNS FROM `beidou_active` [ RunTime:0.000530s ]
SQL: SELECT a.*,c.cate_name,CONCAT("https://oho.oxygenhoop.com/Public/Uploads/",a.pic) logo,FROM_UNIXTIME(start_time,"%Y-%m-%d %H:%i") starttime,ROUND(6378.138*2*ASIN(SQRT(POW(SIN((29.90156*PI()/180-a.lat*PI()/180)/2),2)+COS(29.90156*PI()/180)*COS(lat*PI()/180)*POW(SIN((121.5569*PI()/180-lng*PI()/180)/2),2)))*1000) as jl FROM beidou_active a left join beidou_member b on a.member_id=b.id left join beidou_category c on a.type_id=c.id  WHERE ( b.type <> '2' ) AND ( a.is_pay = '1' ) AND ( a.start_time >= 1493446789 ) AND ( a.type_id = '1' ) HAVING jl<=10000 ORDER BY jl asc  [ RunTime:0.000466s ]
INFO: [ app_end ] --START--
INFO: Run Behavior\ShowPageTrace [ RunTime:0.000415s ]
INFO: [ app_end ] --END-- [ RunTime:0.000457s ]

[ 2017-04-29T14:19:50+08:00 ] 122.227.207.86 /index.php/Index/my_pub_active_list
INFO: [ app_begin ] --START--
INFO: Run Behavior\ReadHtmlCache [ RunTime:0.000379s ]
INFO: Run Behavior\CronRun [ RunTime:0.000200s ]
INFO: [ app_begin ] --END-- [ RunTime:0.001068s ]
NOTIC: [8192] mysql_connect(): The mysql extension is deprecated and will be removed in the future: use mysqli or PDO instead /home/wwwroot/oho.oxygenhoop.com/ThinkPHP/Library/Think/Db/Driver/Mysql.class.php 第 52 行.
SQL: SHOW COLUMNS FROM `beidou_member` [ RunTime:0.000475s ]
SQL: SELECT * FROM `beidou_member` WHERE ( `openid` = 'o8wkZ0SmTljar3r6KfCThextJBsc' ) LIMIT 1   [ RunTime:0.000063s ]
SQL: SHOW COLUMNS FROM `beidou_active` [ RunTime:0.000382s ]
SQL: SELECT `tname`,`is_pay`,`id` FROM `beidou_active` WHERE ( `member_id` = 10 ) ORDER BY addtime desc  [ RunTime:0.000063s ]
INFO: [ app_end ] --START--
INFO: Run Behavior\ShowPageTrace [ RunTime:0.000438s ]
INFO: [ app_end ] --END-- [ RunTime:0.000479s ]

[ 2017-04-29T14:19:50+08:00 ] 122.227.207.86 /index.php/Index/my_join_active_list
INFO: [ app_begin ] --START--
INFO: Run Behavior\ReadHtmlCache [ RunTime:0.000372s ]
INFO: Run Behavior\CronRun [ RunTime:0.000209s ]
INFO: [ app_begin ] --END-- [ RunTime:0.000871s ]
NOTIC: [8192] mysql_connect(): The mysql extension is deprecated and will be removed in the future: use mysqli or PDO instead /home/wwwroot/oho.oxygenhoop.com/ThinkPHP/Library/Think/Db/Driver/Mysql.class.php 第 52 行.
SQL: SHOW COLUMNS FROM `beidou_member` [ RunTime:0.000458s ]
SQL: SELECT * FROM `beidou_member` WHERE ( `openid` = 'o8wkZ0SmTljar3r6KfCThextJBsc' ) LIMIT 1   [ RunTime:0.000062s ]
SQL: SHOW COLUMNS FROM `beidou_order` [ RunTime:0.000326s ]
SQL: SELECT a.id,a.is_comment,a.pay_status,b.tname,a.active_id,b.start_time FROM beidou_order a left join beidou_active b on a.active_id=b.id  WHERE ( a.member_id = '10' ) ORDER BY a.addtime desc  [ RunTime:0.000059s ]
NOTIC: [2] Invalid argument supplied for foreach() /home/wwwroot/oho.oxygenhoop.com/Application/Home/Controller/IndexController.class.php 第 892 行.
INFO: [ app_end ] --START--
INFO: Run Behavior\ShowPageTrace [ RunTime:0.000452s ]
INFO: [ app_end ] --END-- [ RunTime:0.000489s ]

[ 2017-04-29T14:19:52+08:00 ] 122.227.207.86 /index.php/Home/Index/get_type
INFO: [ app_begin ] --START--
INFO: Run Behavior\ReadHtmlCache [ RunTime:0.000363s ]
INFO: Run Behavior\CronRun [ RunTime:0.000204s ]
INFO: [ app_begin ] --END-- [ RunTime:0.000852s ]
NOTIC: [8192] mysql_connect(): The mysql extension is deprecated and will be removed in the future: use mysqli or PDO instead /home/wwwroot/oho.oxygenhoop.com/ThinkPHP/Library/Think/Db/Driver/Mysql.class.php 第 52 行.
SQL: SHOW COLUMNS FROM `beidou_category` [ RunTime:0.000453s ]
SQL: SELECT `id`,`cate_name` FROM `beidou_category` WHERE ( `pid` = 0 )  [ RunTime:0.000055s ]

[ 2017-04-29T14:19:53+08:00 ] 122.227.207.86 /index.php/Home/Index/get_tj_list
INFO: [ app_begin ] --START--
INFO: Run Behavior\ReadHtmlCache [ RunTime:0.000366s ]
INFO: Run Behavior\CronRun [ RunTime:0.000205s ]
INFO: [ app_begin ] --END-- [ RunTime:0.000850s ]
NOTIC: [8192] mysql_connect(): The mysql extension is deprecated and will be removed in the future: use mysqli or PDO instead /home/wwwroot/oho.oxygenhoop.com/ThinkPHP/Library/Think/Db/Driver/Mysql.class.php 第 52 行.
SQL: SHOW COLUMNS FROM `beidou_active` [ RunTime:0.000511s ]
SQL: SELECT a.id,c.cate_name,CONCAT("https://oho.oxygenhoop.com/Public/Uploads/",a.pic) logo,FROM_UNIXTIME(start_time,"%Y-%m-%d %H:%i") starttime FROM beidou_active a left join beidou_member b on a.member_id=b.id left join beidou_category c on a.type_id=c.id  WHERE ( b.type = '2' ) LIMIT 5   [ RunTime:0.001331s ]
INFO: [ app_end ] --START--
INFO: Run Behavior\ShowPageTrace [ RunTime:0.000424s ]
INFO: [ app_end ] --END-- [ RunTime:0.000468s ]

[ 2017-04-29T14:19:53+08:00 ] 122.227.207.86 /index.php/Home/Index/get_type_list?type_id=1&lat=29.90164&lng=121.5571
INFO: [ app_begin ] --START--
INFO: Run Behavior\ReadHtmlCache [ RunTime:0.003384s ]
INFO: Run Behavior\CronRun [ RunTime:0.000206s ]
INFO: [ app_begin ] --END-- [ RunTime:0.003872s ]
NOTIC: [8192] mysql_connect(): The mysql extension is deprecated and will be removed in the future: use mysqli or PDO instead /home/wwwroot/oho.oxygenhoop.com/ThinkPHP/Library/Think/Db/Driver/Mysql.class.php 第 52 行.
SQL: SHOW COLUMNS FROM `beidou_active` [ RunTime:0.000385s ]
SQL: SELECT a.*,c.cate_name,CONCAT("https://oho.oxygenhoop.com/Public/Uploads/",a.pic) logo,FROM_UNIXTIME(start_time,"%Y-%m-%d %H:%i") starttime,ROUND(6378.138*2*ASIN(SQRT(POW(SIN((29.90164*PI()/180-a.lat*PI()/180)/2),2)+COS(29.90164*PI()/180)*COS(lat*PI()/180)*POW(SIN((121.5571*PI()/180-lng*PI()/180)/2),2)))*1000) as jl FROM beidou_active a left join beidou_member b on a.member_id=b.id left join beidou_category c on a.type_id=c.id  WHERE ( b.type <> '2' ) AND ( a.is_pay = '1' ) AND ( a.start_time >= 1493446793 ) AND ( a.type_id = '1' ) HAVING jl<=10000 ORDER BY jl asc  [ RunTime:0.001417s ]
INFO: [ app_end ] --START--
INFO: Run Behavior\ShowPageTrace [ RunTime:0.000414s ]
INFO: [ app_end ] --END-- [ RunTime:0.000454s ]

[ 2017-04-29T14:19:54+08:00 ] 122.227.207.86 /index.php/Home/Index/login?code=061j55Di2fqJyF0IIGCi2zodDi2j55D-
INFO: [ app_begin ] --START--
INFO: Run Behavior\ReadHtmlCache [ RunTime:0.000370s ]
INFO: Run Behavior\CronRun [ RunTime:0.000195s ]
INFO: [ app_begin ] --END-- [ RunTime:0.000913s ]
NOTIC: [8] Undefined index: errcode /home/wwwroot/oho.oxygenhoop.com/Application/Home/Controller/IndexController.class.php 第 464 行.

[ 2017-04-29T14:19:54+08:00 ] 122.227.207.86 /index.php/Index/check_login
INFO: [ app_begin ] --START--
INFO: Run Behavior\ReadHtmlCache [ RunTime:0.000366s ]
INFO: Run Behavior\CronRun [ RunTime:0.000201s ]
INFO: [ app_begin ] --END-- [ RunTime:0.000892s ]
NOTIC: [8192] mysql_connect(): The mysql extension is deprecated and will be removed in the future: use mysqli or PDO instead /home/wwwroot/oho.oxygenhoop.com/ThinkPHP/Library/Think/Db/Driver/Mysql.class.php 第 52 行.
SQL: SHOW COLUMNS FROM `beidou_member` [ RunTime:0.000492s ]
SQL: SELECT * FROM `beidou_member` WHERE ( `openid` = 'o8wkZ0SmTljar3r6KfCThextJBsc' ) LIMIT 1   [ RunTime:0.000077s ]
INFO: [ app_end ] --START--
INFO: Run Behavior\ShowPageTrace [ RunTime:0.000414s ]
INFO: [ app_end ] --END-- [ RunTime:0.000456s ]

[ 2017-04-29T14:20:09+08:00 ] 122.227.207.86 /index.php/Home/Index/get_active_detial?aid=3
INFO: [ app_begin ] --START--
INFO: Run Behavior\ReadHtmlCache [ RunTime:0.000421s ]
INFO: Run Behavior\CronRun [ RunTime:0.000216s ]
INFO: [ app_begin ] --END-- [ RunTime:0.000975s ]
NOTIC: [8192] mysql_connect(): The mysql extension is deprecated and will be removed in the future: use mysqli or PDO instead /home/wwwroot/oho.oxygenhoop.com/ThinkPHP/Library/Think/Db/Driver/Mysql.class.php 第 52 行.
SQL: SHOW COLUMNS FROM `beidou_active` [ RunTime:0.000549s ]
SQL: SELECT a.*,b.name username,c.cate_name,CONCAT("https://oho.oxygenhoop.com/Public/Uploads/",a.pic) logo,FROM_UNIXTIME(start_time,"%Y-%m-%d %H:%i") starttime FROM beidou_active a left join beidou_member b on a.member_id=b.id left join beidou_category c on a.type_id=c.id  WHERE ( a.id = '3' ) LIMIT 1   [ RunTime:0.000392s ]
INFO: [ app_end ] --START--
INFO: Run Behavior\ShowPageTrace [ RunTime:0.000446s ]
INFO: [ app_end ] --END-- [ RunTime:0.000490s ]

[ 2017-04-29T14:20:10+08:00 ] 122.227.207.86 /index.php/Home/Index/get_type
INFO: [ app_begin ] --START--
INFO: Run Behavior\ReadHtmlCache [ RunTime:0.000353s ]
INFO: Run Behavior\CronRun [ RunTime:0.000193s ]
INFO: [ app_begin ] --END-- [ RunTime:0.000858s ]
NOTIC: [8192] mysql_connect(): The mysql extension is deprecated and will be removed in the future: use mysqli or PDO instead /home/wwwroot/oho.oxygenhoop.com/ThinkPHP/Library/Think/Db/Driver/Mysql.class.php 第 52 行.
SQL: SHOW COLUMNS FROM `beidou_category` [ RunTime:0.000471s ]
SQL: SELECT `id`,`cate_name` FROM `beidou_category` WHERE ( `pid` = 0 )  [ RunTime:0.000052s ]

[ 2017-04-29T14:20:10+08:00 ] 122.227.207.86 /index.php/Home/Index/get_type_list?type_id=1&lat=29.90164&lng=121.5571
INFO: [ app_begin ] --START--
INFO: Run Behavior\ReadHtmlCache [ RunTime:0.000375s ]
INFO: Run Behavior\CronRun [ RunTime:0.000195s ]
INFO: [ app_begin ] --END-- [ RunTime:0.000859s ]
NOTIC: [8192] mysql_connect(): The mysql extension is deprecated and will be removed in the future: use mysqli or PDO instead /home/wwwroot/oho.oxygenhoop.com/ThinkPHP/Library/Think/Db/Driver/Mysql.class.php 第 52 行.
SQL: SHOW COLUMNS FROM `beidou_active` [ RunTime:0.000520s ]
SQL: SELECT a.*,c.cate_name,CONCAT("https://oho.oxygenhoop.com/Public/Uploads/",a.pic) logo,FROM_UNIXTIME(start_time,"%Y-%m-%d %H:%i") starttime,ROUND(6378.138*2*ASIN(SQRT(POW(SIN((29.90164*PI()/180-a.lat*PI()/180)/2),2)+COS(29.90164*PI()/180)*COS(lat*PI()/180)*POW(SIN((121.5571*PI()/180-lng*PI()/180)/2),2)))*1000) as jl FROM beidou_active a left join beidou_member b on a.member_id=b.id left join beidou_category c on a.type_id=c.id  WHERE ( b.type <> '2' ) AND ( a.is_pay = '1' ) AND ( a.start_time >= 1493446810 ) AND ( a.type_id = '1' ) HAVING jl<=10000 ORDER BY jl asc  [ RunTime:0.000475s ]
INFO: [ app_end ] --START--
INFO: Run Behavior\ShowPageTrace [ RunTime:0.000430s ]
INFO: [ app_end ] --END-- [ RunTime:0.000473s ]

[ 2017-04-29T14:20:10+08:00 ] 122.227.207.86 /index.php/Home/Index/get_tj_list
INFO: [ app_begin ] --START--
INFO: Run Behavior\ReadHtmlCache [ RunTime:0.000370s ]
INFO: Run Behavior\CronRun [ RunTime:0.000201s ]
INFO: [ app_begin ] --END-- [ RunTime:0.000852s ]
NOTIC: [8192] mysql_connect(): The mysql extension is deprecated and will be removed in the future: use mysqli or PDO instead /home/wwwroot/oho.oxygenhoop.com/ThinkPHP/Library/Think/Db/Driver/Mysql.class.php 第 52 行.
SQL: SHOW COLUMNS FROM `beidou_active` [ RunTime:0.000383s ]
SQL: SELECT a.id,c.cate_name,CONCAT("https://oho.oxygenhoop.com/Public/Uploads/",a.pic) logo,FROM_UNIXTIME(start_time,"%Y-%m-%d %H:%i") starttime FROM beidou_active a left join beidou_member b on a.member_id=b.id left join beidou_category c on a.type_id=c.id  WHERE ( b.type = '2' ) LIMIT 5   [ RunTime:0.000060s ]
INFO: [ app_end ] --START--
INFO: Run Behavior\ShowPageTrace [ RunTime:0.000426s ]
INFO: [ app_end ] --END-- [ RunTime:0.000471s ]

[ 2017-04-29T14:20:12+08:00 ] 122.227.207.86 /index.php/Home/Index/login?code=011dlfmF0Cpkoi2q3OmF0gmemF0dlfmg
INFO: [ app_begin ] --START--
INFO: Run Behavior\ReadHtmlCache [ RunTime:0.000366s ]
INFO: Run Behavior\CronRun [ RunTime:0.000199s ]
INFO: [ app_begin ] --END-- [ RunTime:0.000851s ]
NOTIC: [8] Undefined index: errcode /home/wwwroot/oho.oxygenhoop.com/Application/Home/Controller/IndexController.class.php 第 464 行.

[ 2017-04-29T14:20:15+08:00 ] 122.227.207.86 /index.php/Index/check_login
INFO: [ app_begin ] --START--
INFO: Run Behavior\ReadHtmlCache [ RunTime:0.000374s ]
INFO: Run Behavior\CronRun [ RunTime:0.000214s ]
INFO: [ app_begin ] --END-- [ RunTime:0.000894s ]
NOTIC: [8192] mysql_connect(): The mysql extension is deprecated and will be removed in the future: use mysqli or PDO instead /home/wwwroot/oho.oxygenhoop.com/ThinkPHP/Library/Think/Db/Driver/Mysql.class.php 第 52 行.
SQL: SHOW COLUMNS FROM `beidou_member` [ RunTime:0.000463s ]
SQL: SELECT * FROM `beidou_member` WHERE ( `openid` = 'o8wkZ0SmTljar3r6KfCThextJBsc' ) LIMIT 1   [ RunTime:0.000064s ]
INFO: [ app_end ] --START--
INFO: Run Behavior\ShowPageTrace [ RunTime:0.000415s ]
INFO: [ app_end ] --END-- [ RunTime:0.000456s ]

[ 2017-04-29T14:20:19+08:00 ] 122.227.207.86 /index.php/Home/Index/get_type_list?type_id=2&lat=29.90164&lng=121.5571
INFO: [ app_begin ] --START--
INFO: Run Behavior\ReadHtmlCache [ RunTime:0.000369s ]
INFO: Run Behavior\CronRun [ RunTime:0.000202s ]
INFO: [ app_begin ] --END-- [ RunTime:0.000857s ]
NOTIC: [8192] mysql_connect(): The mysql extension is deprecated and will be removed in the future: use mysqli or PDO instead /home/wwwroot/oho.oxygenhoop.com/ThinkPHP/Library/Think/Db/Driver/Mysql.class.php 第 52 行.
SQL: SHOW COLUMNS FROM `beidou_active` [ RunTime:0.000491s ]
SQL: SELECT a.*,c.cate_name,CONCAT("https://oho.oxygenhoop.com/Public/Uploads/",a.pic) logo,FROM_UNIXTIME(start_time,"%Y-%m-%d %H:%i") starttime,ROUND(6378.138*2*ASIN(SQRT(POW(SIN((29.90164*PI()/180-a.lat*PI()/180)/2),2)+COS(29.90164*PI()/180)*COS(lat*PI()/180)*POW(SIN((121.5571*PI()/180-lng*PI()/180)/2),2)))*1000) as jl FROM beidou_active a left join beidou_member b on a.member_id=b.id left join beidou_category c on a.type_id=c.id  WHERE ( b.type <> '2' ) AND ( a.is_pay = '1' ) AND ( a.start_time >= 1493446819 ) AND ( a.type_id = '2' ) HAVING jl<=10000 ORDER BY jl asc  [ RunTime:0.000456s ]
INFO: [ app_end ] --START--
INFO: Run Behavior\ShowPageTrace [ RunTime:0.000421s ]
INFO: [ app_end ] --END-- [ RunTime:0.000462s ]

[ 2017-04-29T14:20:21+08:00 ] 122.227.207.86 /index.php/Home/Index/get_type_list?type_id=3&lat=29.90164&lng=121.5571
INFO: [ app_begin ] --START--
INFO: Run Behavior\ReadHtmlCache [ RunTime:0.000369s ]
INFO: Run Behavior\CronRun [ RunTime:0.000192s ]
INFO: [ app_begin ] --END-- [ RunTime:0.000865s ]
NOTIC: [8192] mysql_connect(): The mysql extension is deprecated and will be removed in the future: use mysqli or PDO instead /home/wwwroot/oho.oxygenhoop.com/ThinkPHP/Library/Think/Db/Driver/Mysql.class.php 第 52 行.
SQL: SHOW COLUMNS FROM `beidou_active` [ RunTime:0.000503s ]
SQL: SELECT a.*,c.cate_name,CONCAT("https://oho.oxygenhoop.com/Public/Uploads/",a.pic) logo,FROM_UNIXTIME(start_time,"%Y-%m-%d %H:%i") starttime,ROUND(6378.138*2*ASIN(SQRT(POW(SIN((29.90164*PI()/180-a.lat*PI()/180)/2),2)+COS(29.90164*PI()/180)*COS(lat*PI()/180)*POW(SIN((121.5571*PI()/180-lng*PI()/180)/2),2)))*1000) as jl FROM beidou_active a left join beidou_member b on a.member_id=b.id left join beidou_category c on a.type_id=c.id  WHERE ( b.type <> '2' ) AND ( a.is_pay = '1' ) AND ( a.start_time >= 1493446821 ) AND ( a.type_id = '3' ) HAVING jl<=10000 ORDER BY jl asc  [ RunTime:0.000459s ]
INFO: [ app_end ] --START--
INFO: Run Behavior\ShowPageTrace [ RunTime:0.000407s ]
INFO: [ app_end ] --END-- [ RunTime:0.000446s ]

[ 2017-04-29T14:20:26+08:00 ] 122.227.207.86 /index.php/Index/my_join_active_list
INFO: [ app_begin ] --START--
INFO: Run Behavior\ReadHtmlCache [ RunTime:0.000362s ]
INFO: Run Behavior\CronRun [ RunTime:0.000198s ]
INFO: [ app_begin ] --END-- [ RunTime:0.000846s ]
NOTIC: [8192] mysql_connect(): The mysql extension is deprecated and will be removed in the future: use mysqli or PDO instead /home/wwwroot/oho.oxygenhoop.com/ThinkPHP/Library/Think/Db/Driver/Mysql.class.php 第 52 行.
SQL: SHOW COLUMNS FROM `beidou_member` [ RunTime:0.000337s ]
SQL: SELECT * FROM `beidou_member` WHERE ( `openid` = 'o8wkZ0SmTljar3r6KfCThextJBsc' ) LIMIT 1   [ RunTime:0.000527s ]
SQL: SHOW COLUMNS FROM `beidou_order` [ RunTime:0.000472s ]
SQL: SELECT a.id,a.is_comment,a.pay_status,b.tname,a.active_id,b.start_time FROM beidou_order a left join beidou_active b on a.active_id=b.id  WHERE ( a.member_id = '10' ) ORDER BY a.addtime desc  [ RunTime:0.000650s ]
NOTIC: [2] Invalid argument supplied for foreach() /home/wwwroot/oho.oxygenhoop.com/Application/Home/Controller/IndexController.class.php 第 892 行.
INFO: [ app_end ] --START--
INFO: Run Behavior\ShowPageTrace [ RunTime:0.000416s ]
INFO: [ app_end ] --END-- [ RunTime:0.000455s ]

[ 2017-04-29T14:20:26+08:00 ] 122.227.207.86 /index.php/Index/my_pub_active_list
INFO: [ app_begin ] --START--
INFO: Run Behavior\ReadHtmlCache [ RunTime:0.003498s ]
INFO: Run Behavior\CronRun [ RunTime:0.000208s ]
INFO: [ app_begin ] --END-- [ RunTime:0.003986s ]
NOTIC: [8192] mysql_connect(): The mysql extension is deprecated and will be removed in the future: use mysqli or PDO instead /home/wwwroot/oho.oxygenhoop.com/ThinkPHP/Library/Think/Db/Driver/Mysql.class.php 第 52 行.
SQL: SHOW COLUMNS FROM `beidou_member` [ RunTime:0.000518s ]
SQL: SELECT * FROM `beidou_member` WHERE ( `openid` = 'o8wkZ0SmTljar3r6KfCThextJBsc' ) LIMIT 1   [ RunTime:0.000741s ]
SQL: SHOW COLUMNS FROM `beidou_active` [ RunTime:0.000764s ]
SQL: SELECT `tname`,`is_pay`,`id` FROM `beidou_active` WHERE ( `member_id` = 10 ) ORDER BY addtime desc  [ RunTime:0.000056s ]
INFO: [ app_end ] --START--
INFO: Run Behavior\ShowPageTrace [ RunTime:0.001377s ]
INFO: [ app_end ] --END-- [ RunTime:0.001416s ]

[ 2017-04-29T14:20:27+08:00 ] 122.227.207.86 /index.php/Home/Index/get_type
INFO: [ app_begin ] --START--
INFO: Run Behavior\ReadHtmlCache [ RunTime:0.000370s ]
INFO: Run Behavior\CronRun [ RunTime:0.000201s ]
INFO: [ app_begin ] --END-- [ RunTime:0.000866s ]
NOTIC: [8192] mysql_connect(): The mysql extension is deprecated and will be removed in the future: use mysqli or PDO instead /home/wwwroot/oho.oxygenhoop.com/ThinkPHP/Library/Think/Db/Driver/Mysql.class.php 第 52 行.
SQL: SHOW COLUMNS FROM `beidou_category` [ RunTime:0.000481s ]
SQL: SELECT `id`,`cate_name` FROM `beidou_category` WHERE ( `pid` = 0 )  [ RunTime:0.000054s ]

[ 2017-04-29T14:20:28+08:00 ] 122.227.207.86 /index.php/Home/Index/get_type_list?type_id=3&lat=29.90162&lng=121.557
INFO: [ app_begin ] --START--
INFO: Run Behavior\ReadHtmlCache [ RunTime:0.000366s ]
INFO: Run Behavior\CronRun [ RunTime:0.000198s ]
INFO: [ app_begin ] --END-- [ RunTime:0.000878s ]
NOTIC: [8192] mysql_connect(): The mysql extension is deprecated and will be removed in the future: use mysqli or PDO instead /home/wwwroot/oho.oxygenhoop.com/ThinkPHP/Library/Think/Db/Driver/Mysql.class.php 第 52 行.
SQL: SHOW COLUMNS FROM `beidou_active` [ RunTime:0.000496s ]
SQL: SELECT a.*,c.cate_name,CONCAT("https://oho.oxygenhoop.com/Public/Uploads/",a.pic) logo,FROM_UNIXTIME(start_time,"%Y-%m-%d %H:%i") starttime,ROUND(6378.138*2*ASIN(SQRT(POW(SIN((29.90162*PI()/180-a.lat*PI()/180)/2),2)+COS(29.90162*PI()/180)*COS(lat*PI()/180)*POW(SIN((121.557*PI()/180-lng*PI()/180)/2),2)))*1000) as jl FROM beidou_active a left join beidou_member b on a.member_id=b.id left join beidou_category c on a.type_id=c.id  WHERE ( b.type <> '2' ) AND ( a.is_pay = '1' ) AND ( a.start_time >= 1493446828 ) AND ( a.type_id = '3' ) HAVING jl<=10000 ORDER BY jl asc  [ RunTime:0.000429s ]
INFO: [ app_end ] --START--
INFO: Run Behavior\ShowPageTrace [ RunTime:0.000433s ]
INFO: [ app_end ] --END-- [ RunTime:0.000474s ]

[ 2017-04-29T14:20:28+08:00 ] 122.227.207.86 /index.php/Home/Index/get_tj_list
INFO: [ app_begin ] --START--
INFO: Run Behavior\ReadHtmlCache [ RunTime:0.000382s ]
INFO: Run Behavior\CronRun [ RunTime:0.000194s ]
INFO: [ app_begin ] --END-- [ RunTime:0.003537s ]
NOTIC: [8192] mysql_connect(): The mysql extension is deprecated and will be removed in the future: use mysqli or PDO instead /home/wwwroot/oho.oxygenhoop.com/ThinkPHP/Library/Think/Db/Driver/Mysql.class.php 第 52 行.
SQL: SHOW COLUMNS FROM `beidou_active` [ RunTime:0.000433s ]
SQL: SELECT a.id,c.cate_name,CONCAT("https://oho.oxygenhoop.com/Public/Uploads/",a.pic) logo,FROM_UNIXTIME(start_time,"%Y-%m-%d %H:%i") starttime FROM beidou_active a left join beidou_member b on a.member_id=b.id left join beidou_category c on a.type_id=c.id  WHERE ( b.type = '2' ) LIMIT 5   [ RunTime:0.000077s ]
INFO: [ app_end ] --START--
INFO: Run Behavior\ShowPageTrace [ RunTime:0.000410s ]
INFO: [ app_end ] --END-- [ RunTime:0.000450s ]

[ 2017-04-29T14:20:29+08:00 ] 122.227.207.86 /index.php/Home/Index/login?code=0219Jj5R1or3w61YiU5R1Eqw5R19Jj5D
INFO: [ app_begin ] --START--
INFO: Run Behavior\ReadHtmlCache [ RunTime:0.000357s ]
INFO: Run Behavior\CronRun [ RunTime:0.000217s ]
INFO: [ app_begin ] --END-- [ RunTime:0.000881s ]
NOTIC: [8] Undefined index: errcode /home/wwwroot/oho.oxygenhoop.com/Application/Home/Controller/IndexController.class.php 第 464 行.

[ 2017-04-29T14:20:30+08:00 ] 122.227.207.86 /index.php/Index/check_login
INFO: [ app_begin ] --START--
INFO: Run Behavior\ReadHtmlCache [ RunTime:0.000399s ]
INFO: Run Behavior\CronRun [ RunTime:0.000268s ]
INFO: [ app_begin ] --END-- [ RunTime:0.000992s ]
NOTIC: [8192] mysql_connect(): The mysql extension is deprecated and will be removed in the future: use mysqli or PDO instead /home/wwwroot/oho.oxygenhoop.com/ThinkPHP/Library/Think/Db/Driver/Mysql.class.php 第 52 行.
SQL: SHOW COLUMNS FROM `beidou_member` [ RunTime:0.000486s ]
SQL: SELECT * FROM `beidou_member` WHERE ( `openid` = 'o8wkZ0SmTljar3r6KfCThextJBsc' ) LIMIT 1   [ RunTime:0.000076s ]
INFO: [ app_end ] --START--
INFO: Run Behavior\ShowPageTrace [ RunTime:0.000420s ]
INFO: [ app_end ] --END-- [ RunTime:0.000462s ]

[ 2017-04-29T16:06:46+08:00 ] 114.242.248.214 /index.php/Home/Index/get_type
INFO: [ app_begin ] --START--
INFO: Run Behavior\ReadHtmlCache [ RunTime:0.000384s ]
INFO: Run Behavior\CronRun [ RunTime:0.000194s ]
INFO: [ app_begin ] --END-- [ RunTime:0.000865s ]
NOTIC: [8192] mysql_connect(): The mysql extension is deprecated and will be removed in the future: use mysqli or PDO instead /home/wwwroot/oho.oxygenhoop.com/ThinkPHP/Library/Think/Db/Driver/Mysql.class.php 第 52 行.
SQL: SHOW COLUMNS FROM `beidou_category` [ RunTime:0.000446s ]
SQL: SELECT `id`,`cate_name` FROM `beidou_category` WHERE ( `pid` = 0 )  [ RunTime:0.000951s ]

[ 2017-04-29T16:06:46+08:00 ] 114.242.248.214 /index.php/Home/Index/login?code=051DAdoW0kjOOW1aFYlW0OUboW0DAdo6
INFO: [ app_begin ] --START--
INFO: Run Behavior\ReadHtmlCache [ RunTime:0.000364s ]
INFO: Run Behavior\CronRun [ RunTime:0.000190s ]
INFO: [ app_begin ] --END-- [ RunTime:0.000835s ]
NOTIC: [8] Undefined index: errcode /home/wwwroot/oho.oxygenhoop.com/Application/Home/Controller/IndexController.class.php 第 464 行.

[ 2017-04-29T16:06:46+08:00 ] 114.242.248.214 /index.php/Home/Index/get_type_list?type_id=0&lat=39.98848&lng=116.3229
INFO: [ app_begin ] --START--
INFO: Run Behavior\ReadHtmlCache [ RunTime:0.000378s ]
INFO: Run Behavior\CronRun [ RunTime:0.000194s ]
INFO: [ app_begin ] --END-- [ RunTime:0.000848s ]
NOTIC: [8192] mysql_connect(): The mysql extension is deprecated and will be removed in the future: use mysqli or PDO instead /home/wwwroot/oho.oxygenhoop.com/ThinkPHP/Library/Think/Db/Driver/Mysql.class.php 第 52 行.
SQL: SHOW COLUMNS FROM `beidou_active` [ RunTime:0.000488s ]
SQL: SELECT a.*,c.cate_name,CONCAT("https://oho.oxygenhoop.com/Public/Uploads/",a.pic) logo,FROM_UNIXTIME(start_time,"%Y-%m-%d %H:%i") starttime,ROUND(6378.138*2*ASIN(SQRT(POW(SIN((39.98848*PI()/180-a.lat*PI()/180)/2),2)+COS(39.98848*PI()/180)*COS(lat*PI()/180)*POW(SIN((116.3229*PI()/180-lng*PI()/180)/2),2)))*1000) as jl FROM beidou_active a left join beidou_member b on a.member_id=b.id left join beidou_category c on a.type_id=c.id  WHERE ( b.type <> '2' ) AND ( a.is_pay = '1' ) AND ( a.start_time >= 1493453206 ) HAVING jl<=10000 ORDER BY jl asc  [ RunTime:0.000814s ]
INFO: [ app_end ] --START--
INFO: Run Behavior\ShowPageTrace [ RunTime:0.000397s ]
INFO: [ app_end ] --END-- [ RunTime:0.000440s ]

[ 2017-04-29T16:06:46+08:00 ] 114.242.248.214 /index.php/Home/Index/get_tj_list
INFO: [ app_begin ] --START--
INFO: Run Behavior\ReadHtmlCache [ RunTime:0.000365s ]
INFO: Run Behavior\CronRun [ RunTime:0.000194s ]
INFO: [ app_begin ] --END-- [ RunTime:0.001801s ]
NOTIC: [8192] mysql_connect(): The mysql extension is deprecated and will be removed in the future: use mysqli or PDO instead /home/wwwroot/oho.oxygenhoop.com/ThinkPHP/Library/Think/Db/Driver/Mysql.class.php 第 52 行.
SQL: SHOW COLUMNS FROM `beidou_active` [ RunTime:0.000421s ]
SQL: SELECT a.id,c.cate_name,CONCAT("https://oho.oxygenhoop.com/Public/Uploads/",a.pic) logo,FROM_UNIXTIME(start_time,"%Y-%m-%d %H:%i") starttime FROM beidou_active a left join beidou_member b on a.member_id=b.id left join beidou_category c on a.type_id=c.id  WHERE ( b.type = '2' ) LIMIT 5   [ RunTime:0.000063s ]
INFO: [ app_end ] --START--
INFO: Run Behavior\ShowPageTrace [ RunTime:0.000423s ]
INFO: [ app_end ] --END-- [ RunTime:0.000462s ]

[ 2017-04-29T16:06:46+08:00 ] 114.242.248.214 /index.php/Index/get_user
INFO: [ app_begin ] --START--
INFO: Run Behavior\ReadHtmlCache [ RunTime:0.000350s ]
INFO: Run Behavior\CronRun [ RunTime:0.000192s ]
INFO: [ app_begin ] --END-- [ RunTime:0.000856s ]
NOTIC: [8192] mysql_connect(): The mysql extension is deprecated and will be removed in the future: use mysqli or PDO instead /home/wwwroot/oho.oxygenhoop.com/ThinkPHP/Library/Think/Db/Driver/Mysql.class.php 第 52 行.
SQL: SHOW COLUMNS FROM `beidou_member` [ RunTime:0.000471s ]
SQL: SELECT `logo`,`name`,`id` FROM `beidou_member` WHERE ( `openid` = 'o8wkZ0WeBAfMkY5IsU2nppYIRp98' ) LIMIT 1   [ RunTime:0.000053s ]
SQL: SHOW COLUMNS FROM `beidou_active` [ RunTime:0.000375s ]
SQL: SELECT `tname`,`is_pay`,`id` FROM `beidou_active` WHERE ( `member_id` = 6 ) ORDER BY id desc LIMIT 3   [ RunTime:0.000189s ]
SQL: SHOW COLUMNS FROM `beidou_order` [ RunTime:0.000330s ]
SQL: SELECT a.id,a.is_comment,a.pay_status,b.tname,b.start_time,a.ordernum,a.active_id,a.member_id FROM beidou_order a left join beidou_active b on a.active_id=b.id  WHERE ( a.member_id = '6' ) ORDER BY a.addtime desc LIMIT 3   [ RunTime:0.000249s ]
INFO: [ app_end ] --START--
INFO: Run Behavior\ShowPageTrace [ RunTime:0.000394s ]
INFO: [ app_end ] --END-- [ RunTime:0.000443s ]

[ 2017-04-29T16:06:46+08:00 ] 114.242.248.214 /index.php/Index/check_login
INFO: [ app_begin ] --START--
INFO: Run Behavior\ReadHtmlCache [ RunTime:0.000378s ]
INFO: Run Behavior\CronRun [ RunTime:0.000197s ]
INFO: [ app_begin ] --END-- [ RunTime:0.000870s ]
NOTIC: [8192] mysql_connect(): The mysql extension is deprecated and will be removed in the future: use mysqli or PDO instead /home/wwwroot/oho.oxygenhoop.com/ThinkPHP/Library/Think/Db/Driver/Mysql.class.php 第 52 行.
SQL: SHOW COLUMNS FROM `beidou_member` [ RunTime:0.000447s ]
SQL: SELECT * FROM `beidou_member` WHERE ( `openid` = 'o8wkZ0WeBAfMkY5IsU2nppYIRp98' ) LIMIT 1   [ RunTime:0.000066s ]
INFO: [ app_end ] --START--
INFO: Run Behavior\ShowPageTrace [ RunTime:0.000396s ]
INFO: [ app_end ] --END-- [ RunTime:0.000437s ]

[ 2017-04-29T16:06:48+08:00 ] 114.242.248.214 /index.php/Index/my_join_active_list
INFO: [ app_begin ] --START--
INFO: Run Behavior\ReadHtmlCache [ RunTime:0.000358s ]
INFO: Run Behavior\CronRun [ RunTime:0.000209s ]
INFO: [ app_begin ] --END-- [ RunTime:0.000861s ]
NOTIC: [8192] mysql_connect(): The mysql extension is deprecated and will be removed in the future: use mysqli or PDO instead /home/wwwroot/oho.oxygenhoop.com/ThinkPHP/Library/Think/Db/Driver/Mysql.class.php 第 52 行.
SQL: SHOW COLUMNS FROM `beidou_member` [ RunTime:0.000460s ]
SQL: SELECT * FROM `beidou_member` WHERE ( `openid` = 'o8wkZ0WeBAfMkY5IsU2nppYIRp98' ) LIMIT 1   [ RunTime:0.000794s ]
SQL: SHOW COLUMNS FROM `beidou_order` [ RunTime:0.000310s ]
SQL: SELECT a.id,a.is_comment,a.pay_status,b.tname,a.active_id,b.start_time FROM beidou_order a left join beidou_active b on a.active_id=b.id  WHERE ( a.member_id = '6' ) ORDER BY a.addtime desc  [ RunTime:0.001146s ]
INFO: [ app_end ] --START--
INFO: Run Behavior\ShowPageTrace [ RunTime:0.000394s ]
INFO: [ app_end ] --END-- [ RunTime:0.000435s ]

[ 2017-04-29T16:06:48+08:00 ] 114.242.248.214 /index.php/Index/my_pub_active_list
INFO: [ app_begin ] --START--
INFO: Run Behavior\ReadHtmlCache [ RunTime:0.000389s ]
INFO: Run Behavior\CronRun [ RunTime:0.000192s ]
INFO: [ app_begin ] --END-- [ RunTime:0.000856s ]
NOTIC: [8192] mysql_connect(): The mysql extension is deprecated and will be removed in the future: use mysqli or PDO instead /home/wwwroot/oho.oxygenhoop.com/ThinkPHP/Library/Think/Db/Driver/Mysql.class.php 第 52 行.
SQL: SHOW COLUMNS FROM `beidou_member` [ RunTime:0.000336s ]
SQL: SELECT * FROM `beidou_member` WHERE ( `openid` = 'o8wkZ0WeBAfMkY5IsU2nppYIRp98' ) LIMIT 1   [ RunTime:0.000968s ]
SQL: SHOW COLUMNS FROM `beidou_active` [ RunTime:0.000342s ]
SQL: SELECT `tname`,`is_pay`,`id` FROM `beidou_active` WHERE ( `member_id` = 6 ) ORDER BY addtime desc  [ RunTime:0.001103s ]
INFO: [ app_end ] --START--
INFO: Run Behavior\ShowPageTrace [ RunTime:0.000394s ]
INFO: [ app_end ] --END-- [ RunTime:0.000433s ]

[ 2017-04-29T16:06:50+08:00 ] 114.242.248.214 /index.php/Index/ewm/aid/43
INFO: [ app_begin ] --START--
INFO: Run Behavior\ReadHtmlCache [ RunTime:0.000371s ]
INFO: Run Behavior\CronRun [ RunTime:0.000194s ]
INFO: [ app_begin ] --END-- [ RunTime:0.000862s ]
INFO: [ app_end ] --START--
INFO: Run Behavior\ShowPageTrace [ RunTime:0.000393s ]
INFO: [ app_end ] --END-- [ RunTime:0.000440s ]

[ 2017-04-29T17:21:20+08:00 ] 114.242.249.98 /index.php/Home/Index/get_type
INFO: [ app_begin ] --START--
INFO: Run Behavior\ReadHtmlCache [ RunTime:0.000365s ]
INFO: Run Behavior\CronRun [ RunTime:0.001120s ]
INFO: [ app_begin ] --END-- [ RunTime:0.001771s ]
NOTIC: [8192] mysql_connect(): The mysql extension is deprecated and will be removed in the future: use mysqli or PDO instead /home/wwwroot/oho.oxygenhoop.com/ThinkPHP/Library/Think/Db/Driver/Mysql.class.php 第 52 行.
SQL: SHOW COLUMNS FROM `beidou_category` [ RunTime:0.000469s ]
SQL: SELECT `id`,`cate_name` FROM `beidou_category` WHERE ( `pid` = 0 )  [ RunTime:0.000054s ]

[ 2017-04-29T17:21:20+08:00 ] 114.242.249.98 /index.php/Home/Index/login?code=061r7iqv05SHGd1w05pv0ee4qv0r7iqc
INFO: [ app_begin ] --START--
INFO: Run Behavior\ReadHtmlCache [ RunTime:0.003396s ]
INFO: Run Behavior\CronRun [ RunTime:0.000196s ]
INFO: [ app_begin ] --END-- [ RunTime:0.003874s ]
NOTIC: [8] Undefined index: errcode /home/wwwroot/oho.oxygenhoop.com/Application/Home/Controller/IndexController.class.php 第 464 行.

[ 2017-04-29T17:21:21+08:00 ] 114.242.249.98 /index.php/Home/Index/get_type_list?type_id=0&lat=39.98848&lng=116.3229
INFO: [ app_begin ] --START--
INFO: Run Behavior\ReadHtmlCache [ RunTime:0.000390s ]
INFO: Run Behavior\CronRun [ RunTime:0.000197s ]
INFO: [ app_begin ] --END-- [ RunTime:0.000885s ]
NOTIC: [8192] mysql_connect(): The mysql extension is deprecated and will be removed in the future: use mysqli or PDO instead /home/wwwroot/oho.oxygenhoop.com/ThinkPHP/Library/Think/Db/Driver/Mysql.class.php 第 52 行.
SQL: SHOW COLUMNS FROM `beidou_active` [ RunTime:0.000531s ]
SQL: SELECT a.*,c.cate_name,CONCAT("https://oho.oxygenhoop.com/Public/Uploads/",a.pic) logo,FROM_UNIXTIME(start_time,"%Y-%m-%d %H:%i") starttime,ROUND(6378.138*2*ASIN(SQRT(POW(SIN((39.98848*PI()/180-a.lat*PI()/180)/2),2)+COS(39.98848*PI()/180)*COS(lat*PI()/180)*POW(SIN((116.3229*PI()/180-lng*PI()/180)/2),2)))*1000) as jl FROM beidou_active a left join beidou_member b on a.member_id=b.id left join beidou_category c on a.type_id=c.id  WHERE ( b.type <> '2' ) AND ( a.is_pay = '1' ) AND ( a.start_time >= 1493457681 ) HAVING jl<=10000 ORDER BY jl asc  [ RunTime:0.000514s ]
INFO: [ app_end ] --START--
INFO: Run Behavior\ShowPageTrace [ RunTime:0.002120s ]
INFO: [ app_end ] --END-- [ RunTime:0.002168s ]

[ 2017-04-29T17:21:21+08:00 ] 114.242.249.98 /index.php/Home/Index/get_tj_list
INFO: [ app_begin ] --START--
INFO: Run Behavior\ReadHtmlCache [ RunTime:0.000387s ]
INFO: Run Behavior\CronRun [ RunTime:0.000195s ]
INFO: [ app_begin ] --END-- [ RunTime:0.000864s ]
NOTIC: [8192] mysql_connect(): The mysql extension is deprecated and will be removed in the future: use mysqli or PDO instead /home/wwwroot/oho.oxygenhoop.com/ThinkPHP/Library/Think/Db/Driver/Mysql.class.php 第 52 行.
SQL: SHOW COLUMNS FROM `beidou_active` [ RunTime:0.000410s ]
SQL: SELECT a.id,c.cate_name,CONCAT("https://oho.oxygenhoop.com/Public/Uploads/",a.pic) logo,FROM_UNIXTIME(start_time,"%Y-%m-%d %H:%i") starttime FROM beidou_active a left join beidou_member b on a.member_id=b.id left join beidou_category c on a.type_id=c.id  WHERE ( b.type = '2' ) LIMIT 5   [ RunTime:0.000063s ]
INFO: [ app_end ] --START--
INFO: Run Behavior\ShowPageTrace [ RunTime:0.000424s ]
INFO: [ app_end ] --END-- [ RunTime:0.000469s ]

[ 2017-04-29T17:21:21+08:00 ] 114.242.249.98 /index.php/Index/check_login
INFO: [ app_begin ] --START--
INFO: Run Behavior\ReadHtmlCache [ RunTime:0.000356s ]
INFO: Run Behavior\CronRun [ RunTime:0.000197s ]
INFO: [ app_begin ] --END-- [ RunTime:0.000853s ]
NOTIC: [8192] mysql_connect(): The mysql extension is deprecated and will be removed in the future: use mysqli or PDO instead /home/wwwroot/oho.oxygenhoop.com/ThinkPHP/Library/Think/Db/Driver/Mysql.class.php 第 52 行.
SQL: SHOW COLUMNS FROM `beidou_member` [ RunTime:0.000449s ]
SQL: SELECT * FROM `beidou_member` WHERE ( `openid` = 'o8wkZ0WeBAfMkY5IsU2nppYIRp98' ) LIMIT 1   [ RunTime:0.000132s ]
INFO: [ app_end ] --START--
INFO: Run Behavior\ShowPageTrace [ RunTime:0.000408s ]
INFO: [ app_end ] --END-- [ RunTime:0.000448s ]

[ 2017-04-29T17:21:25+08:00 ] 114.242.249.98 /index.php/Index/get_user
INFO: [ app_begin ] --START--
INFO: Run Behavior\ReadHtmlCache [ RunTime:0.000364s ]
INFO: Run Behavior\CronRun [ RunTime:0.000253s ]
INFO: [ app_begin ] --END-- [ RunTime:0.000912s ]
NOTIC: [8192] mysql_connect(): The mysql extension is deprecated and will be removed in the future: use mysqli or PDO instead /home/wwwroot/oho.oxygenhoop.com/ThinkPHP/Library/Think/Db/Driver/Mysql.class.php 第 52 行.
SQL: SHOW COLUMNS FROM `beidou_member` [ RunTime:0.000447s ]
SQL: SELECT `logo`,`name`,`id` FROM `beidou_member` WHERE ( `openid` = 'o8wkZ0WeBAfMkY5IsU2nppYIRp98' ) LIMIT 1   [ RunTime:0.000055s ]
SQL: SHOW COLUMNS FROM `beidou_active` [ RunTime:0.000361s ]
SQL: SELECT `tname`,`is_pay`,`id` FROM `beidou_active` WHERE ( `member_id` = 6 ) ORDER BY id desc LIMIT 3   [ RunTime:0.000058s ]
SQL: SHOW COLUMNS FROM `beidou_order` [ RunTime:0.000344s ]
SQL: SELECT a.id,a.is_comment,a.pay_status,b.tname,b.start_time,a.ordernum,a.active_id,a.member_id FROM beidou_order a left join beidou_active b on a.active_id=b.id  WHERE ( a.member_id = '6' ) ORDER BY a.addtime desc LIMIT 3   [ RunTime:0.000057s ]
INFO: [ app_end ] --START--
INFO: Run Behavior\ShowPageTrace [ RunTime:0.000410s ]
INFO: [ app_end ] --END-- [ RunTime:0.000466s ]

[ 2017-04-29T17:21:31+08:00 ] 114.242.249.98 /index.php/Index/get_user
INFO: [ app_begin ] --START--
INFO: Run Behavior\ReadHtmlCache [ RunTime:0.000351s ]
INFO: Run Behavior\CronRun [ RunTime:0.000192s ]
INFO: [ app_begin ] --END-- [ RunTime:0.000845s ]
NOTIC: [8192] mysql_connect(): The mysql extension is deprecated and will be removed in the future: use mysqli or PDO instead /home/wwwroot/oho.oxygenhoop.com/ThinkPHP/Library/Think/Db/Driver/Mysql.class.php 第 52 行.
SQL: SHOW COLUMNS FROM `beidou_member` [ RunTime:0.000480s ]
SQL: SELECT `logo`,`name`,`id` FROM `beidou_member` WHERE ( `openid` = 'o8wkZ0WeBAfMkY5IsU2nppYIRp98' ) LIMIT 1   [ RunTime:0.000052s ]
SQL: SHOW COLUMNS FROM `beidou_active` [ RunTime:0.000360s ]
SQL: SELECT `tname`,`is_pay`,`id` FROM `beidou_active` WHERE ( `member_id` = 6 ) ORDER BY id desc LIMIT 3   [ RunTime:0.000059s ]
SQL: SHOW COLUMNS FROM `beidou_order` [ RunTime:0.000317s ]
SQL: SELECT a.id,a.is_comment,a.pay_status,b.tname,b.start_time,a.ordernum,a.active_id,a.member_id FROM beidou_order a left join beidou_active b on a.active_id=b.id  WHERE ( a.member_id = '6' ) ORDER BY a.addtime desc LIMIT 3   [ RunTime:0.000055s ]
INFO: [ app_end ] --START--
INFO: Run Behavior\ShowPageTrace [ RunTime:0.000387s ]
INFO: [ app_end ] --END-- [ RunTime:0.000427s ]

[ 2017-04-29T17:25:57+08:00 ] 114.242.249.98 /index.php/Index/get_user
INFO: [ app_begin ] --START--
INFO: Run Behavior\ReadHtmlCache [ RunTime:0.000349s ]
INFO: Run Behavior\CronRun [ RunTime:0.000200s ]
INFO: [ app_begin ] --END-- [ RunTime:0.000839s ]
NOTIC: [8192] mysql_connect(): The mysql extension is deprecated and will be removed in the future: use mysqli or PDO instead /home/wwwroot/oho.oxygenhoop.com/ThinkPHP/Library/Think/Db/Driver/Mysql.class.php 第 52 行.
SQL: SHOW COLUMNS FROM `beidou_member` [ RunTime:0.000444s ]
SQL: SELECT `logo`,`name`,`id` FROM `beidou_member` WHERE ( `openid` = 'o8wkZ0WeBAfMkY5IsU2nppYIRp98' ) LIMIT 1   [ RunTime:0.000054s ]
SQL: SHOW COLUMNS FROM `beidou_active` [ RunTime:0.000356s ]
SQL: SELECT `tname`,`is_pay`,`id` FROM `beidou_active` WHERE ( `member_id` = 6 ) ORDER BY id desc LIMIT 3   [ RunTime:0.000058s ]
SQL: SHOW COLUMNS FROM `beidou_order` [ RunTime:0.000341s ]
SQL: SELECT a.id,a.is_comment,a.pay_status,b.tname,b.start_time,a.ordernum,a.active_id,a.member_id FROM beidou_order a left join beidou_active b on a.active_id=b.id  WHERE ( a.member_id = '6' ) ORDER BY a.addtime desc LIMIT 3   [ RunTime:0.000055s ]
INFO: [ app_end ] --START--
INFO: Run Behavior\ShowPageTrace [ RunTime:0.000390s ]
INFO: [ app_end ] --END-- [ RunTime:0.000429s ]

[ 2017-04-29T17:25:59+08:00 ] 114.242.249.98 /index.php/Home/Index/get_type
INFO: [ app_begin ] --START--
INFO: Run Behavior\ReadHtmlCache [ RunTime:0.000351s ]
INFO: Run Behavior\CronRun [ RunTime:0.000193s ]
INFO: [ app_begin ] --END-- [ RunTime:0.000841s ]
NOTIC: [8192] mysql_connect(): The mysql extension is deprecated and will be removed in the future: use mysqli or PDO instead /home/wwwroot/oho.oxygenhoop.com/ThinkPHP/Library/Think/Db/Driver/Mysql.class.php 第 52 行.
SQL: SHOW COLUMNS FROM `beidou_category` [ RunTime:0.000463s ]
SQL: SELECT `id`,`cate_name` FROM `beidou_category` WHERE ( `pid` = 0 )  [ RunTime:0.000053s ]

[ 2017-04-29T17:25:59+08:00 ] 114.242.249.98 /index.php/Home/Index/get_tj_list
INFO: [ app_begin ] --START--
INFO: Run Behavior\ReadHtmlCache [ RunTime:0.003381s ]
INFO: Run Behavior\CronRun [ RunTime:0.002922s ]
INFO: [ app_begin ] --END-- [ RunTime:0.006578s ]
NOTIC: [8192] mysql_connect(): The mysql extension is deprecated and will be removed in the future: use mysqli or PDO instead /home/wwwroot/oho.oxygenhoop.com/ThinkPHP/Library/Think/Db/Driver/Mysql.class.php 第 52 行.
SQL: SHOW COLUMNS FROM `beidou_active` [ RunTime:0.000569s ]
SQL: SELECT a.id,c.cate_name,CONCAT("https://oho.oxygenhoop.com/Public/Uploads/",a.pic) logo,FROM_UNIXTIME(start_time,"%Y-%m-%d %H:%i") starttime FROM beidou_active a left join beidou_member b on a.member_id=b.id left join beidou_category c on a.type_id=c.id  WHERE ( b.type = '2' ) LIMIT 5   [ RunTime:0.001288s ]
INFO: [ app_end ] --START--
INFO: Run Behavior\ShowPageTrace [ RunTime:0.000417s ]
INFO: [ app_end ] --END-- [ RunTime:0.000458s ]

[ 2017-04-29T17:25:59+08:00 ] 114.242.249.98 /index.php/Home/Index/get_type_list?type_id=0&lat=39.98848&lng=116.3229
INFO: [ app_begin ] --START--
INFO: Run Behavior\ReadHtmlCache [ RunTime:0.000345s ]
INFO: Run Behavior\CronRun [ RunTime:0.000519s ]
INFO: [ app_begin ] --END-- [ RunTime:0.001150s ]
NOTIC: [8192] mysql_connect(): The mysql extension is deprecated and will be removed in the future: use mysqli or PDO instead /home/wwwroot/oho.oxygenhoop.com/ThinkPHP/Library/Think/Db/Driver/Mysql.class.php 第 52 行.
SQL: SHOW COLUMNS FROM `beidou_active` [ RunTime:0.000389s ]
SQL: SELECT a.*,c.cate_name,CONCAT("https://oho.oxygenhoop.com/Public/Uploads/",a.pic) logo,FROM_UNIXTIME(start_time,"%Y-%m-%d %H:%i") starttime,ROUND(6378.138*2*ASIN(SQRT(POW(SIN((39.98848*PI()/180-a.lat*PI()/180)/2),2)+COS(39.98848*PI()/180)*COS(lat*PI()/180)*POW(SIN((116.3229*PI()/180-lng*PI()/180)/2),2)))*1000) as jl FROM beidou_active a left join beidou_member b on a.member_id=b.id left join beidou_category c on a.type_id=c.id  WHERE ( b.type <> '2' ) AND ( a.is_pay = '1' ) AND ( a.start_time >= 1493457959 ) HAVING jl<=10000 ORDER BY jl asc  [ RunTime:0.001431s ]
INFO: [ app_end ] --START--
INFO: Run Behavior\ShowPageTrace [ RunTime:0.000406s ]
INFO: [ app_end ] --END-- [ RunTime:0.000448s ]

[ 2017-04-29T17:25:59+08:00 ] 114.242.249.98 /index.php/Home/Index/login?code=051d6lQt12yfdb07YWQt1O9vQt1d6lQY
INFO: [ app_begin ] --START--
INFO: Run Behavior\ReadHtmlCache [ RunTime:0.000358s ]
INFO: Run Behavior\CronRun [ RunTime:0.000222s ]
INFO: [ app_begin ] --END-- [ RunTime:0.000875s ]
NOTIC: [8] Undefined index: errcode /home/wwwroot/oho.oxygenhoop.com/Application/Home/Controller/IndexController.class.php 第 464 行.

[ 2017-04-29T17:25:59+08:00 ] 114.242.249.98 /index.php/Index/check_login
INFO: [ app_begin ] --START--
INFO: Run Behavior\ReadHtmlCache [ RunTime:0.000366s ]
INFO: Run Behavior\CronRun [ RunTime:0.000192s ]
INFO: [ app_begin ] --END-- [ RunTime:0.000853s ]
NOTIC: [8192] mysql_connect(): The mysql extension is deprecated and will be removed in the future: use mysqli or PDO instead /home/wwwroot/oho.oxygenhoop.com/ThinkPHP/Library/Think/Db/Driver/Mysql.class.php 第 52 行.
SQL: SHOW COLUMNS FROM `beidou_member` [ RunTime:0.000455s ]
SQL: SELECT * FROM `beidou_member` WHERE ( `openid` = 'o8wkZ0WeBAfMkY5IsU2nppYIRp98' ) LIMIT 1   [ RunTime:0.000072s ]
INFO: [ app_end ] --START--
INFO: Run Behavior\ShowPageTrace [ RunTime:0.000401s ]
INFO: [ app_end ] --END-- [ RunTime:0.000440s ]

[ 2017-04-29T17:26:18+08:00 ] 114.242.249.98 /index.php/Home/Index/get_type_list?type_id=6&lat=39.98848&lng=116.3229
INFO: [ app_begin ] --START--
INFO: Run Behavior\ReadHtmlCache [ RunTime:0.000371s ]
INFO: Run Behavior\CronRun [ RunTime:0.000202s ]
INFO: [ app_begin ] --END-- [ RunTime:0.000881s ]
NOTIC: [8192] mysql_connect(): The mysql extension is deprecated and will be removed in the future: use mysqli or PDO instead /home/wwwroot/oho.oxygenhoop.com/ThinkPHP/Library/Think/Db/Driver/Mysql.class.php 第 52 行.
SQL: SHOW COLUMNS FROM `beidou_active` [ RunTime:0.000505s ]
SQL: SELECT a.*,c.cate_name,CONCAT("https://oho.oxygenhoop.com/Public/Uploads/",a.pic) logo,FROM_UNIXTIME(start_time,"%Y-%m-%d %H:%i") starttime,ROUND(6378.138*2*ASIN(SQRT(POW(SIN((39.98848*PI()/180-a.lat*PI()/180)/2),2)+COS(39.98848*PI()/180)*COS(lat*PI()/180)*POW(SIN((116.3229*PI()/180-lng*PI()/180)/2),2)))*1000) as jl FROM beidou_active a left join beidou_member b on a.member_id=b.id left join beidou_category c on a.type_id=c.id  WHERE ( b.type <> '2' ) AND ( a.is_pay = '1' ) AND ( a.start_time >= 1493457978 ) AND ( a.type_id = '6' ) HAVING jl<=10000 ORDER BY jl asc  [ RunTime:0.000452s ]
INFO: [ app_end ] --START--
INFO: Run Behavior\ShowPageTrace [ RunTime:0.000430s ]
INFO: [ app_end ] --END-- [ RunTime:0.000471s ]

[ 2017-04-29T17:26:22+08:00 ] 114.242.249.98 /index.php/Index/my_join_active_list
INFO: [ app_begin ] --START--
INFO: Run Behavior\ReadHtmlCache [ RunTime:0.000366s ]
INFO: Run Behavior\CronRun [ RunTime:0.000191s ]
INFO: [ app_begin ] --END-- [ RunTime:0.000841s ]
NOTIC: [8192] mysql_connect(): The mysql extension is deprecated and will be removed in the future: use mysqli or PDO instead /home/wwwroot/oho.oxygenhoop.com/ThinkPHP/Library/Think/Db/Driver/Mysql.class.php 第 52 行.
SQL: SHOW COLUMNS FROM `beidou_member` [ RunTime:0.000442s ]
SQL: SELECT * FROM `beidou_member` WHERE ( `openid` = 'o8wkZ0WeBAfMkY5IsU2nppYIRp98' ) LIMIT 1   [ RunTime:0.000780s ]
SQL: SHOW COLUMNS FROM `beidou_order` [ RunTime:0.000339s ]
SQL: SELECT a.id,a.is_comment,a.pay_status,b.tname,a.active_id,b.start_time FROM beidou_order a left join beidou_active b on a.active_id=b.id  WHERE ( a.member_id = '6' ) ORDER BY a.addtime desc  [ RunTime:0.000489s ]
INFO: [ app_end ] --START--
INFO: Run Behavior\ShowPageTrace [ RunTime:0.000410s ]
INFO: [ app_end ] --END-- [ RunTime:0.000451s ]

[ 2017-04-29T17:26:22+08:00 ] 114.242.249.98 /index.php/Index/my_pub_active_list
INFO: [ app_begin ] --START--
INFO: Run Behavior\ReadHtmlCache [ RunTime:0.000344s ]
INFO: Run Behavior\CronRun [ RunTime:0.000202s ]
INFO: [ app_begin ] --END-- [ RunTime:0.000831s ]
NOTIC: [8192] mysql_connect(): The mysql extension is deprecated and will be removed in the future: use mysqli or PDO instead /home/wwwroot/oho.oxygenhoop.com/ThinkPHP/Library/Think/Db/Driver/Mysql.class.php 第 52 行.
SQL: SHOW COLUMNS FROM `beidou_member` [ RunTime:0.000348s ]
SQL: SELECT * FROM `beidou_member` WHERE ( `openid` = 'o8wkZ0WeBAfMkY5IsU2nppYIRp98' ) LIMIT 1   [ RunTime:0.000711s ]
SQL: SHOW COLUMNS FROM `beidou_active` [ RunTime:0.001258s ]
SQL: SELECT `tname`,`is_pay`,`id` FROM `beidou_active` WHERE ( `member_id` = 6 ) ORDER BY addtime desc  [ RunTime:0.000069s ]
INFO: [ app_end ] --START--
INFO: Run Behavior\ShowPageTrace [ RunTime:0.000384s ]
INFO: [ app_end ] --END-- [ RunTime:0.000421s ]

[ 2017-04-29T17:26:34+08:00 ] 114.242.249.98 /index.php/Index/get_user
INFO: [ app_begin ] --START--
INFO: Run Behavior\ReadHtmlCache [ RunTime:0.000357s ]
INFO: Run Behavior\CronRun [ RunTime:0.000199s ]
INFO: [ app_begin ] --END-- [ RunTime:0.000867s ]
NOTIC: [8192] mysql_connect(): The mysql extension is deprecated and will be removed in the future: use mysqli or PDO instead /home/wwwroot/oho.oxygenhoop.com/ThinkPHP/Library/Think/Db/Driver/Mysql.class.php 第 52 行.
SQL: SHOW COLUMNS FROM `beidou_member` [ RunTime:0.000476s ]
SQL: SELECT `logo`,`name`,`id` FROM `beidou_member` WHERE ( `openid` = 'o8wkZ0WeBAfMkY5IsU2nppYIRp98' ) LIMIT 1   [ RunTime:0.000071s ]
SQL: SHOW COLUMNS FROM `beidou_active` [ RunTime:0.000386s ]
SQL: SELECT `tname`,`is_pay`,`id` FROM `beidou_active` WHERE ( `member_id` = 6 ) ORDER BY id desc LIMIT 3   [ RunTime:0.000066s ]
SQL: SHOW COLUMNS FROM `beidou_order` [ RunTime:0.000357s ]
SQL: SELECT a.id,a.is_comment,a.pay_status,b.tname,b.start_time,a.ordernum,a.active_id,a.member_id FROM beidou_order a left join beidou_active b on a.active_id=b.id  WHERE ( a.member_id = '6' ) ORDER BY a.addtime desc LIMIT 3   [ RunTime:0.000060s ]
INFO: [ app_end ] --START--
INFO: Run Behavior\ShowPageTrace [ RunTime:0.000399s ]
INFO: [ app_end ] --END-- [ RunTime:0.000451s ]

[ 2017-04-29T17:26:40+08:00 ] 114.242.249.98 /index.php/Index/my_pub_active_list
INFO: [ app_begin ] --START--
INFO: Run Behavior\ReadHtmlCache [ RunTime:0.000379s ]
INFO: Run Behavior\CronRun [ RunTime:0.000199s ]
INFO: [ app_begin ] --END-- [ RunTime:0.000867s ]
NOTIC: [8192] mysql_connect(): The mysql extension is deprecated and will be removed in the future: use mysqli or PDO instead /home/wwwroot/oho.oxygenhoop.com/ThinkPHP/Library/Think/Db/Driver/Mysql.class.php 第 52 行.
SQL: SHOW COLUMNS FROM `beidou_member` [ RunTime:0.000458s ]
SQL: SELECT * FROM `beidou_member` WHERE ( `openid` = 'o8wkZ0WeBAfMkY5IsU2nppYIRp98' ) LIMIT 1   [ RunTime:0.000079s ]
SQL: SHOW COLUMNS FROM `beidou_active` [ RunTime:0.000354s ]
SQL: SELECT `tname`,`is_pay`,`id` FROM `beidou_active` WHERE ( `member_id` = 6 ) ORDER BY addtime desc  [ RunTime:0.000059s ]
INFO: [ app_end ] --START--
INFO: Run Behavior\ShowPageTrace [ RunTime:0.000435s ]
INFO: [ app_end ] --END-- [ RunTime:0.000475s ]

[ 2017-04-29T17:26:40+08:00 ] 114.242.249.98 /index.php/Index/my_join_active_list
INFO: [ app_begin ] --START--
INFO: Run Behavior\ReadHtmlCache [ RunTime:0.000378s ]
INFO: Run Behavior\CronRun [ RunTime:0.000198s ]
INFO: [ app_begin ] --END-- [ RunTime:0.000855s ]
NOTIC: [8192] mysql_connect(): The mysql extension is deprecated and will be removed in the future: use mysqli or PDO instead /home/wwwroot/oho.oxygenhoop.com/ThinkPHP/Library/Think/Db/Driver/Mysql.class.php 第 52 行.
SQL: SHOW COLUMNS FROM `beidou_member` [ RunTime:0.000342s ]
SQL: SELECT * FROM `beidou_member` WHERE ( `openid` = 'o8wkZ0WeBAfMkY5IsU2nppYIRp98' ) LIMIT 1   [ RunTime:0.000064s ]
SQL: SHOW COLUMNS FROM `beidou_order` [ RunTime:0.000316s ]
SQL: SELECT a.id,a.is_comment,a.pay_status,b.tname,a.active_id,b.start_time FROM beidou_order a left join beidou_active b on a.active_id=b.id  WHERE ( a.member_id = '6' ) ORDER BY a.addtime desc  [ RunTime:0.000056s ]
INFO: [ app_end ] --START--
INFO: Run Behavior\ShowPageTrace [ RunTime:0.000427s ]
INFO: [ app_end ] --END-- [ RunTime:0.000468s ]

[ 2017-04-29T17:26:41+08:00 ] 114.242.249.98 /index.php/Home/Index/get_type
INFO: [ app_begin ] --START--
INFO: Run Behavior\ReadHtmlCache [ RunTime:0.000349s ]
INFO: Run Behavior\CronRun [ RunTime:0.000219s ]
INFO: [ app_begin ] --END-- [ RunTime:0.000855s ]
NOTIC: [8192] mysql_connect(): The mysql extension is deprecated and will be removed in the future: use mysqli or PDO instead /home/wwwroot/oho.oxygenhoop.com/ThinkPHP/Library/Think/Db/Driver/Mysql.class.php 第 52 行.
SQL: SHOW COLUMNS FROM `beidou_category` [ RunTime:0.000471s ]
SQL: SELECT `id`,`cate_name` FROM `beidou_category` WHERE ( `pid` = 0 )  [ RunTime:0.000053s ]

[ 2017-04-29T17:26:41+08:00 ] 114.242.249.98 /index.php/Home/Index/get_tj_list
INFO: [ app_begin ] --START--
INFO: Run Behavior\ReadHtmlCache [ RunTime:0.000369s ]
INFO: Run Behavior\CronRun [ RunTime:0.000190s ]
INFO: [ app_begin ] --END-- [ RunTime:0.000844s ]
NOTIC: [8192] mysql_connect(): The mysql extension is deprecated and will be removed in the future: use mysqli or PDO instead /home/wwwroot/oho.oxygenhoop.com/ThinkPHP/Library/Think/Db/Driver/Mysql.class.php 第 52 行.
SQL: SHOW COLUMNS FROM `beidou_active` [ RunTime:0.000479s ]
SQL: SELECT a.id,c.cate_name,CONCAT("https://oho.oxygenhoop.com/Public/Uploads/",a.pic) logo,FROM_UNIXTIME(start_time,"%Y-%m-%d %H:%i") starttime FROM beidou_active a left join beidou_member b on a.member_id=b.id left join beidou_category c on a.type_id=c.id  WHERE ( b.type = '2' ) LIMIT 5   [ RunTime:0.001284s ]
INFO: [ app_end ] --START--
INFO: Run Behavior\ShowPageTrace [ RunTime:0.000402s ]
INFO: [ app_end ] --END-- [ RunTime:0.000443s ]

[ 2017-04-29T17:26:41+08:00 ] 114.242.249.98 /index.php/Home/Index/get_type_list?type_id=6&lat=39.98848&lng=116.3229
INFO: [ app_begin ] --START--
INFO: Run Behavior\ReadHtmlCache [ RunTime:0.000348s ]
INFO: Run Behavior\CronRun [ RunTime:0.000189s ]
INFO: [ app_begin ] --END-- [ RunTime:0.000838s ]
NOTIC: [8192] mysql_connect(): The mysql extension is deprecated and will be removed in the future: use mysqli or PDO instead /home/wwwroot/oho.oxygenhoop.com/ThinkPHP/Library/Think/Db/Driver/Mysql.class.php 第 52 行.
SQL: SHOW COLUMNS FROM `beidou_active` [ RunTime:0.000359s ]
SQL: SELECT a.*,c.cate_name,CONCAT("https://oho.oxygenhoop.com/Public/Uploads/",a.pic) logo,FROM_UNIXTIME(start_time,"%Y-%m-%d %H:%i") starttime,ROUND(6378.138*2*ASIN(SQRT(POW(SIN((39.98848*PI()/180-a.lat*PI()/180)/2),2)+COS(39.98848*PI()/180)*COS(lat*PI()/180)*POW(SIN((116.3229*PI()/180-lng*PI()/180)/2),2)))*1000) as jl FROM beidou_active a left join beidou_member b on a.member_id=b.id left join beidou_category c on a.type_id=c.id  WHERE ( b.type <> '2' ) AND ( a.is_pay = '1' ) AND ( a.start_time >= 1493458001 ) AND ( a.type_id = '6' ) HAVING jl<=10000 ORDER BY jl asc  [ RunTime:0.001337s ]
INFO: [ app_end ] --START--
INFO: Run Behavior\ShowPageTrace [ RunTime:0.000378s ]
INFO: [ app_end ] --END-- [ RunTime:0.000417s ]

[ 2017-04-29T17:26:41+08:00 ] 114.242.249.98 /index.php/Home/Index/login?code=051lziaI068scl2yF2cI0fbmaI0lziay
INFO: [ app_begin ] --START--
INFO: Run Behavior\ReadHtmlCache [ RunTime:0.000372s ]
INFO: Run Behavior\CronRun [ RunTime:0.000199s ]
INFO: [ app_begin ] --END-- [ RunTime:0.000879s ]
NOTIC: [8] Undefined index: errcode /home/wwwroot/oho.oxygenhoop.com/Application/Home/Controller/IndexController.class.php 第 464 行.

[ 2017-04-29T17:26:42+08:00 ] 114.242.249.98 /index.php/Index/check_login
INFO: [ app_begin ] --START--
INFO: Run Behavior\ReadHtmlCache [ RunTime:0.000385s ]
INFO: Run Behavior\CronRun [ RunTime:0.000199s ]
INFO: [ app_begin ] --END-- [ RunTime:0.000875s ]
NOTIC: [8192] mysql_connect(): The mysql extension is deprecated and will be removed in the future: use mysqli or PDO instead /home/wwwroot/oho.oxygenhoop.com/ThinkPHP/Library/Think/Db/Driver/Mysql.class.php 第 52 行.
SQL: SHOW COLUMNS FROM `beidou_member` [ RunTime:0.000454s ]
SQL: SELECT * FROM `beidou_member` WHERE ( `openid` = 'o8wkZ0WeBAfMkY5IsU2nppYIRp98' ) LIMIT 1   [ RunTime:0.000082s ]
INFO: [ app_end ] --START--
INFO: Run Behavior\ShowPageTrace [ RunTime:0.000400s ]
INFO: [ app_end ] --END-- [ RunTime:0.000441s ]

[ 2017-04-29T17:26:48+08:00 ] 114.242.249.98 /index.php/Home/Index/get_active_detial?aid=3
INFO: [ app_begin ] --START--
INFO: Run Behavior\ReadHtmlCache [ RunTime:0.000383s ]
INFO: Run Behavior\CronRun [ RunTime:0.000194s ]
INFO: [ app_begin ] --END-- [ RunTime:0.000865s ]
NOTIC: [8192] mysql_connect(): The mysql extension is deprecated and will be removed in the future: use mysqli or PDO instead /home/wwwroot/oho.oxygenhoop.com/ThinkPHP/Library/Think/Db/Driver/Mysql.class.php 第 52 行.
SQL: SHOW COLUMNS FROM `beidou_active` [ RunTime:0.000470s ]
SQL: SELECT a.*,b.name username,c.cate_name,CONCAT("https://oho.oxygenhoop.com/Public/Uploads/",a.pic) logo,FROM_UNIXTIME(start_time,"%Y-%m-%d %H:%i") starttime FROM beidou_active a left join beidou_member b on a.member_id=b.id left join beidou_category c on a.type_id=c.id  WHERE ( a.id = '3' ) LIMIT 1   [ RunTime:0.000096s ]
INFO: [ app_end ] --START--
INFO: Run Behavior\ShowPageTrace [ RunTime:0.000393s ]
INFO: [ app_end ] --END-- [ RunTime:0.000433s ]

[ 2017-04-29T17:26:52+08:00 ] 114.242.249.98 /index.php/Home/Index/get_type
INFO: [ app_begin ] --START--
INFO: Run Behavior\ReadHtmlCache [ RunTime:0.000348s ]
INFO: Run Behavior\CronRun [ RunTime:0.000205s ]
INFO: [ app_begin ] --END-- [ RunTime:0.000836s ]
NOTIC: [8192] mysql_connect(): The mysql extension is deprecated and will be removed in the future: use mysqli or PDO instead /home/wwwroot/oho.oxygenhoop.com/ThinkPHP/Library/Think/Db/Driver/Mysql.class.php 第 52 行.
SQL: SHOW COLUMNS FROM `beidou_category` [ RunTime:0.000474s ]
SQL: SELECT `id`,`cate_name` FROM `beidou_category` WHERE ( `pid` = 0 )  [ RunTime:0.000053s ]

[ 2017-04-29T17:26:52+08:00 ] 114.242.249.98 /index.php/Home/Index/get_tj_list
INFO: [ app_begin ] --START--
INFO: Run Behavior\ReadHtmlCache [ RunTime:0.000369s ]
INFO: Run Behavior\CronRun [ RunTime:0.000213s ]
INFO: [ app_begin ] --END-- [ RunTime:0.000863s ]
NOTIC: [8192] mysql_connect(): The mysql extension is deprecated and will be removed in the future: use mysqli or PDO instead /home/wwwroot/oho.oxygenhoop.com/ThinkPHP/Library/Think/Db/Driver/Mysql.class.php 第 52 行.
SQL: SHOW COLUMNS FROM `beidou_active` [ RunTime:0.000483s ]
SQL: SELECT a.id,c.cate_name,CONCAT("https://oho.oxygenhoop.com/Public/Uploads/",a.pic) logo,FROM_UNIXTIME(start_time,"%Y-%m-%d %H:%i") starttime FROM beidou_active a left join beidou_member b on a.member_id=b.id left join beidou_category c on a.type_id=c.id  WHERE ( b.type = '2' ) LIMIT 5   [ RunTime:0.000067s ]
INFO: [ app_end ] --START--
INFO: Run Behavior\ShowPageTrace [ RunTime:0.000402s ]
INFO: [ app_end ] --END-- [ RunTime:0.000444s ]

[ 2017-04-29T17:26:52+08:00 ] 114.242.249.98 /index.php/Home/Index/get_type_list?type_id=6&lat=39.98848&lng=116.3229
INFO: [ app_begin ] --START--
INFO: Run Behavior\ReadHtmlCache [ RunTime:0.000365s ]
INFO: Run Behavior\CronRun [ RunTime:0.000212s ]
INFO: [ app_begin ] --END-- [ RunTime:0.000867s ]
NOTIC: [8192] mysql_connect(): The mysql extension is deprecated and will be removed in the future: use mysqli or PDO instead /home/wwwroot/oho.oxygenhoop.com/ThinkPHP/Library/Think/Db/Driver/Mysql.class.php 第 52 行.
SQL: SHOW COLUMNS FROM `beidou_active` [ RunTime:0.000376s ]
SQL: SELECT a.*,c.cate_name,CONCAT("https://oho.oxygenhoop.com/Public/Uploads/",a.pic) logo,FROM_UNIXTIME(start_time,"%Y-%m-%d %H:%i") starttime,ROUND(6378.138*2*ASIN(SQRT(POW(SIN((39.98848*PI()/180-a.lat*PI()/180)/2),2)+COS(39.98848*PI()/180)*COS(lat*PI()/180)*POW(SIN((116.3229*PI()/180-lng*PI()/180)/2),2)))*1000) as jl FROM beidou_active a left join beidou_member b on a.member_id=b.id left join beidou_category c on a.type_id=c.id  WHERE ( b.type <> '2' ) AND ( a.is_pay = '1' ) AND ( a.start_time >= 1493458012 ) AND ( a.type_id = '6' ) HAVING jl<=10000 ORDER BY jl asc  [ RunTime:0.000464s ]
INFO: [ app_end ] --START--
INFO: Run Behavior\ShowPageTrace [ RunTime:0.000398s ]
INFO: [ app_end ] --END-- [ RunTime:0.000437s ]

[ 2017-04-29T17:26:53+08:00 ] 114.242.249.98 /index.php/Home/Index/login?code=031NQrR50BK0FG1EdnQ50zTcR50NQrRB
INFO: [ app_begin ] --START--
INFO: Run Behavior\ReadHtmlCache [ RunTime:0.000375s ]
INFO: Run Behavior\CronRun [ RunTime:0.000210s ]
INFO: [ app_begin ] --END-- [ RunTime:0.000871s ]
NOTIC: [8] Undefined index: errcode /home/wwwroot/oho.oxygenhoop.com/Application/Home/Controller/IndexController.class.php 第 464 行.

[ 2017-04-29T17:26:53+08:00 ] 114.242.249.98 /index.php/Index/check_login
INFO: [ app_begin ] --START--
INFO: Run Behavior\ReadHtmlCache [ RunTime:0.000357s ]
INFO: Run Behavior\CronRun [ RunTime:0.000198s ]
INFO: [ app_begin ] --END-- [ RunTime:0.000855s ]
NOTIC: [8192] mysql_connect(): The mysql extension is deprecated and will be removed in the future: use mysqli or PDO instead /home/wwwroot/oho.oxygenhoop.com/ThinkPHP/Library/Think/Db/Driver/Mysql.class.php 第 52 行.
SQL: SHOW COLUMNS FROM `beidou_member` [ RunTime:0.000455s ]
SQL: SELECT * FROM `beidou_member` WHERE ( `openid` = 'o8wkZ0WeBAfMkY5IsU2nppYIRp98' ) LIMIT 1   [ RunTime:0.000062s ]
INFO: [ app_end ] --START--
INFO: Run Behavior\ShowPageTrace [ RunTime:0.000421s ]
INFO: [ app_end ] --END-- [ RunTime:0.000459s ]

[ 2017-04-29T19:35:11+08:00 ] 139.162.116.133 /
INFO: [ app_begin ] --START--
INFO: Run Behavior\ReadHtmlCache [ RunTime:0.000364s ]
INFO: Run Behavior\CronRun [ RunTime:0.000195s ]
INFO: [ app_begin ] --END-- [ RunTime:0.000853s ]
INFO: [ app_end ] --START--
INFO: Run Behavior\ShowPageTrace [ RunTime:0.000404s ]
INFO: [ app_end ] --END-- [ RunTime:0.000452s ]

[ 2017-04-29T23:59:17+08:00 ] 113.44.97.254 /index.php/Home/Index/get_type
INFO: [ app_begin ] --START--
INFO: Run Behavior\ReadHtmlCache [ RunTime:0.000372s ]
INFO: Run Behavior\CronRun [ RunTime:0.000260s ]
INFO: [ app_begin ] --END-- [ RunTime:0.000982s ]
NOTIC: [8192] mysql_connect(): The mysql extension is deprecated and will be removed in the future: use mysqli or PDO instead /home/wwwroot/oho.oxygenhoop.com/ThinkPHP/Library/Think/Db/Driver/Mysql.class.php 第 52 行.
SQL: SHOW COLUMNS FROM `beidou_category` [ RunTime:0.000481s ]
SQL: SELECT `id`,`cate_name` FROM `beidou_category` WHERE ( `pid` = 0 )  [ RunTime:0.000056s ]

[ 2017-04-29T23:59:17+08:00 ] 113.44.97.254 /index.php/Home/Index/get_type_list?type_id=0&lat=40.09898&lng=116.2765
INFO: [ app_begin ] --START--
INFO: Run Behavior\ReadHtmlCache [ RunTime:0.000381s ]
INFO: Run Behavior\CronRun [ RunTime:0.000206s ]
INFO: [ app_begin ] --END-- [ RunTime:0.000954s ]
NOTIC: [8192] mysql_connect(): The mysql extension is deprecated and will be removed in the future: use mysqli or PDO instead /home/wwwroot/oho.oxygenhoop.com/ThinkPHP/Library/Think/Db/Driver/Mysql.class.php 第 52 行.
SQL: SHOW COLUMNS FROM `beidou_active` [ RunTime:0.000539s ]
SQL: SELECT a.*,c.cate_name,CONCAT("https://oho.oxygenhoop.com/Public/Uploads/",a.pic) logo,FROM_UNIXTIME(start_time,"%Y-%m-%d %H:%i") starttime,ROUND(6378.138*2*ASIN(SQRT(POW(SIN((40.09898*PI()/180-a.lat*PI()/180)/2),2)+COS(40.09898*PI()/180)*COS(lat*PI()/180)*POW(SIN((116.2765*PI()/180-lng*PI()/180)/2),2)))*1000) as jl FROM beidou_active a left join beidou_member b on a.member_id=b.id left join beidou_category c on a.type_id=c.id  WHERE ( b.type <> '2' ) AND ( a.is_pay = '1' ) AND ( a.start_time >= 1493481557 ) HAVING jl<=10000 ORDER BY jl asc  [ RunTime:0.000544s ]
INFO: [ app_end ] --START--
INFO: Run Behavior\ShowPageTrace [ RunTime:0.000552s ]
INFO: [ app_end ] --END-- [ RunTime:0.000600s ]

[ 2017-04-29T23:59:17+08:00 ] 113.44.97.254 /index.php/Home/Index/get_tj_list
INFO: [ app_begin ] --START--
INFO: Run Behavior\ReadHtmlCache [ RunTime:0.000418s ]
INFO: Run Behavior\CronRun [ RunTime:0.000199s ]
INFO: [ app_begin ] --END-- [ RunTime:0.000955s ]
NOTIC: [8192] mysql_connect(): The mysql extension is deprecated and will be removed in the future: use mysqli or PDO instead /home/wwwroot/oho.oxygenhoop.com/ThinkPHP/Library/Think/Db/Driver/Mysql.class.php 第 52 行.
SQL: SHOW COLUMNS FROM `beidou_active` [ RunTime:0.000522s ]
SQL: SELECT a.id,c.cate_name,CONCAT("https://oho.oxygenhoop.com/Public/Uploads/",a.pic) logo,FROM_UNIXTIME(start_time,"%Y-%m-%d %H:%i") starttime FROM beidou_active a left join beidou_member b on a.member_id=b.id left join beidou_category c on a.type_id=c.id  WHERE ( b.type = '2' ) LIMIT 5   [ RunTime:0.000066s ]
INFO: [ app_end ] --START--
INFO: Run Behavior\ShowPageTrace [ RunTime:0.000457s ]
INFO: [ app_end ] --END-- [ RunTime:0.000501s ]

[ 2017-04-29T23:59:17+08:00 ] 113.44.97.254 /index.php/Home/Index/login?code=013fm1S107iaDC1ypNQ10qGER10fm1SW
INFO: [ app_begin ] --START--
INFO: Run Behavior\ReadHtmlCache [ RunTime:0.000400s ]
INFO: Run Behavior\CronRun [ RunTime:0.000243s ]
INFO: [ app_begin ] --END-- [ RunTime:0.000948s ]
NOTIC: [8] Undefined index: errcode /home/wwwroot/oho.oxygenhoop.com/Application/Home/Controller/IndexController.class.php 第 464 行.

[ 2017-04-29T23:59:18+08:00 ] 113.44.97.254 /index.php/Index/get_user
INFO: [ app_begin ] --START--
INFO: Run Behavior\ReadHtmlCache [ RunTime:0.000582s ]
INFO: Run Behavior\CronRun [ RunTime:0.000290s ]
INFO: [ app_begin ] --END-- [ RunTime:0.001365s ]
NOTIC: [8192] mysql_connect(): The mysql extension is deprecated and will be removed in the future: use mysqli or PDO instead /home/wwwroot/oho.oxygenhoop.com/ThinkPHP/Library/Think/Db/Driver/Mysql.class.php 第 52 行.
SQL: SHOW COLUMNS FROM `beidou_member` [ RunTime:0.000486s ]
SQL: SELECT `logo`,`name`,`id` FROM `beidou_member` WHERE ( `openid` = 'o8wkZ0T68cU8AjdqcbfpYZYaV1eI' ) LIMIT 1   [ RunTime:0.000053s ]
SQL: SHOW COLUMNS FROM `beidou_active` [ RunTime:0.000359s ]
SQL: SELECT `tname`,`is_pay`,`id` FROM `beidou_active` WHERE ( `member_id` = 7 ) ORDER BY id desc LIMIT 3   [ RunTime:0.000057s ]
SQL: SHOW COLUMNS FROM `beidou_order` [ RunTime:0.000340s ]
SQL: SELECT a.id,a.is_comment,a.pay_status,b.tname,b.start_time,a.ordernum,a.active_id,a.member_id FROM beidou_order a left join beidou_active b on a.active_id=b.id  WHERE ( a.member_id = '7' ) ORDER BY a.addtime desc LIMIT 3   [ RunTime:0.000057s ]
INFO: [ app_end ] --START--
INFO: Run Behavior\ShowPageTrace [ RunTime:0.000604s ]
INFO: [ app_end ] --END-- [ RunTime:0.000668s ]

[ 2017-04-29T23:59:18+08:00 ] 113.44.97.254 /index.php/Index/check_login
INFO: [ app_begin ] --START--
INFO: Run Behavior\ReadHtmlCache [ RunTime:0.000399s ]
INFO: Run Behavior\CronRun [ RunTime:0.000199s ]
INFO: [ app_begin ] --END-- [ RunTime:0.000962s ]
NOTIC: [8192] mysql_connect(): The mysql extension is deprecated and will be removed in the future: use mysqli or PDO instead /home/wwwroot/oho.oxygenhoop.com/ThinkPHP/Library/Think/Db/Driver/Mysql.class.php 第 52 行.
SQL: SHOW COLUMNS FROM `beidou_member` [ RunTime:0.000473s ]
SQL: SELECT * FROM `beidou_member` WHERE ( `openid` = 'o8wkZ0T68cU8AjdqcbfpYZYaV1eI' ) LIMIT 1   [ RunTime:0.000065s ]
INFO: [ app_end ] --START--
INFO: Run Behavior\ShowPageTrace [ RunTime:0.000450s ]
INFO: [ app_end ] --END-- [ RunTime:0.000495s ]

[ 2017-04-29T23:59:20+08:00 ] 113.44.97.254 /index.php/Home/Index/get_type
INFO: [ app_begin ] --START--
INFO: Run Behavior\ReadHtmlCache [ RunTime:0.000409s ]
INFO: Run Behavior\CronRun [ RunTime:0.000196s ]
INFO: [ app_begin ] --END-- [ RunTime:0.000924s ]
NOTIC: [8192] mysql_connect(): The mysql extension is deprecated and will be removed in the future: use mysqli or PDO instead /home/wwwroot/oho.oxygenhoop.com/ThinkPHP/Library/Think/Db/Driver/Mysql.class.php 第 52 行.
SQL: SHOW COLUMNS FROM `beidou_category` [ RunTime:0.000510s ]
SQL: SELECT `id`,`cate_name` FROM `beidou_category` WHERE ( `pid` = 0 )  [ RunTime:0.000055s ]

[ 2017-04-29T23:59:21+08:00 ] 113.44.97.254 /index.php/Home/Index/get_tj_list
INFO: [ app_begin ] --START--
INFO: Run Behavior\ReadHtmlCache [ RunTime:0.003415s ]
INFO: Run Behavior\CronRun [ RunTime:0.000206s ]
INFO: [ app_begin ] --END-- [ RunTime:0.003958s ]
NOTIC: [8192] mysql_connect(): The mysql extension is deprecated and will be removed in the future: use mysqli or PDO instead /home/wwwroot/oho.oxygenhoop.com/ThinkPHP/Library/Think/Db/Driver/Mysql.class.php 第 52 行.
SQL: SHOW COLUMNS FROM `beidou_active` [ RunTime:0.000968s ]
SQL: SELECT a.id,c.cate_name,CONCAT("https://oho.oxygenhoop.com/Public/Uploads/",a.pic) logo,FROM_UNIXTIME(start_time,"%Y-%m-%d %H:%i") starttime FROM beidou_active a left join beidou_member b on a.member_id=b.id left join beidou_category c on a.type_id=c.id  WHERE ( b.type = '2' ) LIMIT 5   [ RunTime:0.000094s ]
INFO: [ app_end ] --START--
INFO: Run Behavior\ShowPageTrace [ RunTime:0.000780s ]
INFO: [ app_end ] --END-- [ RunTime:0.000849s ]

[ 2017-04-29T23:59:21+08:00 ] 113.44.97.254 /index.php/Home/Index/get_type_list?type_id=0&lat=40.0989&lng=116.2764
INFO: [ app_begin ] --START--
INFO: Run Behavior\ReadHtmlCache [ RunTime:0.003403s ]
INFO: Run Behavior\CronRun [ RunTime:0.000298s ]
INFO: [ app_begin ] --END-- [ RunTime:0.004026s ]
NOTIC: [8192] mysql_connect(): The mysql extension is deprecated and will be removed in the future: use mysqli or PDO instead /home/wwwroot/oho.oxygenhoop.com/ThinkPHP/Library/Think/Db/Driver/Mysql.class.php 第 52 行.
SQL: SHOW COLUMNS FROM `beidou_active` [ RunTime:0.000690s ]
SQL: SELECT a.*,c.cate_name,CONCAT("https://oho.oxygenhoop.com/Public/Uploads/",a.pic) logo,FROM_UNIXTIME(start_time,"%Y-%m-%d %H:%i") starttime,ROUND(6378.138*2*ASIN(SQRT(POW(SIN((40.0989*PI()/180-a.lat*PI()/180)/2),2)+COS(40.0989*PI()/180)*COS(lat*PI()/180)*POW(SIN((116.2764*PI()/180-lng*PI()/180)/2),2)))*1000) as jl FROM beidou_active a left join beidou_member b on a.member_id=b.id left join beidou_category c on a.type_id=c.id  WHERE ( b.type <> '2' ) AND ( a.is_pay = '1' ) AND ( a.start_time >= 1493481561 ) HAVING jl<=10000 ORDER BY jl asc  [ RunTime:0.002017s ]
INFO: [ app_end ] --START--
INFO: Run Behavior\ShowPageTrace [ RunTime:0.000821s ]
INFO: [ app_end ] --END-- [ RunTime:0.000893s ]

[ 2017-04-29T23:59:21+08:00 ] 113.44.97.254 /index.php/Home/Index/login?code=013SZppw1d0nvb0ra6pw1vskpw1SZppc
INFO: [ app_begin ] --START--
INFO: Run Behavior\ReadHtmlCache [ RunTime:0.000361s ]
INFO: Run Behavior\CronRun [ RunTime:0.000216s ]
INFO: [ app_begin ] --END-- [ RunTime:0.000887s ]
NOTIC: [8] Undefined index: errcode /home/wwwroot/oho.oxygenhoop.com/Application/Home/Controller/IndexController.class.php 第 464 行.

[ 2017-04-29T23:59:21+08:00 ] 113.44.97.254 /index.php/Index/check_login
INFO: [ app_begin ] --START--
INFO: Run Behavior\ReadHtmlCache [ RunTime:0.000374s ]
INFO: Run Behavior\CronRun [ RunTime:0.000194s ]
INFO: [ app_begin ] --END-- [ RunTime:0.000882s ]
NOTIC: [8192] mysql_connect(): The mysql extension is deprecated and will be removed in the future: use mysqli or PDO instead /home/wwwroot/oho.oxygenhoop.com/ThinkPHP/Library/Think/Db/Driver/Mysql.class.php 第 52 行.
SQL: SHOW COLUMNS FROM `beidou_member` [ RunTime:0.000463s ]
SQL: SELECT * FROM `beidou_member` WHERE ( `openid` = 'o8wkZ0T68cU8AjdqcbfpYZYaV1eI' ) LIMIT 1   [ RunTime:0.000062s ]
INFO: [ app_end ] --START--
INFO: Run Behavior\ShowPageTrace [ RunTime:0.000426s ]
INFO: [ app_end ] --END-- [ RunTime:0.000469s ]

[ 2017-04-29T23:59:22+08:00 ] 113.44.97.254 /index.php/Index/get_user
INFO: [ app_begin ] --START--
INFO: Run Behavior\ReadHtmlCache [ RunTime:0.000384s ]
INFO: Run Behavior\CronRun [ RunTime:0.000219s ]
INFO: [ app_begin ] --END-- [ RunTime:0.000921s ]
NOTIC: [8192] mysql_connect(): The mysql extension is deprecated and will be removed in the future: use mysqli or PDO instead /home/wwwroot/oho.oxygenhoop.com/ThinkPHP/Library/Think/Db/Driver/Mysql.class.php 第 52 行.
SQL: SHOW COLUMNS FROM `beidou_member` [ RunTime:0.000498s ]
SQL: SELECT `logo`,`name`,`id` FROM `beidou_member` WHERE ( `openid` = 'o8wkZ0T68cU8AjdqcbfpYZYaV1eI' ) LIMIT 1   [ RunTime:0.000053s ]
SQL: SHOW COLUMNS FROM `beidou_active` [ RunTime:0.000388s ]
SQL: SELECT `tname`,`is_pay`,`id` FROM `beidou_active` WHERE ( `member_id` = 7 ) ORDER BY id desc LIMIT 3   [ RunTime:0.000059s ]
SQL: SHOW COLUMNS FROM `beidou_order` [ RunTime:0.000328s ]
SQL: SELECT a.id,a.is_comment,a.pay_status,b.tname,b.start_time,a.ordernum,a.active_id,a.member_id FROM beidou_order a left join beidou_active b on a.active_id=b.id  WHERE ( a.member_id = '7' ) ORDER BY a.addtime desc LIMIT 3   [ RunTime:0.000060s ]
INFO: [ app_end ] --START--
INFO: Run Behavior\ShowPageTrace [ RunTime:0.000450s ]
INFO: [ app_end ] --END-- [ RunTime:0.000497s ]

