[ 2017-04-22T09:56:42+08:00 ] 113.208.137.198 /index.php/Home/Index/get_type
INFO: [ app_begin ] --START--
INFO: Run Behavior\ReadHtmlCache [ RunTime:0.000355s ]
INFO: Run Behavior\CronRun [ RunTime:0.000192s ]
INFO: [ app_begin ] --END-- [ RunTime:0.000840s ]
NOTIC: [8192] mysql_connect(): The mysql extension is deprecated and will be removed in the future: use mysqli or PDO instead /home/wwwroot/oho.oxygenhoop.com/ThinkPHP/Library/Think/Db/Driver/Mysql.class.php 第 52 行.
SQL: SHOW COLUMNS FROM `beidou_category` [ RunTime:0.000497s ]
SQL: SELECT `id`,`cate_name` FROM `beidou_category` WHERE ( `pid` = 0 )  [ RunTime:0.000053s ]

[ 2017-04-22T09:56:42+08:00 ] 113.208.137.198 /index.php/Home/Index/get_type_list?type_id=0&lat=39.90403&lng=116.407526
INFO: [ app_begin ] --START--
INFO: Run Behavior\ReadHtmlCache [ RunTime:0.003392s ]
INFO: Run Behavior\CronRun [ RunTime:0.000202s ]
INFO: [ app_begin ] --END-- [ RunTime:0.003891s ]
NOTIC: [8192] mysql_connect(): The mysql extension is deprecated and will be removed in the future: use mysqli or PDO instead /home/wwwroot/oho.oxygenhoop.com/ThinkPHP/Library/Think/Db/Driver/Mysql.class.php 第 52 行.
SQL: SHOW COLUMNS FROM `beidou_active` [ RunTime:0.000494s ]
SQL: SELECT a.*,c.cate_name,CONCAT("https://oho.oxygenhoop.com/Public/Uploads/",a.pic) logo,FROM_UNIXTIME(start_time,"%Y-%m-%d %H:%i") starttime,ROUND(6378.138*2*ASIN(SQRT(POW(SIN((39.90403*PI()/180-a.lat*PI()/180)/2),2)+COS(39.90403*PI()/180)*COS(lat*PI()/180)*POW(SIN((116.407526*PI()/180-lng*PI()/180)/2),2)))*1000) as jl FROM beidou_active a left join beidou_member b on a.member_id=b.id left join beidou_category c on a.type_id=c.id  WHERE ( b.type <> '2' ) AND ( a.is_pay = '1' ) HAVING jl<=10000 ORDER BY jl asc  [ RunTime:0.000665s ]
INFO: [ app_end ] --START--
INFO: Run Behavior\ShowPageTrace [ RunTime:0.000419s ]
INFO: [ app_end ] --END-- [ RunTime:0.000465s ]

[ 2017-04-22T09:56:42+08:00 ] 113.208.137.198 /index.php/Home/Index/get_tj_list
INFO: [ app_begin ] --START--
INFO: Run Behavior\ReadHtmlCache [ RunTime:0.000362s ]
INFO: Run Behavior\CronRun [ RunTime:0.000193s ]
INFO: [ app_begin ] --END-- [ RunTime:0.000846s ]
NOTIC: [8192] mysql_connect(): The mysql extension is deprecated and will be removed in the future: use mysqli or PDO instead /home/wwwroot/oho.oxygenhoop.com/ThinkPHP/Library/Think/Db/Driver/Mysql.class.php 第 52 行.
SQL: SHOW COLUMNS FROM `beidou_active` [ RunTime:0.000374s ]
SQL: SELECT a.id,c.cate_name,CONCAT("https://oho.oxygenhoop.com/Public/Uploads/",a.pic) logo,FROM_UNIXTIME(start_time,"%Y-%m-%d %H:%i") starttime FROM beidou_active a left join beidou_member b on a.member_id=b.id left join beidou_category c on a.type_id=c.id  WHERE ( b.type = '2' ) LIMIT 5   [ RunTime:0.000689s ]
INFO: [ app_end ] --START--
INFO: Run Behavior\ShowPageTrace [ RunTime:0.000419s ]
INFO: [ app_end ] --END-- [ RunTime:0.000486s ]

[ 2017-04-22T09:56:42+08:00 ] 113.208.137.198 /index.php/Home/Index/login?code=051GOYyg2YGNYD0FyAzg2QmOyg2GOYyC
INFO: [ app_begin ] --START--
INFO: Run Behavior\ReadHtmlCache [ RunTime:0.000376s ]
INFO: Run Behavior\CronRun [ RunTime:0.000195s ]
INFO: [ app_begin ] --END-- [ RunTime:0.000858s ]
NOTIC: [8] Undefined index: errcode /home/wwwroot/oho.oxygenhoop.com/Application/Home/Controller/IndexController.class.php 第 438 行.

[ 2017-04-22T09:56:42+08:00 ] 113.208.137.198 /index.php/Index/check_login
INFO: [ app_begin ] --START--
INFO: Run Behavior\ReadHtmlCache [ RunTime:0.000353s ]
INFO: Run Behavior\CronRun [ RunTime:0.000216s ]
INFO: [ app_begin ] --END-- [ RunTime:0.000863s ]
NOTIC: [8192] mysql_connect(): The mysql extension is deprecated and will be removed in the future: use mysqli or PDO instead /home/wwwroot/oho.oxygenhoop.com/ThinkPHP/Library/Think/Db/Driver/Mysql.class.php 第 52 行.
SQL: SHOW COLUMNS FROM `beidou_member` [ RunTime:0.000463s ]
SQL: SELECT * FROM `beidou_member` WHERE ( `openid` = 'o8wkZ0WeBAfMkY5IsU2nppYIRp98' ) LIMIT 1   [ RunTime:0.000067s ]
INFO: [ app_end ] --START--
INFO: Run Behavior\ShowPageTrace [ RunTime:0.000448s ]
INFO: [ app_end ] --END-- [ RunTime:0.000491s ]

[ 2017-04-22T09:56:50+08:00 ] 113.208.137.198 /index.php/Home/Index/get_active_detial?aid=24
INFO: [ app_begin ] --START--
INFO: Run Behavior\ReadHtmlCache [ RunTime:0.000377s ]
INFO: Run Behavior\CronRun [ RunTime:0.000194s ]
INFO: [ app_begin ] --END-- [ RunTime:0.000889s ]
NOTIC: [8192] mysql_connect(): The mysql extension is deprecated and will be removed in the future: use mysqli or PDO instead /home/wwwroot/oho.oxygenhoop.com/ThinkPHP/Library/Think/Db/Driver/Mysql.class.php 第 52 行.
SQL: SHOW COLUMNS FROM `beidou_active` [ RunTime:0.000574s ]
SQL: SELECT a.*,b.name username,c.cate_name,CONCAT("https://oho.oxygenhoop.com/Public/Uploads/",a.pic) logo,FROM_UNIXTIME(start_time,"%Y-%m-%d %H:%i") starttime FROM beidou_active a left join beidou_member b on a.member_id=b.id left join beidou_category c on a.type_id=c.id  WHERE ( a.id = '24' ) LIMIT 1   [ RunTime:0.000373s ]
INFO: [ app_end ] --START--
INFO: Run Behavior\ShowPageTrace [ RunTime:0.000594s ]
INFO: [ app_end ] --END-- [ RunTime:0.000639s ]

[ 2017-04-22T09:56:52+08:00 ] 113.208.137.198 /index.php/Home/Index/get_type
INFO: [ app_begin ] --START--
INFO: Run Behavior\ReadHtmlCache [ RunTime:0.000379s ]
INFO: Run Behavior\CronRun [ RunTime:0.000195s ]
INFO: [ app_begin ] --END-- [ RunTime:0.000860s ]
NOTIC: [8192] mysql_connect(): The mysql extension is deprecated and will be removed in the future: use mysqli or PDO instead /home/wwwroot/oho.oxygenhoop.com/ThinkPHP/Library/Think/Db/Driver/Mysql.class.php 第 52 行.
SQL: SHOW COLUMNS FROM `beidou_category` [ RunTime:0.000460s ]
SQL: SELECT `id`,`cate_name` FROM `beidou_category` WHERE ( `pid` = 0 )  [ RunTime:0.000053s ]

[ 2017-04-22T09:56:52+08:00 ] 113.208.137.198 /index.php/Home/Index/get_type_list?type_id=0&lat=39.90403&lng=116.407526
INFO: [ app_begin ] --START--
INFO: Run Behavior\ReadHtmlCache [ RunTime:0.000372s ]
INFO: Run Behavior\CronRun [ RunTime:0.000195s ]
INFO: [ app_begin ] --END-- [ RunTime:0.000835s ]
NOTIC: [8192] mysql_connect(): The mysql extension is deprecated and will be removed in the future: use mysqli or PDO instead /home/wwwroot/oho.oxygenhoop.com/ThinkPHP/Library/Think/Db/Driver/Mysql.class.php 第 52 行.
SQL: SHOW COLUMNS FROM `beidou_active` [ RunTime:0.000476s ]
SQL: SELECT a.*,c.cate_name,CONCAT("https://oho.oxygenhoop.com/Public/Uploads/",a.pic) logo,FROM_UNIXTIME(start_time,"%Y-%m-%d %H:%i") starttime,ROUND(6378.138*2*ASIN(SQRT(POW(SIN((39.90403*PI()/180-a.lat*PI()/180)/2),2)+COS(39.90403*PI()/180)*COS(lat*PI()/180)*POW(SIN((116.407526*PI()/180-lng*PI()/180)/2),2)))*1000) as jl FROM beidou_active a left join beidou_member b on a.member_id=b.id left join beidou_category c on a.type_id=c.id  WHERE ( b.type <> '2' ) AND ( a.is_pay = '1' ) HAVING jl<=10000 ORDER BY jl asc  [ RunTime:0.000087s ]
INFO: [ app_end ] --START--
INFO: Run Behavior\ShowPageTrace [ RunTime:0.000383s ]
INFO: [ app_end ] --END-- [ RunTime:0.000423s ]

[ 2017-04-22T09:56:52+08:00 ] 113.208.137.198 /index.php/Home/Index/get_tj_list
INFO: [ app_begin ] --START--
INFO: Run Behavior\ReadHtmlCache [ RunTime:0.006375s ]
INFO: Run Behavior\CronRun [ RunTime:0.000197s ]
INFO: [ app_begin ] --END-- [ RunTime:0.006844s ]
NOTIC: [8192] mysql_connect(): The mysql extension is deprecated and will be removed in the future: use mysqli or PDO instead /home/wwwroot/oho.oxygenhoop.com/ThinkPHP/Library/Think/Db/Driver/Mysql.class.php 第 52 行.
SQL: SHOW COLUMNS FROM `beidou_active` [ RunTime:0.000398s ]
SQL: SELECT a.id,c.cate_name,CONCAT("https://oho.oxygenhoop.com/Public/Uploads/",a.pic) logo,FROM_UNIXTIME(start_time,"%Y-%m-%d %H:%i") starttime FROM beidou_active a left join beidou_member b on a.member_id=b.id left join beidou_category c on a.type_id=c.id  WHERE ( b.type = '2' ) LIMIT 5   [ RunTime:0.000062s ]
INFO: [ app_end ] --START--
INFO: Run Behavior\ShowPageTrace [ RunTime:0.000394s ]
INFO: [ app_end ] --END-- [ RunTime:0.000433s ]

[ 2017-04-22T09:56:52+08:00 ] 113.208.137.198 /index.php/Home/Index/login?code=031TWMTw1VnFYc0tb6Ww1KsNTw1TWMT6
INFO: [ app_begin ] --START--
INFO: Run Behavior\ReadHtmlCache [ RunTime:0.000349s ]
INFO: Run Behavior\CronRun [ RunTime:0.000216s ]
INFO: [ app_begin ] --END-- [ RunTime:0.000849s ]
NOTIC: [8] Undefined index: errcode /home/wwwroot/oho.oxygenhoop.com/Application/Home/Controller/IndexController.class.php 第 438 行.

[ 2017-04-22T09:56:52+08:00 ] 113.208.137.198 /index.php/Index/check_login
INFO: [ app_begin ] --START--
INFO: Run Behavior\ReadHtmlCache [ RunTime:0.000345s ]
INFO: Run Behavior\CronRun [ RunTime:0.000194s ]
INFO: [ app_begin ] --END-- [ RunTime:0.000857s ]
NOTIC: [8192] mysql_connect(): The mysql extension is deprecated and will be removed in the future: use mysqli or PDO instead /home/wwwroot/oho.oxygenhoop.com/ThinkPHP/Library/Think/Db/Driver/Mysql.class.php 第 52 行.
SQL: SHOW COLUMNS FROM `beidou_member` [ RunTime:0.000442s ]
SQL: SELECT * FROM `beidou_member` WHERE ( `openid` = 'o8wkZ0WeBAfMkY5IsU2nppYIRp98' ) LIMIT 1   [ RunTime:0.000066s ]
INFO: [ app_end ] --START--
INFO: Run Behavior\ShowPageTrace [ RunTime:0.000414s ]
INFO: [ app_end ] --END-- [ RunTime:0.000452s ]

[ 2017-04-22T09:56:54+08:00 ] 113.208.137.198 /index.php/Index/get_user
INFO: [ app_begin ] --START--
INFO: Run Behavior\ReadHtmlCache [ RunTime:0.000354s ]
INFO: Run Behavior\CronRun [ RunTime:0.000194s ]
INFO: [ app_begin ] --END-- [ RunTime:0.000881s ]
NOTIC: [8192] mysql_connect(): The mysql extension is deprecated and will be removed in the future: use mysqli or PDO instead /home/wwwroot/oho.oxygenhoop.com/ThinkPHP/Library/Think/Db/Driver/Mysql.class.php 第 52 行.
SQL: SHOW COLUMNS FROM `beidou_member` [ RunTime:0.000447s ]
SQL: SELECT `logo`,`name`,`id` FROM `beidou_member` WHERE ( `openid` = 'o8wkZ0WeBAfMkY5IsU2nppYIRp98' ) LIMIT 1   [ RunTime:0.000049s ]
SQL: SHOW COLUMNS FROM `beidou_active` [ RunTime:0.000350s ]
SQL: SELECT `tname`,`is_pay`,`id` FROM `beidou_active` WHERE ( `member_id` = 6 ) ORDER BY id desc LIMIT 3   [ RunTime:0.000200s ]
SQL: SHOW COLUMNS FROM `beidou_order` [ RunTime:0.000325s ]
SQL: SELECT a.id,a.is_comment,a.pay_status,b.tname,b.start_time,a.ordernum FROM beidou_order a left join beidou_active b on a.active_id=b.id  WHERE ( a.member_id = '6' ) ORDER BY a.addtime desc LIMIT 3   [ RunTime:0.000251s ]
INFO: [ app_end ] --START--
INFO: Run Behavior\ShowPageTrace [ RunTime:0.000390s ]
INFO: [ app_end ] --END-- [ RunTime:0.000428s ]

[ 2017-04-22T09:56:56+08:00 ] 113.208.137.198 /index.php/Index/my_pub_active_list
INFO: [ app_begin ] --START--
INFO: Run Behavior\ReadHtmlCache [ RunTime:0.000351s ]
INFO: Run Behavior\CronRun [ RunTime:0.000195s ]
INFO: [ app_begin ] --END-- [ RunTime:0.000831s ]
NOTIC: [8192] mysql_connect(): The mysql extension is deprecated and will be removed in the future: use mysqli or PDO instead /home/wwwroot/oho.oxygenhoop.com/ThinkPHP/Library/Think/Db/Driver/Mysql.class.php 第 52 行.
SQL: SHOW COLUMNS FROM `beidou_member` [ RunTime:0.000456s ]
SQL: SELECT * FROM `beidou_member` WHERE ( `openid` = 'o8wkZ0WeBAfMkY5IsU2nppYIRp98' ) LIMIT 1   [ RunTime:0.000066s ]
SQL: SHOW COLUMNS FROM `beidou_active` [ RunTime:0.000395s ]
SQL: SELECT `tname`,`is_pay`,`id` FROM `beidou_active` WHERE ( `member_id` = 6 ) ORDER BY addtime desc  [ RunTime:0.000218s ]
INFO: [ app_end ] --START--
INFO: Run Behavior\ShowPageTrace [ RunTime:0.000429s ]
INFO: [ app_end ] --END-- [ RunTime:0.000470s ]

[ 2017-04-22T09:56:56+08:00 ] 113.208.137.198 /index.php/Index/my_join_active_list
INFO: [ app_begin ] --START--
INFO: Run Behavior\ReadHtmlCache [ RunTime:0.000354s ]
INFO: Run Behavior\CronRun [ RunTime:0.000192s ]
INFO: [ app_begin ] --END-- [ RunTime:0.000840s ]
NOTIC: [8192] mysql_connect(): The mysql extension is deprecated and will be removed in the future: use mysqli or PDO instead /home/wwwroot/oho.oxygenhoop.com/ThinkPHP/Library/Think/Db/Driver/Mysql.class.php 第 52 行.
SQL: SHOW COLUMNS FROM `beidou_member` [ RunTime:0.000360s ]
SQL: SELECT * FROM `beidou_member` WHERE ( `openid` = 'o8wkZ0WeBAfMkY5IsU2nppYIRp98' ) LIMIT 1   [ RunTime:0.000063s ]
SQL: SHOW COLUMNS FROM `beidou_order` [ RunTime:0.000308s ]
SQL: SELECT a.id,a.is_comment,a.pay_status,b.tname FROM beidou_order a left join beidou_active b on a.active_id=b.id  WHERE ( a.member_id = '6' ) ORDER BY a.addtime desc  [ RunTime:0.000252s ]
NOTIC: [8] Undefined index: addtime /home/wwwroot/oho.oxygenhoop.com/Application/Home/Controller/IndexController.class.php 第 835 行.
INFO: [ app_end ] --START--
INFO: Run Behavior\ShowPageTrace [ RunTime:0.000393s ]
INFO: [ app_end ] --END-- [ RunTime:0.000430s ]

[ 2017-04-22T09:56:58+08:00 ] 113.208.137.198 /index.php/Home/Index/get_type
INFO: [ app_begin ] --START--
INFO: Run Behavior\ReadHtmlCache [ RunTime:0.000357s ]
INFO: Run Behavior\CronRun [ RunTime:0.000197s ]
INFO: [ app_begin ] --END-- [ RunTime:0.000844s ]
NOTIC: [8192] mysql_connect(): The mysql extension is deprecated and will be removed in the future: use mysqli or PDO instead /home/wwwroot/oho.oxygenhoop.com/ThinkPHP/Library/Think/Db/Driver/Mysql.class.php 第 52 行.
SQL: SHOW COLUMNS FROM `beidou_category` [ RunTime:0.000491s ]
SQL: SELECT `id`,`cate_name` FROM `beidou_category` WHERE ( `pid` = 0 )  [ RunTime:0.000056s ]

[ 2017-04-22T09:56:58+08:00 ] 113.208.137.198 /index.php/Home/Index/get_type_list?type_id=0&lat=39.90403&lng=116.407526
INFO: [ app_begin ] --START--
INFO: Run Behavior\ReadHtmlCache [ RunTime:0.000358s ]
INFO: Run Behavior\CronRun [ RunTime:0.005222s ]
INFO: [ app_begin ] --END-- [ RunTime:0.005867s ]
NOTIC: [8192] mysql_connect(): The mysql extension is deprecated and will be removed in the future: use mysqli or PDO instead /home/wwwroot/oho.oxygenhoop.com/ThinkPHP/Library/Think/Db/Driver/Mysql.class.php 第 52 行.
SQL: SHOW COLUMNS FROM `beidou_active` [ RunTime:0.000509s ]
SQL: SELECT a.*,c.cate_name,CONCAT("https://oho.oxygenhoop.com/Public/Uploads/",a.pic) logo,FROM_UNIXTIME(start_time,"%Y-%m-%d %H:%i") starttime,ROUND(6378.138*2*ASIN(SQRT(POW(SIN((39.90403*PI()/180-a.lat*PI()/180)/2),2)+COS(39.90403*PI()/180)*COS(lat*PI()/180)*POW(SIN((116.407526*PI()/180-lng*PI()/180)/2),2)))*1000) as jl FROM beidou_active a left join beidou_member b on a.member_id=b.id left join beidou_category c on a.type_id=c.id  WHERE ( b.type <> '2' ) AND ( a.is_pay = '1' ) HAVING jl<=10000 ORDER BY jl asc  [ RunTime:0.001190s ]
INFO: [ app_end ] --START--
INFO: Run Behavior\ShowPageTrace [ RunTime:0.000415s ]
INFO: [ app_end ] --END-- [ RunTime:0.000456s ]

[ 2017-04-22T09:56:58+08:00 ] 113.208.137.198 /index.php/Home/Index/get_tj_list
INFO: [ app_begin ] --START--
INFO: Run Behavior\ReadHtmlCache [ RunTime:0.000356s ]
INFO: Run Behavior\CronRun [ RunTime:0.000195s ]
INFO: [ app_begin ] --END-- [ RunTime:0.000855s ]
NOTIC: [8192] mysql_connect(): The mysql extension is deprecated and will be removed in the future: use mysqli or PDO instead /home/wwwroot/oho.oxygenhoop.com/ThinkPHP/Library/Think/Db/Driver/Mysql.class.php 第 52 行.
SQL: SHOW COLUMNS FROM `beidou_active` [ RunTime:0.000380s ]
SQL: SELECT a.id,c.cate_name,CONCAT("https://oho.oxygenhoop.com/Public/Uploads/",a.pic) logo,FROM_UNIXTIME(start_time,"%Y-%m-%d %H:%i") starttime FROM beidou_active a left join beidou_member b on a.member_id=b.id left join beidou_category c on a.type_id=c.id  WHERE ( b.type = '2' ) LIMIT 5   [ RunTime:0.000487s ]
INFO: [ app_end ] --START--
INFO: Run Behavior\ShowPageTrace [ RunTime:0.000417s ]
INFO: [ app_end ] --END-- [ RunTime:0.000459s ]

[ 2017-04-22T09:56:59+08:00 ] 113.208.137.198 /index.php/Home/Index/login?code=031qbYPs0mCLuc1SZGQs0rqoQs0qbYPJ
INFO: [ app_begin ] --START--
INFO: Run Behavior\ReadHtmlCache [ RunTime:0.000387s ]
INFO: Run Behavior\CronRun [ RunTime:0.000201s ]
INFO: [ app_begin ] --END-- [ RunTime:0.000877s ]
NOTIC: [8] Undefined index: errcode /home/wwwroot/oho.oxygenhoop.com/Application/Home/Controller/IndexController.class.php 第 438 行.

[ 2017-04-22T09:56:59+08:00 ] 113.208.137.198 /index.php/Index/check_login
INFO: [ app_begin ] --START--
INFO: Run Behavior\ReadHtmlCache [ RunTime:0.000364s ]
INFO: Run Behavior\CronRun [ RunTime:0.000194s ]
INFO: [ app_begin ] --END-- [ RunTime:0.000837s ]
NOTIC: [8192] mysql_connect(): The mysql extension is deprecated and will be removed in the future: use mysqli or PDO instead /home/wwwroot/oho.oxygenhoop.com/ThinkPHP/Library/Think/Db/Driver/Mysql.class.php 第 52 行.
SQL: SHOW COLUMNS FROM `beidou_member` [ RunTime:0.000428s ]
SQL: SELECT * FROM `beidou_member` WHERE ( `openid` = 'o8wkZ0WeBAfMkY5IsU2nppYIRp98' ) LIMIT 1   [ RunTime:0.000066s ]
INFO: [ app_end ] --START--
INFO: Run Behavior\ShowPageTrace [ RunTime:0.000413s ]
INFO: [ app_end ] --END-- [ RunTime:0.000451s ]

[ 2017-04-22T10:18:57+08:00 ] 113.208.116.158 /
INFO: [ app_begin ] --START--
INFO: Run Behavior\ReadHtmlCache [ RunTime:0.000358s ]
INFO: Run Behavior\CronRun [ RunTime:0.000196s ]
INFO: [ app_begin ] --END-- [ RunTime:0.000870s ]
NOTIC: [8192] mysql_connect(): The mysql extension is deprecated and will be removed in the future: use mysqli or PDO instead /home/wwwroot/oho.oxygenhoop.com/ThinkPHP/Library/Think/Db/Driver/Mysql.class.php 第 52 行.
SQL: SHOW COLUMNS FROM `beidou_active` [ RunTime:0.000516s ]
SQL: SELECT * FROM `beidou_active` WHERE ( `ordernum` = 'wxc767748b8c5bfa4b1492412370' ) LIMIT 1   [ RunTime:0.000078s ]
INFO: [ app_end ] --START--
INFO: Run Behavior\ShowPageTrace [ RunTime:0.000406s ]
INFO: [ app_end ] --END-- [ RunTime:0.000444s ]

