[ 2017-04-20T03:15:55+08:00 ] 120.55.242.159 /
INFO: [ app_begin ] --START--
INFO: Run Behavior\ReadHtmlCache [ RunTime:0.000380s ]
INFO: Run Behavior\CronRun [ RunTime:0.000194s ]
INFO: [ app_begin ] --END-- [ RunTime:0.000854s ]
NOTIC: [8192] mysql_connect(): The mysql extension is deprecated and will be removed in the future: use mysqli or PDO instead /home/wwwroot/oho.oxygenhoop.com/ThinkPHP/Library/Think/Db/Driver/Mysql.class.php 第 52 行.
SQL: SHOW COLUMNS FROM `beidou_active` [ RunTime:0.000511s ]
SQL: SELECT * FROM `beidou_active` WHERE ( `ordernum` = 'wxc767748b8c5bfa4b1492412370' ) LIMIT 1   [ RunTime:0.000078s ]
INFO: [ app_end ] --START--
INFO: Run Behavior\ShowPageTrace [ RunTime:0.000388s ]
INFO: [ app_end ] --END-- [ RunTime:0.000425s ]

[ 2017-04-20T03:34:52+08:00 ] 121.196.225.104 /
INFO: [ app_begin ] --START--
INFO: Run Behavior\ReadHtmlCache [ RunTime:0.000358s ]
INFO: Run Behavior\CronRun [ RunTime:0.000202s ]
INFO: [ app_begin ] --END-- [ RunTime:0.000884s ]
NOTIC: [8192] mysql_connect(): The mysql extension is deprecated and will be removed in the future: use mysqli or PDO instead /home/wwwroot/oho.oxygenhoop.com/ThinkPHP/Library/Think/Db/Driver/Mysql.class.php 第 52 行.
SQL: SHOW COLUMNS FROM `beidou_active` [ RunTime:0.000548s ]
SQL: SELECT * FROM `beidou_active` WHERE ( `ordernum` = 'wxc767748b8c5bfa4b1492412370' ) LIMIT 1   [ RunTime:0.000077s ]
INFO: [ app_end ] --START--
INFO: Run Behavior\ShowPageTrace [ RunTime:0.000438s ]
INFO: [ app_end ] --END-- [ RunTime:0.000478s ]

[ 2017-04-20T10:00:33+08:00 ] 113.208.116.158 /
INFO: [ app_begin ] --START--
INFO: Run Behavior\ReadHtmlCache [ RunTime:0.000357s ]
INFO: Run Behavior\CronRun [ RunTime:0.000200s ]
INFO: [ app_begin ] --END-- [ RunTime:0.000862s ]
NOTIC: [8192] mysql_connect(): The mysql extension is deprecated and will be removed in the future: use mysqli or PDO instead /home/wwwroot/oho.oxygenhoop.com/ThinkPHP/Library/Think/Db/Driver/Mysql.class.php 第 52 行.
SQL: SHOW COLUMNS FROM `beidou_active` [ RunTime:0.000527s ]
SQL: SELECT * FROM `beidou_active` WHERE ( `ordernum` = 'wxc767748b8c5bfa4b1492412370' ) LIMIT 1   [ RunTime:0.000101s ]
INFO: [ app_end ] --START--
INFO: Run Behavior\ShowPageTrace [ RunTime:0.000390s ]
INFO: [ app_end ] --END-- [ RunTime:0.000430s ]

[ 2017-04-20T10:14:32+08:00 ] 113.208.137.198 /
INFO: [ app_begin ] --START--
INFO: Run Behavior\ReadHtmlCache [ RunTime:0.000368s ]
INFO: Run Behavior\CronRun [ RunTime:0.000192s ]
INFO: [ app_begin ] --END-- [ RunTime:0.000851s ]
NOTIC: [8192] mysql_connect(): The mysql extension is deprecated and will be removed in the future: use mysqli or PDO instead /home/wwwroot/oho.oxygenhoop.com/ThinkPHP/Library/Think/Db/Driver/Mysql.class.php 第 52 行.
SQL: SHOW COLUMNS FROM `beidou_active` [ RunTime:0.000492s ]
SQL: SELECT * FROM `beidou_active` WHERE ( `ordernum` = 'wxc767748b8c5bfa4b1492412370' ) LIMIT 1   [ RunTime:0.000075s ]
INFO: [ app_end ] --START--
INFO: Run Behavior\ShowPageTrace [ RunTime:0.000387s ]
INFO: [ app_end ] --END-- [ RunTime:0.000434s ]

[ 2017-04-20T10:14:35+08:00 ] 113.208.137.198 /
INFO: [ app_begin ] --START--
INFO: Run Behavior\ReadHtmlCache [ RunTime:0.000356s ]
INFO: Run Behavior\CronRun [ RunTime:0.000192s ]
INFO: [ app_begin ] --END-- [ RunTime:0.000856s ]
NOTIC: [8192] mysql_connect(): The mysql extension is deprecated and will be removed in the future: use mysqli or PDO instead /home/wwwroot/oho.oxygenhoop.com/ThinkPHP/Library/Think/Db/Driver/Mysql.class.php 第 52 行.
SQL: SHOW COLUMNS FROM `beidou_active` [ RunTime:0.000503s ]
SQL: SELECT * FROM `beidou_active` WHERE ( `ordernum` = 'wxc767748b8c5bfa4b1492412370' ) LIMIT 1   [ RunTime:0.000079s ]
INFO: [ app_end ] --START--
INFO: Run Behavior\ShowPageTrace [ RunTime:0.000388s ]
INFO: [ app_end ] --END-- [ RunTime:0.000426s ]

[ 2017-04-20T10:14:55+08:00 ] 113.208.137.198 /
INFO: [ app_begin ] --START--
INFO: Run Behavior\ReadHtmlCache [ RunTime:0.000373s ]
INFO: Run Behavior\CronRun [ RunTime:0.000220s ]
INFO: [ app_begin ] --END-- [ RunTime:0.000892s ]
NOTIC: [8192] mysql_connect(): The mysql extension is deprecated and will be removed in the future: use mysqli or PDO instead /home/wwwroot/oho.oxygenhoop.com/ThinkPHP/Library/Think/Db/Driver/Mysql.class.php 第 52 行.
SQL: SHOW COLUMNS FROM `beidou_active` [ RunTime:0.000501s ]
SQL: SELECT * FROM `beidou_active` WHERE ( `ordernum` = 'wxc767748b8c5bfa4b1492412370' ) LIMIT 1   [ RunTime:0.000085s ]
INFO: [ app_end ] --START--
INFO: Run Behavior\ShowPageTrace [ RunTime:0.000403s ]
INFO: [ app_end ] --END-- [ RunTime:0.000445s ]

[ 2017-04-20T10:15:40+08:00 ] 113.208.137.198 /
INFO: [ app_begin ] --START--
INFO: Run Behavior\ReadHtmlCache [ RunTime:0.000363s ]
INFO: Run Behavior\CronRun [ RunTime:0.000193s ]
INFO: [ app_begin ] --END-- [ RunTime:0.000847s ]
NOTIC: [8192] mysql_connect(): The mysql extension is deprecated and will be removed in the future: use mysqli or PDO instead /home/wwwroot/oho.oxygenhoop.com/ThinkPHP/Library/Think/Db/Driver/Mysql.class.php 第 52 行.
SQL: SHOW COLUMNS FROM `beidou_active` [ RunTime:0.000479s ]
SQL: SELECT * FROM `beidou_active` WHERE ( `ordernum` = 'wxc767748b8c5bfa4b1492412370' ) LIMIT 1   [ RunTime:0.000077s ]
INFO: [ app_end ] --START--
INFO: Run Behavior\ShowPageTrace [ RunTime:0.000387s ]
INFO: [ app_end ] --END-- [ RunTime:0.000424s ]

[ 2017-04-20T10:15:40+08:00 ] 113.208.137.198 /
INFO: [ app_begin ] --START--
INFO: Run Behavior\ReadHtmlCache [ RunTime:0.000354s ]
INFO: Run Behavior\CronRun [ RunTime:0.000206s ]
INFO: [ app_begin ] --END-- [ RunTime:0.000846s ]
NOTIC: [8192] mysql_connect(): The mysql extension is deprecated and will be removed in the future: use mysqli or PDO instead /home/wwwroot/oho.oxygenhoop.com/ThinkPHP/Library/Think/Db/Driver/Mysql.class.php 第 52 行.
SQL: SHOW COLUMNS FROM `beidou_active` [ RunTime:0.000506s ]
SQL: SELECT * FROM `beidou_active` WHERE ( `ordernum` = 'wxc767748b8c5bfa4b1492412370' ) LIMIT 1   [ RunTime:0.000076s ]
INFO: [ app_end ] --START--
INFO: Run Behavior\ShowPageTrace [ RunTime:0.000421s ]
INFO: [ app_end ] --END-- [ RunTime:0.000459s ]

[ 2017-04-20T10:18:31+08:00 ] 113.208.137.198 /
INFO: [ app_begin ] --START--
INFO: Run Behavior\ReadHtmlCache [ RunTime:0.000376s ]
INFO: Run Behavior\CronRun [ RunTime:0.000199s ]
INFO: [ app_begin ] --END-- [ RunTime:0.000873s ]
NOTIC: [8192] mysql_connect(): The mysql extension is deprecated and will be removed in the future: use mysqli or PDO instead /home/wwwroot/oho.oxygenhoop.com/ThinkPHP/Library/Think/Db/Driver/Mysql.class.php 第 52 行.
SQL: SHOW COLUMNS FROM `beidou_active` [ RunTime:0.000512s ]
SQL: SELECT * FROM `beidou_active` WHERE ( `ordernum` = 'wxc767748b8c5bfa4b1492412370' ) LIMIT 1   [ RunTime:0.000082s ]
INFO: [ app_end ] --START--
INFO: Run Behavior\ShowPageTrace [ RunTime:0.000392s ]
INFO: [ app_end ] --END-- [ RunTime:0.000432s ]

[ 2017-04-20T15:23:02+08:00 ] 139.162.116.133 /
INFO: [ app_begin ] --START--
INFO: Run Behavior\ReadHtmlCache [ RunTime:0.000356s ]
INFO: Run Behavior\CronRun [ RunTime:0.000208s ]
INFO: [ app_begin ] --END-- [ RunTime:0.000844s ]
NOTIC: [8192] mysql_connect(): The mysql extension is deprecated and will be removed in the future: use mysqli or PDO instead /home/wwwroot/oho.oxygenhoop.com/ThinkPHP/Library/Think/Db/Driver/Mysql.class.php 第 52 行.
SQL: SHOW COLUMNS FROM `beidou_active` [ RunTime:0.000471s ]
SQL: SELECT * FROM `beidou_active` WHERE ( `ordernum` = 'wxc767748b8c5bfa4b1492412370' ) LIMIT 1   [ RunTime:0.000074s ]
INFO: [ app_end ] --START--
INFO: Run Behavior\ShowPageTrace [ RunTime:0.000411s ]
INFO: [ app_end ] --END-- [ RunTime:0.000451s ]

[ 2017-04-20T19:25:46+08:00 ] 119.10.64.37 /
INFO: [ app_begin ] --START--
INFO: Run Behavior\ReadHtmlCache [ RunTime:0.000395s ]
INFO: Run Behavior\CronRun [ RunTime:0.000195s ]
INFO: [ app_begin ] --END-- [ RunTime:0.000880s ]
NOTIC: [8192] mysql_connect(): The mysql extension is deprecated and will be removed in the future: use mysqli or PDO instead /home/wwwroot/oho.oxygenhoop.com/ThinkPHP/Library/Think/Db/Driver/Mysql.class.php 第 52 行.
SQL: SHOW COLUMNS FROM `beidou_active` [ RunTime:0.000482s ]
SQL: SELECT * FROM `beidou_active` WHERE ( `ordernum` = 'wxc767748b8c5bfa4b1492412370' ) LIMIT 1   [ RunTime:0.000077s ]
INFO: [ app_end ] --START--
INFO: Run Behavior\ShowPageTrace [ RunTime:0.000398s ]
INFO: [ app_end ] --END-- [ RunTime:0.000437s ]

[ 2017-04-20T19:35:12+08:00 ] 113.208.137.198 /
INFO: [ app_begin ] --START--
INFO: Run Behavior\ReadHtmlCache [ RunTime:0.000445s ]
INFO: Run Behavior\CronRun [ RunTime:0.000220s ]
INFO: [ app_begin ] --END-- [ RunTime:0.000953s ]
NOTIC: [8192] mysql_connect(): The mysql extension is deprecated and will be removed in the future: use mysqli or PDO instead /home/wwwroot/oho.oxygenhoop.com/ThinkPHP/Library/Think/Db/Driver/Mysql.class.php 第 52 行.
SQL: SHOW COLUMNS FROM `beidou_active` [ RunTime:0.000517s ]
SQL: SELECT * FROM `beidou_active` WHERE ( `ordernum` = 'wxc767748b8c5bfa4b1492412370' ) LIMIT 1   [ RunTime:0.000078s ]
INFO: [ app_end ] --START--
INFO: Run Behavior\ShowPageTrace [ RunTime:0.000395s ]
INFO: [ app_end ] --END-- [ RunTime:0.000434s ]

[ 2017-04-20T19:35:16+08:00 ] 113.208.137.198 /
INFO: [ app_begin ] --START--
INFO: Run Behavior\ReadHtmlCache [ RunTime:0.000376s ]
INFO: Run Behavior\CronRun [ RunTime:0.000193s ]
INFO: [ app_begin ] --END-- [ RunTime:0.000849s ]
NOTIC: [8192] mysql_connect(): The mysql extension is deprecated and will be removed in the future: use mysqli or PDO instead /home/wwwroot/oho.oxygenhoop.com/ThinkPHP/Library/Think/Db/Driver/Mysql.class.php 第 52 行.
SQL: SHOW COLUMNS FROM `beidou_active` [ RunTime:0.000476s ]
SQL: SELECT * FROM `beidou_active` WHERE ( `ordernum` = 'wxc767748b8c5bfa4b1492412370' ) LIMIT 1   [ RunTime:0.000091s ]
INFO: [ app_end ] --START--
INFO: Run Behavior\ShowPageTrace [ RunTime:0.000409s ]
INFO: [ app_end ] --END-- [ RunTime:0.000448s ]

[ 2017-04-20T19:35:20+08:00 ] 113.208.137.198 /
INFO: [ app_begin ] --START--
INFO: Run Behavior\ReadHtmlCache [ RunTime:0.000357s ]
INFO: Run Behavior\CronRun [ RunTime:0.000190s ]
INFO: [ app_begin ] --END-- [ RunTime:0.000855s ]
NOTIC: [8192] mysql_connect(): The mysql extension is deprecated and will be removed in the future: use mysqli or PDO instead /home/wwwroot/oho.oxygenhoop.com/ThinkPHP/Library/Think/Db/Driver/Mysql.class.php 第 52 行.
SQL: SHOW COLUMNS FROM `beidou_active` [ RunTime:0.000501s ]
SQL: SELECT * FROM `beidou_active` WHERE ( `ordernum` = 'wxc767748b8c5bfa4b1492412370' ) LIMIT 1   [ RunTime:0.000074s ]
INFO: [ app_end ] --START--
INFO: Run Behavior\ShowPageTrace [ RunTime:0.000384s ]
INFO: [ app_end ] --END-- [ RunTime:0.000421s ]

[ 2017-04-20T19:35:23+08:00 ] 113.208.137.198 /
INFO: [ app_begin ] --START--
INFO: Run Behavior\ReadHtmlCache [ RunTime:0.000359s ]
INFO: Run Behavior\CronRun [ RunTime:0.000239s ]
INFO: [ app_begin ] --END-- [ RunTime:0.000878s ]
NOTIC: [8192] mysql_connect(): The mysql extension is deprecated and will be removed in the future: use mysqli or PDO instead /home/wwwroot/oho.oxygenhoop.com/ThinkPHP/Library/Think/Db/Driver/Mysql.class.php 第 52 行.
SQL: SHOW COLUMNS FROM `beidou_active` [ RunTime:0.000487s ]
SQL: SELECT * FROM `beidou_active` WHERE ( `ordernum` = 'wxc767748b8c5bfa4b1492412370' ) LIMIT 1   [ RunTime:0.000076s ]
INFO: [ app_end ] --START--
INFO: Run Behavior\ShowPageTrace [ RunTime:0.000411s ]
INFO: [ app_end ] --END-- [ RunTime:0.000448s ]

